<?xml version="1.0" encoding="UTF-8"?>
<!-- Generated by org.testng.reporters.JUnitReportReporter -->
<testsuite skipped="0" hostname="Torenzo" name="com.ghana.app.qa.testcases.ReviewApplicationPageTest" tests="54" failures="2" timestamp="12 Apr 2019 09:01:55 GMT" time="43.818" errors="0">
  <testcase name="validateHomePageTitle" time="0.026" classname="com.ghana.app.qa.testcases.ReviewApplicationPageTest"/>
  <testcase name="verifyApplyVisaClickTest" time="0.337" classname="com.ghana.app.qa.testcases.ReviewApplicationPageTest"/>
  <testcase name="getVisaCategoriesText" time="0.064" classname="com.ghana.app.qa.testcases.ReviewApplicationPageTest"/>
  <testcase name="clickOnVisaTypeTest" time="0.764" classname="com.ghana.app.qa.testcases.ReviewApplicationPageTest"/>
  <testcase name="selectPassPortType" time="6.337" classname="com.ghana.app.qa.testcases.ReviewApplicationPageTest"/>
  <testcase name="selectNationalityTest" time="2.360" classname="com.ghana.app.qa.testcases.ReviewApplicationPageTest"/>
  <testcase name="selectPortOfArrivalTest" time="0.131" classname="com.ghana.app.qa.testcases.ReviewApplicationPageTest"/>
  <testcase name="passPhoneNoTest" time="0.166" classname="com.ghana.app.qa.testcases.ReviewApplicationPageTest"/>
  <testcase name="passEmailIdTest" time="0.253" classname="com.ghana.app.qa.testcases.ReviewApplicationPageTest"/>
  <testcase name="passReEmailIdTest" time="0.307" classname="com.ghana.app.qa.testcases.ReviewApplicationPageTest"/>
  <testcase name="enterCaptchaFieldTest" time="4.145" classname="com.ghana.app.qa.testcases.ReviewApplicationPageTest"/>
  <testcase name="selectDateOfBirthTest" time="0.137" classname="com.ghana.app.qa.testcases.ReviewApplicationPageTest"/>
  <testcase name="clickOnSaveAndContinueBtnTest" time="3.628" classname="com.ghana.app.qa.testcases.ReviewApplicationPageTest"/>
  <testcase name="getApplicationPageTitleTest" time="2.007" classname="com.ghana.app.qa.testcases.ReviewApplicationPageTest"/>
  <testcase name="getApplicationIdTest" time="0.032" classname="com.ghana.app.qa.testcases.ReviewApplicationPageTest"/>
  <testcase name="selectVisaFeesTest" time="0.193" classname="com.ghana.app.qa.testcases.ReviewApplicationPageTest"/>
  <testcase name="selectVisaLocationTest" time="0.176" classname="com.ghana.app.qa.testcases.ReviewApplicationPageTest"/>
  <testcase name="passFirstNameTest" time="0.111" classname="com.ghana.app.qa.testcases.ReviewApplicationPageTest"/>
  <testcase name="passLastNameTest" time="0.112" classname="com.ghana.app.qa.testcases.ReviewApplicationPageTest"/>
  <testcase name="passPassportNumberTest" time="0.178" classname="com.ghana.app.qa.testcases.ReviewApplicationPageTest"/>
  <testcase name="clickOnGenderTest" time="2.128" classname="com.ghana.app.qa.testcases.ReviewApplicationPageTest"/>
  <testcase name="selectPassIssueDateTest" time="0.147" classname="com.ghana.app.qa.testcases.ReviewApplicationPageTest"/>
  <testcase name="selectPassExpiryDateTest" time="0.133" classname="com.ghana.app.qa.testcases.ReviewApplicationPageTest"/>
  <testcase name="passPlaceOfBirthTest" time="0.109" classname="com.ghana.app.qa.testcases.ReviewApplicationPageTest"/>
  <testcase name="clickOnSaveAndContinueTest" time="4.200" classname="com.ghana.app.qa.testcases.ReviewApplicationPageTest"/>
  <testcase name="selectFormerNationalityTest" time="2.196" classname="com.ghana.app.qa.testcases.ReviewApplicationPageTest"/>
  <testcase name="filladdressInfoTest" time="1.514" classname="com.ghana.app.qa.testcases.ReviewApplicationPageTest"/>
  <testcase name="clickSaveAndContinuebtnTest" time="0.207" classname="com.ghana.app.qa.testcases.ReviewApplicationPageTest"/>
  <testcase name="emergencyContactDetailsTest" time="0.325" classname="com.ghana.app.qa.testcases.ReviewApplicationPageTest"/>
  <testcase name="selectRelationTest" time="0.129" classname="com.ghana.app.qa.testcases.ReviewApplicationPageTest"/>
  <testcase name="emergencyProfessionDetailsTest" time="1.008" classname="com.ghana.app.qa.testcases.ReviewApplicationPageTest"/>
  <testcase name="clickOnCintinueBtnTest" time="4.398" classname="com.ghana.app.qa.testcases.ReviewApplicationPageTest"/>
  <testcase name="clickOnIsApplicantPossessionRoundTicketTest" time="0.148" classname="com.ghana.app.qa.testcases.ReviewApplicationPageTest"/>
  <testcase name="passDateOfDepartureTest" time="0.257" classname="com.ghana.app.qa.testcases.ReviewApplicationPageTest"/>
  <testcase name="passTicketNumberTest" time="0.150" classname="com.ghana.app.qa.testcases.ReviewApplicationPageTest"/>
  <testcase name="clickOnTravelByTest" time="0.128" classname="com.ghana.app.qa.testcases.ReviewApplicationPageTest"/>
  <testcase name="clickPurpose_of_journeyTest" time="0.110" classname="com.ghana.app.qa.testcases.ReviewApplicationPageTest"/>
  <testcase name="passPrimaryRefFirstnameTest" time="0.081" classname="com.ghana.app.qa.testcases.ReviewApplicationPageTest"/>
  <testcase name="passPrimaryRefLastnameTest" time="0.122" classname="com.ghana.app.qa.testcases.ReviewApplicationPageTest"/>
  <testcase name="pass_Primary_ref_addressTest" time="0.237" classname="com.ghana.app.qa.testcases.ReviewApplicationPageTest"/>
  <testcase name="pass_primary_ref_pincodeTest" time="0.106" classname="com.ghana.app.qa.testcases.ReviewApplicationPageTest"/>
  <testcase name="pass_primary_ref_cityTest" time="0.173" classname="com.ghana.app.qa.testcases.ReviewApplicationPageTest"/>
  <testcase name="pass_primary_ref_stateTest" time="0.183" classname="com.ghana.app.qa.testcases.ReviewApplicationPageTest"/>
  <testcase name="pass_primary_ref_countryTest" time="0.111" classname="com.ghana.app.qa.testcases.ReviewApplicationPageTest"/>
  <testcase name="pass_primary_ref_phone_numberTest" time="0.150" classname="com.ghana.app.qa.testcases.ReviewApplicationPageTest"/>
  <testcase name="PassSecondaryRefDetailsTest" time="1.300" classname="com.ghana.app.qa.testcases.ReviewApplicationPageTest"/>
  <testcase name="clickOnContinuebuttonTest" time="0.470" classname="com.ghana.app.qa.testcases.ReviewApplicationPageTest"/>
  <testcase name="getUploadDocTest" time="0.269" classname="com.ghana.app.qa.testcases.ReviewApplicationPageTest"/>
  <testcase name="clickOnContinuebuttonTest1" time="0.172" classname="com.ghana.app.qa.testcases.ReviewApplicationPageTest"/>
  <testcase name="getTextPersonalInfoTest" time="0.236" classname="com.ghana.app.qa.testcases.ReviewApplicationPageTest"/>
  <testcase name="getTextAddressInfoTest" time="0.285" classname="com.ghana.app.qa.testcases.ReviewApplicationPageTest"/>
  <testcase name="getTextEmergencyContactTest" time="0.390" classname="com.ghana.app.qa.testcases.ReviewApplicationPageTest">
    <failure type="java.lang.AssertionError" message="The following asserts failed:
	Provided and Get emerCountry are not matched expected [India] but found [NaN]">
      <![CDATA[java.lang.AssertionError: The following asserts failed:
Provided and Get emerCountry are not matched expected [India] but found [NaN]
at org.testng.asserts.SoftAssert.assertAll(SoftAssert.java:43)
at com.ghana.app.qa.testcases.ReviewApplicationPageTest.getTextEmergencyContactTest(ReviewApplicationPageTest.java:128)
at sun.reflect.NativeMethodAccessorImpl.invoke0(Native Method)
at sun.reflect.NativeMethodAccessorImpl.invoke(Unknown Source)
at sun.reflect.DelegatingMethodAccessorImpl.invoke(Unknown Source)
at java.lang.reflect.Method.invoke(Unknown Source)
at org.testng.internal.MethodInvocationHelper.invokeMethod(MethodInvocationHelper.java:124)
at org.testng.internal.Invoker.invokeMethod(Invoker.java:580)
at org.testng.internal.Invoker.invokeTestMethod(Invoker.java:716)
at org.testng.internal.Invoker.invokeTestMethods(Invoker.java:988)
at org.testng.internal.TestMethodWorker.invokeTestMethods(TestMethodWorker.java:125)
at org.testng.internal.TestMethodWorker.run(TestMethodWorker.java:109)
at org.testng.TestRunner.privateRun(TestRunner.java:648)
at org.testng.TestRunner.run(TestRunner.java:505)
at org.testng.SuiteRunner.runTest(SuiteRunner.java:455)
at org.testng.SuiteRunner.runSequentially(SuiteRunner.java:450)
at org.testng.SuiteRunner.privateRun(SuiteRunner.java:415)
at org.testng.SuiteRunner.run(SuiteRunner.java:364)
at org.testng.SuiteRunnerWorker.runSuite(SuiteRunnerWorker.java:52)
at org.testng.SuiteRunnerWorker.run(SuiteRunnerWorker.java:84)
at org.testng.TestNG.runSuitesSequentially(TestNG.java:1208)
at org.testng.TestNG.runSuitesLocally(TestNG.java:1137)
at org.testng.TestNG.runSuites(TestNG.java:1049)
at org.testng.TestNG.run(TestNG.java:1017)
at org.testng.remote.AbstractRemoteTestNG.run(AbstractRemoteTestNG.java:114)
at org.testng.remote.RemoteTestNG.initAndRun(RemoteTestNG.java:251)
at org.testng.remote.RemoteTestNG.main(RemoteTestNG.java:77)
]]>
    </failure>
  </testcase> <!-- getTextEmergencyContactTest -->
  <testcase name="getTextTravelInfoTest" time="0.676" classname="com.ghana.app.qa.testcases.ReviewApplicationPageTest">
    <failure type="java.lang.AssertionError" message="The following asserts failed:
	Provided and Get emerCountry are not matched expected [India] but found [NaN]">
      <![CDATA[java.lang.AssertionError: The following asserts failed:
Provided and Get emerCountry are not matched expected [India] but found [NaN]
at org.testng.asserts.SoftAssert.assertAll(SoftAssert.java:43)
at com.ghana.app.qa.testcases.ReviewApplicationPageTest.getTextTravelInfoTest(ReviewApplicationPageTest.java:172)
at sun.reflect.NativeMethodAccessorImpl.invoke0(Native Method)
at sun.reflect.NativeMethodAccessorImpl.invoke(Unknown Source)
at sun.reflect.DelegatingMethodAccessorImpl.invoke(Unknown Source)
at java.lang.reflect.Method.invoke(Unknown Source)
at org.testng.internal.MethodInvocationHelper.invokeMethod(MethodInvocationHelper.java:124)
at org.testng.internal.Invoker.invokeMethod(Invoker.java:580)
at org.testng.internal.Invoker.invokeTestMethod(Invoker.java:716)
at org.testng.internal.Invoker.invokeTestMethods(Invoker.java:988)
at org.testng.internal.TestMethodWorker.invokeTestMethods(TestMethodWorker.java:125)
at org.testng.internal.TestMethodWorker.run(TestMethodWorker.java:109)
at org.testng.TestRunner.privateRun(TestRunner.java:648)
at org.testng.TestRunner.run(TestRunner.java:505)
at org.testng.SuiteRunner.runTest(SuiteRunner.java:455)
at org.testng.SuiteRunner.runSequentially(SuiteRunner.java:450)
at org.testng.SuiteRunner.privateRun(SuiteRunner.java:415)
at org.testng.SuiteRunner.run(SuiteRunner.java:364)
at org.testng.SuiteRunnerWorker.runSuite(SuiteRunnerWorker.java:52)
at org.testng.SuiteRunnerWorker.run(SuiteRunnerWorker.java:84)
at org.testng.TestNG.runSuitesSequentially(TestNG.java:1208)
at org.testng.TestNG.runSuitesLocally(TestNG.java:1137)
at org.testng.TestNG.runSuites(TestNG.java:1049)
at org.testng.TestNG.run(TestNG.java:1017)
at org.testng.remote.AbstractRemoteTestNG.run(AbstractRemoteTestNG.java:114)
at org.testng.remote.RemoteTestNG.initAndRun(RemoteTestNG.java:251)
at org.testng.remote.RemoteTestNG.main(RemoteTestNG.java:77)
]]>
    </failure>
  </testcase> <!-- getTextTravelInfoTest -->
  <testcase name="clickOnContinueBtnTest" time="0.106" classname="com.ghana.app.qa.testcases.ReviewApplicationPageTest"/>
</testsuite> <!-- com.ghana.app.qa.testcases.ReviewApplicationPageTest -->
