<?xml version="1.0" encoding="UTF-8"?>
<!-- Generated by org.testng.reporters.JUnitReportReporter -->
<testsuite skipped="0" hostname="RahulKaelsMini2" name="com.ghana.app.qa.testcases.ReviewApplicationPageTest" tests="54" failures="3" timestamp="21 Mar 2019 07:07:34 GMT" time="39.984" errors="0">
  <testcase name="validateHomePageTitle" time="0.020" classname="com.ghana.app.qa.testcases.ReviewApplicationPageTest"/>
  <testcase name="verifyApplyVisaClickTest" time="0.291" classname="com.ghana.app.qa.testcases.ReviewApplicationPageTest"/>
  <testcase name="getVisaCategoriesText" time="0.044" classname="com.ghana.app.qa.testcases.ReviewApplicationPageTest"/>
  <testcase name="clickOnVisaTypeTest" time="0.709" classname="com.ghana.app.qa.testcases.ReviewApplicationPageTest"/>
  <testcase name="selectPassPortType" time="5.704" classname="com.ghana.app.qa.testcases.ReviewApplicationPageTest"/>
  <testcase name="selectNationalityTest" time="2.363" classname="com.ghana.app.qa.testcases.ReviewApplicationPageTest"/>
  <testcase name="selectPortOfArrivalTest" time="0.105" classname="com.ghana.app.qa.testcases.ReviewApplicationPageTest"/>
  <testcase name="passPhoneNoTest" time="0.149" classname="com.ghana.app.qa.testcases.ReviewApplicationPageTest"/>
  <testcase name="passEmailIdTest" time="0.307" classname="com.ghana.app.qa.testcases.ReviewApplicationPageTest"/>
  <testcase name="passReEmailIdTest" time="0.258" classname="com.ghana.app.qa.testcases.ReviewApplicationPageTest"/>
  <testcase name="enterCaptchaFieldTest" time="0.130" classname="com.ghana.app.qa.testcases.ReviewApplicationPageTest"/>
  <testcase name="selectDateOfBirthTest" time="2.669" classname="com.ghana.app.qa.testcases.ReviewApplicationPageTest"/>
  <testcase name="clickOnSaveAndContinueBtnTest" time="2.037" classname="com.ghana.app.qa.testcases.ReviewApplicationPageTest"/>
  <testcase name="getApplicationPageTitleTest" time="2.008" classname="com.ghana.app.qa.testcases.ReviewApplicationPageTest"/>
  <testcase name="getApplicationIdTest" time="0.033" classname="com.ghana.app.qa.testcases.ReviewApplicationPageTest"/>
  <testcase name="selectVisaFeesTest" time="0.132" classname="com.ghana.app.qa.testcases.ReviewApplicationPageTest"/>
  <testcase name="selectVisaLocationTest" time="0.140" classname="com.ghana.app.qa.testcases.ReviewApplicationPageTest"/>
  <testcase name="passFirstNameTest" time="0.126" classname="com.ghana.app.qa.testcases.ReviewApplicationPageTest"/>
  <testcase name="passLastNameTest" time="0.135" classname="com.ghana.app.qa.testcases.ReviewApplicationPageTest"/>
  <testcase name="passPassportNumberTest" time="0.158" classname="com.ghana.app.qa.testcases.ReviewApplicationPageTest"/>
  <testcase name="clickOnGenderTest" time="2.186" classname="com.ghana.app.qa.testcases.ReviewApplicationPageTest"/>
  <testcase name="selectPassIssueDateTest" time="0.255" classname="com.ghana.app.qa.testcases.ReviewApplicationPageTest"/>
  <testcase name="selectPassExpiryDateTest" time="0.263" classname="com.ghana.app.qa.testcases.ReviewApplicationPageTest"/>
  <testcase name="passPlaceOfBirthTest" time="0.143" classname="com.ghana.app.qa.testcases.ReviewApplicationPageTest"/>
  <testcase name="clickOnSaveAndContinueTest" time="4.196" classname="com.ghana.app.qa.testcases.ReviewApplicationPageTest"/>
  <testcase name="selectFormerNationalityTest" time="2.164" classname="com.ghana.app.qa.testcases.ReviewApplicationPageTest"/>
  <testcase name="filladdressInfoTest" time="1.487" classname="com.ghana.app.qa.testcases.ReviewApplicationPageTest"/>
  <testcase name="clickSaveAndContinuebtnTest" time="0.186" classname="com.ghana.app.qa.testcases.ReviewApplicationPageTest"/>
  <testcase name="emergencyContactDetailsTest" time="0.363" classname="com.ghana.app.qa.testcases.ReviewApplicationPageTest"/>
  <testcase name="selectRelationTest" time="0.164" classname="com.ghana.app.qa.testcases.ReviewApplicationPageTest"/>
  <testcase name="emergencyProfessionDetailsTest" time="1.144" classname="com.ghana.app.qa.testcases.ReviewApplicationPageTest"/>
  <testcase name="clickOnCintinueBtnTest" time="4.372" classname="com.ghana.app.qa.testcases.ReviewApplicationPageTest"/>
  <testcase name="clickOnIsApplicantPossessionRoundTicketTest" time="0.111" classname="com.ghana.app.qa.testcases.ReviewApplicationPageTest"/>
  <testcase name="passDateOfDepartureTest" time="0.365" classname="com.ghana.app.qa.testcases.ReviewApplicationPageTest"/>
  <testcase name="passTicketNumberTest" time="0.210" classname="com.ghana.app.qa.testcases.ReviewApplicationPageTest"/>
  <testcase name="clickOnTravelByTest" time="0.154" classname="com.ghana.app.qa.testcases.ReviewApplicationPageTest"/>
  <testcase name="clickPurpose_of_journeyTest" time="0.132" classname="com.ghana.app.qa.testcases.ReviewApplicationPageTest"/>
  <testcase name="passPrimaryRefFirstnameTest" time="0.100" classname="com.ghana.app.qa.testcases.ReviewApplicationPageTest"/>
  <testcase name="passPrimaryRefLastnameTest" time="0.152" classname="com.ghana.app.qa.testcases.ReviewApplicationPageTest"/>
  <testcase name="pass_Primary_ref_addressTest" time="0.306" classname="com.ghana.app.qa.testcases.ReviewApplicationPageTest"/>
  <testcase name="pass_primary_ref_pincodeTest" time="0.109" classname="com.ghana.app.qa.testcases.ReviewApplicationPageTest"/>
  <testcase name="pass_primary_ref_cityTest" time="0.230" classname="com.ghana.app.qa.testcases.ReviewApplicationPageTest"/>
  <testcase name="pass_primary_ref_stateTest" time="0.192" classname="com.ghana.app.qa.testcases.ReviewApplicationPageTest"/>
  <testcase name="pass_primary_ref_countryTest" time="0.123" classname="com.ghana.app.qa.testcases.ReviewApplicationPageTest"/>
  <testcase name="pass_primary_ref_phone_numberTest" time="0.152" classname="com.ghana.app.qa.testcases.ReviewApplicationPageTest"/>
  <testcase name="PassSecondaryRefDetailsTest" time="1.247" classname="com.ghana.app.qa.testcases.ReviewApplicationPageTest"/>
  <testcase name="clickOnContinuebuttonTest" time="0.484" classname="com.ghana.app.qa.testcases.ReviewApplicationPageTest"/>
  <testcase name="getUploadDocTest" time="0.338" classname="com.ghana.app.qa.testcases.ReviewApplicationPageTest"/>
  <testcase name="clickOnContinuebuttonTest1" time="0.125" classname="com.ghana.app.qa.testcases.ReviewApplicationPageTest"/>
  <testcase name="getTextPersonalInfoTest" time="0.188" classname="com.ghana.app.qa.testcases.ReviewApplicationPageTest"/>
  <testcase name="getTextAddressInfoTest" time="0.250" classname="com.ghana.app.qa.testcases.ReviewApplicationPageTest">
    <failure type="java.lang.AssertionError" message="The following asserts failed:
	Provided and Get nationality are not matched expected [	India] but found [India]">
      <![CDATA[java.lang.AssertionError: The following asserts failed:
Provided and Get nationality are not matched expected [India] but found [India]
at org.testng.asserts.SoftAssert.assertAll(SoftAssert.java:43)
at com.ghana.app.qa.testcases.ReviewApplicationPageTest.getTextAddressInfoTest(ReviewApplicationPageTest.java:64)
at sun.reflect.NativeMethodAccessorImpl.invoke0(Native Method)
at sun.reflect.NativeMethodAccessorImpl.invoke(NativeMethodAccessorImpl.java:62)
at sun.reflect.DelegatingMethodAccessorImpl.invoke(DelegatingMethodAccessorImpl.java:43)
at java.lang.reflect.Method.invoke(Method.java:498)
at org.testng.internal.MethodInvocationHelper.invokeMethod(MethodInvocationHelper.java:124)
at org.testng.internal.Invoker.invokeMethod(Invoker.java:583)
at org.testng.internal.Invoker.invokeTestMethod(Invoker.java:719)
at org.testng.internal.Invoker.invokeTestMethods(Invoker.java:989)
at org.testng.internal.TestMethodWorker.invokeTestMethods(TestMethodWorker.java:125)
at org.testng.internal.TestMethodWorker.run(TestMethodWorker.java:109)
at org.testng.TestRunner.privateRun(TestRunner.java:648)
at org.testng.TestRunner.run(TestRunner.java:505)
at org.testng.SuiteRunner.runTest(SuiteRunner.java:455)
at org.testng.SuiteRunner.runSequentially(SuiteRunner.java:450)
at org.testng.SuiteRunner.privateRun(SuiteRunner.java:415)
at org.testng.SuiteRunner.run(SuiteRunner.java:364)
at org.testng.SuiteRunnerWorker.runSuite(SuiteRunnerWorker.java:52)
at org.testng.SuiteRunnerWorker.run(SuiteRunnerWorker.java:84)
at org.testng.TestNG.runSuitesSequentially(TestNG.java:1208)
at org.testng.TestNG.runSuitesLocally(TestNG.java:1137)
at org.testng.TestNG.runSuites(TestNG.java:1049)
at org.testng.TestNG.run(TestNG.java:1017)
at org.testng.remote.AbstractRemoteTestNG.run(AbstractRemoteTestNG.java:114)
at org.testng.remote.RemoteTestNG.initAndRun(RemoteTestNG.java:251)
at org.testng.remote.RemoteTestNG.main(RemoteTestNG.java:77)
]]>
    </failure>
  </testcase> <!-- getTextAddressInfoTest -->
  <testcase name="getTextEmergencyContactTest" time="0.032" classname="com.ghana.app.qa.testcases.ReviewApplicationPageTest">
    <failure type="java.lang.AssertionError" message="The following asserts failed:
	Provided and Get nationality are not matched expected [	India] but found [India]">
      <![CDATA[java.lang.AssertionError: The following asserts failed:
Provided and Get nationality are not matched expected [India] but found [India]
at org.testng.asserts.SoftAssert.assertAll(SoftAssert.java:43)
at com.ghana.app.qa.testcases.ReviewApplicationPageTest.getTextEmergencyContactTest(ReviewApplicationPageTest.java:73)
at sun.reflect.NativeMethodAccessorImpl.invoke0(Native Method)
at sun.reflect.NativeMethodAccessorImpl.invoke(NativeMethodAccessorImpl.java:62)
at sun.reflect.DelegatingMethodAccessorImpl.invoke(DelegatingMethodAccessorImpl.java:43)
at java.lang.reflect.Method.invoke(Method.java:498)
at org.testng.internal.MethodInvocationHelper.invokeMethod(MethodInvocationHelper.java:124)
at org.testng.internal.Invoker.invokeMethod(Invoker.java:583)
at org.testng.internal.Invoker.invokeTestMethod(Invoker.java:719)
at org.testng.internal.Invoker.invokeTestMethods(Invoker.java:989)
at org.testng.internal.TestMethodWorker.invokeTestMethods(TestMethodWorker.java:125)
at org.testng.internal.TestMethodWorker.run(TestMethodWorker.java:109)
at org.testng.TestRunner.privateRun(TestRunner.java:648)
at org.testng.TestRunner.run(TestRunner.java:505)
at org.testng.SuiteRunner.runTest(SuiteRunner.java:455)
at org.testng.SuiteRunner.runSequentially(SuiteRunner.java:450)
at org.testng.SuiteRunner.privateRun(SuiteRunner.java:415)
at org.testng.SuiteRunner.run(SuiteRunner.java:364)
at org.testng.SuiteRunnerWorker.runSuite(SuiteRunnerWorker.java:52)
at org.testng.SuiteRunnerWorker.run(SuiteRunnerWorker.java:84)
at org.testng.TestNG.runSuitesSequentially(TestNG.java:1208)
at org.testng.TestNG.runSuitesLocally(TestNG.java:1137)
at org.testng.TestNG.runSuites(TestNG.java:1049)
at org.testng.TestNG.run(TestNG.java:1017)
at org.testng.remote.AbstractRemoteTestNG.run(AbstractRemoteTestNG.java:114)
at org.testng.remote.RemoteTestNG.initAndRun(RemoteTestNG.java:251)
at org.testng.remote.RemoteTestNG.main(RemoteTestNG.java:77)
]]>
    </failure>
  </testcase> <!-- getTextEmergencyContactTest -->
  <testcase name="getTextTravelInfoTest" time="0.465" classname="com.ghana.app.qa.testcases.ReviewApplicationPageTest">
    <failure type="java.lang.AssertionError" message="The following asserts failed:
	Provided and Get nationality are not matched expected [	India] but found [India]">
      <![CDATA[java.lang.AssertionError: The following asserts failed:
Provided and Get nationality are not matched expected [India] but found [India]
at org.testng.asserts.SoftAssert.assertAll(SoftAssert.java:43)
at com.ghana.app.qa.testcases.ReviewApplicationPageTest.getTextTravelInfoTest(ReviewApplicationPageTest.java:167)
at sun.reflect.NativeMethodAccessorImpl.invoke0(Native Method)
at sun.reflect.NativeMethodAccessorImpl.invoke(NativeMethodAccessorImpl.java:62)
at sun.reflect.DelegatingMethodAccessorImpl.invoke(DelegatingMethodAccessorImpl.java:43)
at java.lang.reflect.Method.invoke(Method.java:498)
at org.testng.internal.MethodInvocationHelper.invokeMethod(MethodInvocationHelper.java:124)
at org.testng.internal.Invoker.invokeMethod(Invoker.java:583)
at org.testng.internal.Invoker.invokeTestMethod(Invoker.java:719)
at org.testng.internal.Invoker.invokeTestMethods(Invoker.java:989)
at org.testng.internal.TestMethodWorker.invokeTestMethods(TestMethodWorker.java:125)
at org.testng.internal.TestMethodWorker.run(TestMethodWorker.java:109)
at org.testng.TestRunner.privateRun(TestRunner.java:648)
at org.testng.TestRunner.run(TestRunner.java:505)
at org.testng.SuiteRunner.runTest(SuiteRunner.java:455)
at org.testng.SuiteRunner.runSequentially(SuiteRunner.java:450)
at org.testng.SuiteRunner.privateRun(SuiteRunner.java:415)
at org.testng.SuiteRunner.run(SuiteRunner.java:364)
at org.testng.SuiteRunnerWorker.runSuite(SuiteRunnerWorker.java:52)
at org.testng.SuiteRunnerWorker.run(SuiteRunnerWorker.java:84)
at org.testng.TestNG.runSuitesSequentially(TestNG.java:1208)
at org.testng.TestNG.runSuitesLocally(TestNG.java:1137)
at org.testng.TestNG.runSuites(TestNG.java:1049)
at org.testng.TestNG.run(TestNG.java:1017)
at org.testng.remote.AbstractRemoteTestNG.run(AbstractRemoteTestNG.java:114)
at org.testng.remote.RemoteTestNG.initAndRun(RemoteTestNG.java:251)
at org.testng.remote.RemoteTestNG.main(RemoteTestNG.java:77)
]]>
    </failure>
  </testcase> <!-- getTextTravelInfoTest -->
  <testcase name="clickOnContinueBtnTest" time="0.078" classname="com.ghana.app.qa.testcases.ReviewApplicationPageTest"/>
</testsuite> <!-- com.ghana.app.qa.testcases.ReviewApplicationPageTest -->
