<?xml version="1.0" encoding="UTF-8"?>
<!-- Generated by org.testng.reporters.JUnitReportReporter -->
<testsuite skipped="0" hostname="RahulKaelsMini2" name="com.ghana.app.qa.testcases.SignUpPageTest" tests="1" failures="0" timestamp="25 Feb 2019 07:41:33 GMT" time="3.207" errors="0">
  <testcase name="selectPassPortType" time="3.207" classname="com.ghana.app.qa.testcases.SignUpPageTest"/>
</testsuite> <!-- com.ghana.app.qa.testcases.SignUpPageTest -->
