<?xml version="1.0" encoding="UTF-8"?>
<!-- Generated by org.testng.reporters.JUnitReportReporter -->
<testsuite skipped="0" hostname="namet5" name="com.ghana.app.qa.testcases.CNLoginTest" tests="7" failures="0" timestamp="19 Mar 2019 05:30:07 GMT" time="2.655" errors="0">
  <testcase name="loginfunctionaltyTest1" time="1.233" classname="com.ghana.app.qa.testcases.CNLoginTest"/>
  <testcase name="loginfunctionaltyTest2" time="0.279" classname="com.ghana.app.qa.testcases.CNLoginTest"/>
  <testcase name="loginfunctionaltyTest3" time="0.198" classname="com.ghana.app.qa.testcases.CNLoginTest"/>
  <testcase name="loginfunctionaltyTest4" time="0.189" classname="com.ghana.app.qa.testcases.CNLoginTest"/>
  <testcase name="loginfunctionaltyTest5" time="0.226" classname="com.ghana.app.qa.testcases.CNLoginTest"/>
  <testcase name="loginfunctionaltyTest6" time="0.270" classname="com.ghana.app.qa.testcases.CNLoginTest"/>
  <testcase name="loginfunctionaltyTest7" time="0.260" classname="com.ghana.app.qa.testcases.CNLoginTest"/>
</testsuite> <!-- com.ghana.app.qa.testcases.CNLoginTest -->
