<?xml version="1.0" encoding="UTF-8"?>
<!-- Generated by org.testng.reporters.JUnitReportReporter -->
<<<<<<< HEAD
<testsuite skipped="0" hostname="namet5" name="com.ghana.app.qa.testcases.ReviewApplicationPageTest" tests="48" failures="0" timestamp="07 Mar 2019 05:20:33 GMT" time="27.643" errors="0">
  <testcase name="selectPassPortType" time="5.663" classname="com.ghana.app.qa.testcases.ReviewApplicationPageTest"/>
  <testcase name="selectNationalityTest" time="4.284" classname="com.ghana.app.qa.testcases.ReviewApplicationPageTest"/>
  <testcase name="selectPortOfArrivalTest" time="0.149" classname="com.ghana.app.qa.testcases.ReviewApplicationPageTest"/>
  <testcase name="passPhoneNoTest" time="0.151" classname="com.ghana.app.qa.testcases.ReviewApplicationPageTest"/>
  <testcase name="passEmailIdTest" time="0.321" classname="com.ghana.app.qa.testcases.ReviewApplicationPageTest"/>
  <testcase name="selectDateOfBirthTest" time="0.319" classname="com.ghana.app.qa.testcases.ReviewApplicationPageTest"/>
  <testcase name="passReEmailIdTest" time="0.276" classname="com.ghana.app.qa.testcases.ReviewApplicationPageTest"/>
  <testcase name="enterCaptchaFieldTest" time="0.907" classname="com.ghana.app.qa.testcases.ReviewApplicationPageTest"/>
  <testcase name="getApplicationPageTitleTest" time="2.044" classname="com.ghana.app.qa.testcases.ReviewApplicationPageTest"/>
  <testcase name="getApplicationIdTest" time="0.037" classname="com.ghana.app.qa.testcases.ReviewApplicationPageTest"/>
  <testcase name="selectVisaFeesTest" time="2.177" classname="com.ghana.app.qa.testcases.ReviewApplicationPageTest"/>
  <testcase name="selectVisaLocationTest" time="0.143" classname="com.ghana.app.qa.testcases.ReviewApplicationPageTest"/>
  <testcase name="passFirstNameTest" time="0.105" classname="com.ghana.app.qa.testcases.ReviewApplicationPageTest"/>
  <testcase name="passLastNameTest" time="0.128" classname="com.ghana.app.qa.testcases.ReviewApplicationPageTest"/>
  <testcase name="passPassportNumberTest" time="0.174" classname="com.ghana.app.qa.testcases.ReviewApplicationPageTest"/>
  <testcase name="clickOnGenderTest" time="0.079" classname="com.ghana.app.qa.testcases.ReviewApplicationPageTest"/>
  <testcase name="selectPassIssueDateTest" time="0.268" classname="com.ghana.app.qa.testcases.ReviewApplicationPageTest"/>
  <testcase name="selectPassExpiryDateTest" time="0.270" classname="com.ghana.app.qa.testcases.ReviewApplicationPageTest"/>
  <testcase name="passPlaceOfBirthTest" time="0.153" classname="com.ghana.app.qa.testcases.ReviewApplicationPageTest"/>
  <testcase name="clickOnSaveAndContinueTest" time="0.141" classname="com.ghana.app.qa.testcases.ReviewApplicationPageTest"/>
  <testcase name="selectFormerNationalityTest" time="0.199" classname="com.ghana.app.qa.testcases.ReviewApplicationPageTest"/>
  <testcase name="filladdressInfoTest" time="1.512" classname="com.ghana.app.qa.testcases.ReviewApplicationPageTest"/>
  <testcase name="clickSaveAndContinuebtnTest" time="0.280" classname="com.ghana.app.qa.testcases.ReviewApplicationPageTest"/>
  <testcase name="emergencyContactDetailsTest" time="0.366" classname="com.ghana.app.qa.testcases.ReviewApplicationPageTest"/>
  <testcase name="selectRelationTest" time="0.245" classname="com.ghana.app.qa.testcases.ReviewApplicationPageTest"/>
  <testcase name="emergencyProfessionDetailsTest" time="1.483" classname="com.ghana.app.qa.testcases.ReviewApplicationPageTest"/>
  <testcase name="clickOnIsApplicantPossessionRoundTicketTest" time="0.141" classname="com.ghana.app.qa.testcases.ReviewApplicationPageTest"/>
  <testcase name="passDateOfDepartureTest" time="0.382" classname="com.ghana.app.qa.testcases.ReviewApplicationPageTest"/>
  <testcase name="passTicketNumberTest" time="0.160" classname="com.ghana.app.qa.testcases.ReviewApplicationPageTest"/>
  <testcase name="clickOnTravelByTest" time="0.195" classname="com.ghana.app.qa.testcases.ReviewApplicationPageTest"/>
  <testcase name="clickPurpose_of_journeyTest" time="0.145" classname="com.ghana.app.qa.testcases.ReviewApplicationPageTest"/>
  <testcase name="passPrimaryRefFirstnameTest" time="0.132" classname="com.ghana.app.qa.testcases.ReviewApplicationPageTest"/>
  <testcase name="passPrimaryRefLastnameTest" time="0.160" classname="com.ghana.app.qa.testcases.ReviewApplicationPageTest"/>
  <testcase name="pass_Primary_ref_addressTest" time="0.304" classname="com.ghana.app.qa.testcases.ReviewApplicationPageTest"/>
  <testcase name="pass_primary_ref_pincodeTest" time="0.110" classname="com.ghana.app.qa.testcases.ReviewApplicationPageTest"/>
  <testcase name="pass_primary_ref_cityTest" time="0.233" classname="com.ghana.app.qa.testcases.ReviewApplicationPageTest"/>
  <testcase name="pass_primary_ref_stateTest" time="0.204" classname="com.ghana.app.qa.testcases.ReviewApplicationPageTest"/>
  <testcase name="pass_primary_ref_countryTest" time="0.103" classname="com.ghana.app.qa.testcases.ReviewApplicationPageTest"/>
  <testcase name="pass_primary_ref_phone_numberTest" time="0.150" classname="com.ghana.app.qa.testcases.ReviewApplicationPageTest"/>
  <testcase name="PassSecondaryRefDetailsTest" time="1.349" classname="com.ghana.app.qa.testcases.ReviewApplicationPageTest"/>
  <testcase name="clickOnContinuebuttonTest" time="0.248" classname="com.ghana.app.qa.testcases.ReviewApplicationPageTest"/>
  <testcase name="getUploadDocTest" time="0.368" classname="com.ghana.app.qa.testcases.ReviewApplicationPageTest"/>
  <testcase name="clicksaveAndContiBtnTest" time="0.102" classname="com.ghana.app.qa.testcases.ReviewApplicationPageTest"/>
  <testcase name="getTextPersonalInfoTest" time="0.223" classname="com.ghana.app.qa.testcases.ReviewApplicationPageTest"/>
  <testcase name="getTextAddressInfoTest" time="0.225" classname="com.ghana.app.qa.testcases.ReviewApplicationPageTest"/>
  <testcase name="getTextEmergencyContactTest" time="0.280" classname="com.ghana.app.qa.testcases.ReviewApplicationPageTest"/>
  <testcase name="getTextTravelInfoTest" time="0.475" classname="com.ghana.app.qa.testcases.ReviewApplicationPageTest"/>
  <testcase name="clickOnContinueBtnTest" time="0.080" classname="com.ghana.app.qa.testcases.ReviewApplicationPageTest"/>
=======
<testsuite skipped="0" hostname="RahulKaelsMini2" name="com.ghana.app.qa.testcases.ReviewApplicationPageTest" tests="48" failures="1" timestamp="06 Mar 2019 06:04:04 GMT" time="61.241" errors="0">
  <testcase name="selectPassPortType" time="6.635" classname="com.ghana.app.qa.testcases.ReviewApplicationPageTest"/>
  <testcase name="selectNationalityTest" time="4.344" classname="com.ghana.app.qa.testcases.ReviewApplicationPageTest"/>
  <testcase name="selectPortOfArrivalTest" time="0.108" classname="com.ghana.app.qa.testcases.ReviewApplicationPageTest"/>
  <testcase name="passPhoneNoTest" time="0.183" classname="com.ghana.app.qa.testcases.ReviewApplicationPageTest"/>
  <testcase name="passEmailIdTest" time="0.246" classname="com.ghana.app.qa.testcases.ReviewApplicationPageTest"/>
  <testcase name="selectDateOfBirthTest" time="0.357" classname="com.ghana.app.qa.testcases.ReviewApplicationPageTest"/>
  <testcase name="passReEmailIdTest" time="0.408" classname="com.ghana.app.qa.testcases.ReviewApplicationPageTest"/>
  <testcase name="enterCaptchaFieldTest" time="33.623" classname="com.ghana.app.qa.testcases.ReviewApplicationPageTest"/>
  <testcase name="getApplicationPageTitleTest" time="2.013" classname="com.ghana.app.qa.testcases.ReviewApplicationPageTest"/>
  <testcase name="getApplicationIdTest" time="0.033" classname="com.ghana.app.qa.testcases.ReviewApplicationPageTest"/>
  <testcase name="selectVisaFeesTest" time="2.165" classname="com.ghana.app.qa.testcases.ReviewApplicationPageTest"/>
  <testcase name="selectVisaLocationTest" time="0.136" classname="com.ghana.app.qa.testcases.ReviewApplicationPageTest"/>
  <testcase name="passFirstNameTest" time="0.152" classname="com.ghana.app.qa.testcases.ReviewApplicationPageTest"/>
  <testcase name="passLastNameTest" time="0.137" classname="com.ghana.app.qa.testcases.ReviewApplicationPageTest"/>
  <testcase name="passPassportNumberTest" time="0.163" classname="com.ghana.app.qa.testcases.ReviewApplicationPageTest"/>
  <testcase name="clickOnGenderTest" time="0.092" classname="com.ghana.app.qa.testcases.ReviewApplicationPageTest"/>
  <testcase name="selectPassIssueDateTest" time="0.308" classname="com.ghana.app.qa.testcases.ReviewApplicationPageTest"/>
  <testcase name="selectPassExpiryDateTest" time="0.259" classname="com.ghana.app.qa.testcases.ReviewApplicationPageTest"/>
  <testcase name="passPlaceOfBirthTest" time="0.140" classname="com.ghana.app.qa.testcases.ReviewApplicationPageTest"/>
  <testcase name="clickOnSaveAndContinueTest" time="0.158" classname="com.ghana.app.qa.testcases.ReviewApplicationPageTest"/>
  <testcase name="selectFormerNationalityTest" time="0.176" classname="com.ghana.app.qa.testcases.ReviewApplicationPageTest"/>
  <testcase name="filladdressInfoTest" time="1.583" classname="com.ghana.app.qa.testcases.ReviewApplicationPageTest"/>
  <testcase name="clickSaveAndContinuebtnTest" time="0.144" classname="com.ghana.app.qa.testcases.ReviewApplicationPageTest"/>
  <testcase name="emergencyContactDetailsTest" time="0.441" classname="com.ghana.app.qa.testcases.ReviewApplicationPageTest"/>
  <testcase name="selectRelationTest" time="0.186" classname="com.ghana.app.qa.testcases.ReviewApplicationPageTest"/>
  <testcase name="emergencyProfessionDetailsTest" time="1.418" classname="com.ghana.app.qa.testcases.ReviewApplicationPageTest"/>
  <testcase name="clickOnIsApplicantPossessionRoundTicketTest" time="0.148" classname="com.ghana.app.qa.testcases.ReviewApplicationPageTest"/>
  <testcase name="passDateOfDepartureTest" time="0.344" classname="com.ghana.app.qa.testcases.ReviewApplicationPageTest"/>
  <testcase name="passTicketNumberTest" time="0.205" classname="com.ghana.app.qa.testcases.ReviewApplicationPageTest"/>
  <testcase name="clickOnTravelByTest" time="0.182" classname="com.ghana.app.qa.testcases.ReviewApplicationPageTest"/>
  <testcase name="clickPurpose_of_journeyTest" time="0.164" classname="com.ghana.app.qa.testcases.ReviewApplicationPageTest"/>
  <testcase name="passPrimaryRefFirstnameTest" time="0.107" classname="com.ghana.app.qa.testcases.ReviewApplicationPageTest"/>
  <testcase name="passPrimaryRefLastnameTest" time="0.153" classname="com.ghana.app.qa.testcases.ReviewApplicationPageTest"/>
  <testcase name="pass_Primary_ref_addressTest" time="0.321" classname="com.ghana.app.qa.testcases.ReviewApplicationPageTest"/>
  <testcase name="pass_primary_ref_pincodeTest" time="0.119" classname="com.ghana.app.qa.testcases.ReviewApplicationPageTest"/>
  <testcase name="pass_primary_ref_cityTest" time="0.217" classname="com.ghana.app.qa.testcases.ReviewApplicationPageTest"/>
  <testcase name="pass_primary_ref_stateTest" time="0.195" classname="com.ghana.app.qa.testcases.ReviewApplicationPageTest"/>
  <testcase name="pass_primary_ref_countryTest" time="0.132" classname="com.ghana.app.qa.testcases.ReviewApplicationPageTest"/>
  <testcase name="pass_primary_ref_phone_numberTest" time="0.164" classname="com.ghana.app.qa.testcases.ReviewApplicationPageTest"/>
  <testcase name="PassSecondaryRefDetailsTest" time="1.313" classname="com.ghana.app.qa.testcases.ReviewApplicationPageTest"/>
  <testcase name="clickOnContinuebuttonTest" time="0.126" classname="com.ghana.app.qa.testcases.ReviewApplicationPageTest"/>
  <testcase name="getUploadDocTest" time="0.350" classname="com.ghana.app.qa.testcases.ReviewApplicationPageTest"/>
  <testcase name="clicksaveAndContiBtnTest" time="0.088" classname="com.ghana.app.qa.testcases.ReviewApplicationPageTest"/>
  <testcase name="getTextPersonalInfoTest" time="0.203" classname="com.ghana.app.qa.testcases.ReviewApplicationPageTest"/>
  <testcase name="getTextAddressInfoTest" time="0.233" classname="com.ghana.app.qa.testcases.ReviewApplicationPageTest"/>
  <testcase name="getTextEmergencyContactTest" time="0.314" classname="com.ghana.app.qa.testcases.ReviewApplicationPageTest"/>
  <testcase name="getTextTravelInfoTest" time="0.468" classname="com.ghana.app.qa.testcases.ReviewApplicationPageTest">
    <failure type="java.lang.AssertionError" message="The following asserts failed:
	Provided and Get secondaryCountry are not matched expected [2332422235] but found [Ghana],
	Provided and Get secondaryRefrencePhoneNo are not matched expected [Ghana] but found [2332422235]">
      <![CDATA[java.lang.AssertionError: The following asserts failed:
Provided and Get secondaryCountry are not matched expected [2332422235] but found [Ghana],
Provided and Get secondaryRefrencePhoneNo are not matched expected [Ghana] but found [2332422235]
at org.testng.asserts.SoftAssert.assertAll(SoftAssert.java:43)
at com.ghana.app.qa.testcases.ReviewApplicationPageTest.getTextTravelInfoTest(ReviewApplicationPageTest.java:136)
at sun.reflect.NativeMethodAccessorImpl.invoke0(Native Method)
at sun.reflect.NativeMethodAccessorImpl.invoke(NativeMethodAccessorImpl.java:62)
at sun.reflect.DelegatingMethodAccessorImpl.invoke(DelegatingMethodAccessorImpl.java:43)
at java.lang.reflect.Method.invoke(Method.java:498)
at org.testng.internal.MethodInvocationHelper.invokeMethod(MethodInvocationHelper.java:124)
at org.testng.internal.Invoker.invokeMethod(Invoker.java:583)
at org.testng.internal.Invoker.invokeTestMethod(Invoker.java:719)
at org.testng.internal.Invoker.invokeTestMethods(Invoker.java:989)
at org.testng.internal.TestMethodWorker.invokeTestMethods(TestMethodWorker.java:125)
at org.testng.internal.TestMethodWorker.run(TestMethodWorker.java:109)
at org.testng.TestRunner.privateRun(TestRunner.java:648)
at org.testng.TestRunner.run(TestRunner.java:505)
at org.testng.SuiteRunner.runTest(SuiteRunner.java:455)
at org.testng.SuiteRunner.runSequentially(SuiteRunner.java:450)
at org.testng.SuiteRunner.privateRun(SuiteRunner.java:415)
at org.testng.SuiteRunner.run(SuiteRunner.java:364)
at org.testng.SuiteRunnerWorker.runSuite(SuiteRunnerWorker.java:52)
at org.testng.SuiteRunnerWorker.run(SuiteRunnerWorker.java:84)
at org.testng.TestNG.runSuitesSequentially(TestNG.java:1208)
at org.testng.TestNG.runSuitesLocally(TestNG.java:1137)
at org.testng.TestNG.runSuites(TestNG.java:1049)
at org.testng.TestNG.run(TestNG.java:1017)
at org.testng.remote.AbstractRemoteTestNG.run(AbstractRemoteTestNG.java:114)
at org.testng.remote.RemoteTestNG.initAndRun(RemoteTestNG.java:251)
at org.testng.remote.RemoteTestNG.main(RemoteTestNG.java:77)
]]>
    </failure>
  </testcase> <!-- getTextTravelInfoTest -->
  <testcase name="clickOnContinueBtnTest" time="0.087" classname="com.ghana.app.qa.testcases.ReviewApplicationPageTest"/>
>>>>>>> 6bf66fcfbdcfee09e1f8787ba5e79b5ddca776ae
</testsuite> <!-- com.ghana.app.qa.testcases.ReviewApplicationPageTest -->
