<?xml version="1.0" encoding="UTF-8"?>
<!-- Generated by org.testng.reporters.JUnitReportReporter -->
<<<<<<< Updated upstream
<testsuite skipped="0" hostname="namet5" name="com.ghana.app.qa.testcases.VisaPaymentPageTest" tests="55" failures="3" timestamp="22 Mar 2019 07:05:46 GMT" time="43.584" errors="0">
  <testcase name="validateHomePageTitle" time="0.057" classname="com.ghana.app.qa.testcases.VisaPaymentPageTest"/>
  <testcase name="verifyApplyVisaClickTest" time="0.309" classname="com.ghana.app.qa.testcases.VisaPaymentPageTest"/>
  <testcase name="getVisaCategoriesText" time="0.052" classname="com.ghana.app.qa.testcases.VisaPaymentPageTest"/>
  <testcase name="clickOnVisaTypeTest" time="0.548" classname="com.ghana.app.qa.testcases.VisaPaymentPageTest"/>
  <testcase name="selectPassPortType" time="5.202" classname="com.ghana.app.qa.testcases.VisaPaymentPageTest"/>
  <testcase name="selectNationalityTest" time="2.276" classname="com.ghana.app.qa.testcases.VisaPaymentPageTest"/>
  <testcase name="selectPortOfArrivalTest" time="0.161" classname="com.ghana.app.qa.testcases.VisaPaymentPageTest"/>
  <testcase name="passPhoneNoTest" time="0.136" classname="com.ghana.app.qa.testcases.VisaPaymentPageTest"/>
  <testcase name="passEmailIdTest" time="0.209" classname="com.ghana.app.qa.testcases.VisaPaymentPageTest"/>
  <testcase name="passReEmailIdTest" time="0.291" classname="com.ghana.app.qa.testcases.VisaPaymentPageTest"/>
  <testcase name="enterCaptchaFieldTest" time="0.202" classname="com.ghana.app.qa.testcases.VisaPaymentPageTest"/>
  <testcase name="selectDateOfBirthTest" time="1.423" classname="com.ghana.app.qa.testcases.VisaPaymentPageTest"/>
  <testcase name="clickOnSaveAndContinueBtnTest" time="2.053" classname="com.ghana.app.qa.testcases.VisaPaymentPageTest"/>
  <testcase name="getApplicationPageTitleTest" time="2.008" classname="com.ghana.app.qa.testcases.VisaPaymentPageTest"/>
  <testcase name="getApplicationIdTest" time="0.040" classname="com.ghana.app.qa.testcases.VisaPaymentPageTest"/>
  <testcase name="selectVisaFeesTest" time="0.147" classname="com.ghana.app.qa.testcases.VisaPaymentPageTest"/>
  <testcase name="selectVisaLocationTest" time="0.124" classname="com.ghana.app.qa.testcases.VisaPaymentPageTest"/>
  <testcase name="passFirstNameTest" time="0.100" classname="com.ghana.app.qa.testcases.VisaPaymentPageTest"/>
  <testcase name="passLastNameTest" time="0.119" classname="com.ghana.app.qa.testcases.VisaPaymentPageTest"/>
  <testcase name="passPassportNumberTest" time="0.145" classname="com.ghana.app.qa.testcases.VisaPaymentPageTest"/>
  <testcase name="clickOnGenderTest" time="2.106" classname="com.ghana.app.qa.testcases.VisaPaymentPageTest"/>
  <testcase name="selectPassIssueDateTest" time="0.265" classname="com.ghana.app.qa.testcases.VisaPaymentPageTest"/>
  <testcase name="selectPassExpiryDateTest" time="0.254" classname="com.ghana.app.qa.testcases.VisaPaymentPageTest"/>
  <testcase name="passPlaceOfBirthTest" time="0.113" classname="com.ghana.app.qa.testcases.VisaPaymentPageTest"/>
  <testcase name="clickOnSaveAndContinueTest" time="4.189" classname="com.ghana.app.qa.testcases.VisaPaymentPageTest"/>
  <testcase name="selectFormerNationalityTest" time="2.223" classname="com.ghana.app.qa.testcases.VisaPaymentPageTest"/>
  <testcase name="filladdressInfoTest" time="1.463" classname="com.ghana.app.qa.testcases.VisaPaymentPageTest"/>
  <testcase name="clickSaveAndContinuebtnTest" time="0.207" classname="com.ghana.app.qa.testcases.VisaPaymentPageTest"/>
  <testcase name="emergencyContactDetailsTest" time="0.318" classname="com.ghana.app.qa.testcases.VisaPaymentPageTest"/>
  <testcase name="selectRelationTest" time="0.140" classname="com.ghana.app.qa.testcases.VisaPaymentPageTest"/>
  <testcase name="emergencyProfessionDetailsTest" time="0.966" classname="com.ghana.app.qa.testcases.VisaPaymentPageTest"/>
  <testcase name="clickOnCintinueBtnTest" time="4.961" classname="com.ghana.app.qa.testcases.VisaPaymentPageTest"/>
  <testcase name="clickOnIsApplicantPossessionRoundTicketTest" time="0.136" classname="com.ghana.app.qa.testcases.VisaPaymentPageTest"/>
  <testcase name="passDateOfDepartureTest" time="0.335" classname="com.ghana.app.qa.testcases.VisaPaymentPageTest"/>
  <testcase name="passTicketNumberTest" time="0.125" classname="com.ghana.app.qa.testcases.VisaPaymentPageTest"/>
  <testcase name="clickOnTravelByTest" time="0.145" classname="com.ghana.app.qa.testcases.VisaPaymentPageTest"/>
  <testcase name="clickPurpose_of_journeyTest" time="0.110" classname="com.ghana.app.qa.testcases.VisaPaymentPageTest"/>
  <testcase name="passPrimaryRefFirstnameTest" time="0.089" classname="com.ghana.app.qa.testcases.VisaPaymentPageTest"/>
  <testcase name="passPrimaryRefLastnameTest" time="0.115" classname="com.ghana.app.qa.testcases.VisaPaymentPageTest"/>
  <testcase name="pass_Primary_ref_addressTest" time="0.235" classname="com.ghana.app.qa.testcases.VisaPaymentPageTest"/>
  <testcase name="pass_primary_ref_pincodeTest" time="0.103" classname="com.ghana.app.qa.testcases.VisaPaymentPageTest"/>
  <testcase name="pass_primary_ref_cityTest" time="0.198" classname="com.ghana.app.qa.testcases.VisaPaymentPageTest"/>
  <testcase name="pass_primary_ref_stateTest" time="0.193" classname="com.ghana.app.qa.testcases.VisaPaymentPageTest"/>
  <testcase name="pass_primary_ref_countryTest" time="0.092" classname="com.ghana.app.qa.testcases.VisaPaymentPageTest"/>
  <testcase name="pass_primary_ref_phone_numberTest" time="0.135" classname="com.ghana.app.qa.testcases.VisaPaymentPageTest"/>
  <testcase name="PassSecondaryRefDetailsTest" time="1.227" classname="com.ghana.app.qa.testcases.VisaPaymentPageTest"/>
  <testcase name="clickOnContinuebuttonTest" time="0.458" classname="com.ghana.app.qa.testcases.VisaPaymentPageTest"/>
  <testcase name="getUploadDocTest" time="0.345" classname="com.ghana.app.qa.testcases.VisaPaymentPageTest"/>
  <testcase name="clickOnContinuebuttonTest1" time="0.133" classname="com.ghana.app.qa.testcases.VisaPaymentPageTest"/>
  <testcase name="getTextPersonalInfoTest" time="0.176" classname="com.ghana.app.qa.testcases.VisaPaymentPageTest"/>
  <testcase name="getTextAddressInfoTest" time="0.206" classname="com.ghana.app.qa.testcases.VisaPaymentPageTest">
    <failure type="java.lang.AssertionError" message="The following asserts failed:
	Provided and Get emailId are not matched expected [arjunthawkar84@gmail.com] but found [arjunthaokar9@gmail.com]">
      <![CDATA[java.lang.AssertionError: The following asserts failed:
Provided and Get emailId are not matched expected [arjunthawkar84@gmail.com] but found [arjunthaokar9@gmail.com]
at org.testng.asserts.SoftAssert.assertAll(SoftAssert.java:43)
at com.ghana.app.qa.testcases.ReviewApplicationPageTest.getTextAddressInfoTest(ReviewApplicationPageTest.java:64)
=======
<testsuite skipped="0" hostname="RahulKaelsMini2" name="com.ghana.app.qa.testcases.VisaPaymentPageTest" tests="55" failures="1" timestamp="28 Mar 2019 10:07:23 GMT" time="48.220" errors="0">
  <testcase name="validateHomePageTitle" time="0.025" classname="com.ghana.app.qa.testcases.VisaPaymentPageTest"/>
  <testcase name="verifyApplyVisaClickTest" time="0.425" classname="com.ghana.app.qa.testcases.VisaPaymentPageTest"/>
  <testcase name="getVisaCategoriesText" time="0.046" classname="com.ghana.app.qa.testcases.VisaPaymentPageTest"/>
  <testcase name="clickOnVisaTypeTest" time="0.699" classname="com.ghana.app.qa.testcases.VisaPaymentPageTest"/>
  <testcase name="selectPassPortType" time="5.777" classname="com.ghana.app.qa.testcases.VisaPaymentPageTest"/>
  <testcase name="selectNationalityTest" time="2.405" classname="com.ghana.app.qa.testcases.VisaPaymentPageTest"/>
  <testcase name="selectPortOfArrivalTest" time="0.107" classname="com.ghana.app.qa.testcases.VisaPaymentPageTest"/>
  <testcase name="passPhoneNoTest" time="0.149" classname="com.ghana.app.qa.testcases.VisaPaymentPageTest"/>
  <testcase name="passEmailIdTest" time="0.300" classname="com.ghana.app.qa.testcases.VisaPaymentPageTest"/>
  <testcase name="passReEmailIdTest" time="0.301" classname="com.ghana.app.qa.testcases.VisaPaymentPageTest"/>
  <testcase name="enterCaptchaFieldTest" time="0.124" classname="com.ghana.app.qa.testcases.VisaPaymentPageTest"/>
  <testcase name="selectDateOfBirthTest" time="2.840" classname="com.ghana.app.qa.testcases.VisaPaymentPageTest"/>
  <testcase name="clickOnSaveAndContinueBtnTest" time="2.037" classname="com.ghana.app.qa.testcases.VisaPaymentPageTest"/>
  <testcase name="getApplicationPageTitleTest" time="2.009" classname="com.ghana.app.qa.testcases.VisaPaymentPageTest"/>
  <testcase name="getApplicationIdTest" time="0.035" classname="com.ghana.app.qa.testcases.VisaPaymentPageTest"/>
  <testcase name="selectVisaFeesTest" time="0.130" classname="com.ghana.app.qa.testcases.VisaPaymentPageTest"/>
  <testcase name="selectVisaLocationTest" time="0.145" classname="com.ghana.app.qa.testcases.VisaPaymentPageTest"/>
  <testcase name="passFirstNameTest" time="0.129" classname="com.ghana.app.qa.testcases.VisaPaymentPageTest"/>
  <testcase name="passLastNameTest" time="0.114" classname="com.ghana.app.qa.testcases.VisaPaymentPageTest"/>
  <testcase name="passPassportNumberTest" time="0.183" classname="com.ghana.app.qa.testcases.VisaPaymentPageTest"/>
  <testcase name="clickOnGenderTest" time="2.112" classname="com.ghana.app.qa.testcases.VisaPaymentPageTest"/>
  <testcase name="selectPassIssueDateTest" time="0.316" classname="com.ghana.app.qa.testcases.VisaPaymentPageTest"/>
  <testcase name="selectPassExpiryDateTest" time="0.276" classname="com.ghana.app.qa.testcases.VisaPaymentPageTest"/>
  <testcase name="passPlaceOfBirthTest" time="0.151" classname="com.ghana.app.qa.testcases.VisaPaymentPageTest"/>
  <testcase name="clickOnSaveAndContinueTest" time="4.230" classname="com.ghana.app.qa.testcases.VisaPaymentPageTest"/>
  <testcase name="selectFormerNationalityTest" time="2.172" classname="com.ghana.app.qa.testcases.VisaPaymentPageTest"/>
  <testcase name="filladdressInfoTest" time="1.535" classname="com.ghana.app.qa.testcases.VisaPaymentPageTest"/>
  <testcase name="clickSaveAndContinuebtnTest" time="0.190" classname="com.ghana.app.qa.testcases.VisaPaymentPageTest"/>
  <testcase name="emergencyContactDetailsTest" time="0.388" classname="com.ghana.app.qa.testcases.VisaPaymentPageTest"/>
  <testcase name="selectRelationTest" time="0.149" classname="com.ghana.app.qa.testcases.VisaPaymentPageTest"/>
  <testcase name="emergencyProfessionDetailsTest" time="1.151" classname="com.ghana.app.qa.testcases.VisaPaymentPageTest"/>
  <testcase name="clickOnCintinueBtnTest" time="4.508" classname="com.ghana.app.qa.testcases.VisaPaymentPageTest"/>
  <testcase name="clickOnIsApplicantPossessionRoundTicketTest" time="0.120" classname="com.ghana.app.qa.testcases.VisaPaymentPageTest"/>
  <testcase name="passDateOfDepartureTest" time="0.353" classname="com.ghana.app.qa.testcases.VisaPaymentPageTest"/>
  <testcase name="passTicketNumberTest" time="0.218" classname="com.ghana.app.qa.testcases.VisaPaymentPageTest"/>
  <testcase name="clickOnTravelByTest" time="0.179" classname="com.ghana.app.qa.testcases.VisaPaymentPageTest"/>
  <testcase name="clickPurpose_of_journeyTest" time="0.123" classname="com.ghana.app.qa.testcases.VisaPaymentPageTest"/>
  <testcase name="passPrimaryRefFirstnameTest" time="0.100" classname="com.ghana.app.qa.testcases.VisaPaymentPageTest"/>
  <testcase name="passPrimaryRefLastnameTest" time="0.137" classname="com.ghana.app.qa.testcases.VisaPaymentPageTest"/>
  <testcase name="pass_Primary_ref_addressTest" time="0.301" classname="com.ghana.app.qa.testcases.VisaPaymentPageTest"/>
  <testcase name="pass_primary_ref_pincodeTest" time="0.123" classname="com.ghana.app.qa.testcases.VisaPaymentPageTest"/>
  <testcase name="pass_primary_ref_cityTest" time="0.221" classname="com.ghana.app.qa.testcases.VisaPaymentPageTest"/>
  <testcase name="pass_primary_ref_stateTest" time="0.195" classname="com.ghana.app.qa.testcases.VisaPaymentPageTest"/>
  <testcase name="pass_primary_ref_countryTest" time="0.116" classname="com.ghana.app.qa.testcases.VisaPaymentPageTest"/>
  <testcase name="pass_primary_ref_phone_numberTest" time="0.152" classname="com.ghana.app.qa.testcases.VisaPaymentPageTest"/>
  <testcase name="PassSecondaryRefDetailsTest" time="1.335" classname="com.ghana.app.qa.testcases.VisaPaymentPageTest"/>
  <testcase name="clickOnContinuebuttonTest" time="0.533" classname="com.ghana.app.qa.testcases.VisaPaymentPageTest"/>
  <testcase name="getUploadDocTest" time="0.342" classname="com.ghana.app.qa.testcases.VisaPaymentPageTest"/>
  <testcase name="clickOnContinuebuttonTest1" time="0.130" classname="com.ghana.app.qa.testcases.VisaPaymentPageTest"/>
  <testcase name="getTextPersonalInfoTest" time="0.221" classname="com.ghana.app.qa.testcases.VisaPaymentPageTest"/>
  <testcase name="getTextAddressInfoTest" time="0.228" classname="com.ghana.app.qa.testcases.VisaPaymentPageTest"/>
  <testcase name="getTextEmergencyContactTest" time="0.286" classname="com.ghana.app.qa.testcases.VisaPaymentPageTest"/>
  <testcase name="getTextTravelInfoTest" time="0.472" classname="com.ghana.app.qa.testcases.VisaPaymentPageTest"/>
  <testcase name="clickOnContinueBtnTest" time="0.077" classname="com.ghana.app.qa.testcases.VisaPaymentPageTest"/>
  <testcase name="verifyClickOnSubmitBtnTest" time="7.100" classname="com.ghana.app.qa.testcases.VisaPaymentPageTest">
    <failure type="java.lang.AssertionError" message="given title not match nence it is not navigated to home page expected [Home] but found [Applicant Form]">
      <![CDATA[java.lang.AssertionError: given title not match nence it is not navigated to home page expected [Home] but found [Applicant Form]
at org.testng.Assert.fail(Assert.java:96)
at org.testng.Assert.failNotEquals(Assert.java:776)
at org.testng.Assert.assertEqualsImpl(Assert.java:137)
at org.testng.Assert.assertEquals(Assert.java:118)
at org.testng.Assert.assertEquals(Assert.java:453)
at com.ghana.app.qa.testcases.VisaPaymentPageTest.verifyClickOnSubmitBtnTest(VisaPaymentPageTest.java:32)
>>>>>>> Stashed changes
at sun.reflect.NativeMethodAccessorImpl.invoke0(Native Method)
at sun.reflect.NativeMethodAccessorImpl.invoke(Unknown Source)
at sun.reflect.DelegatingMethodAccessorImpl.invoke(Unknown Source)
at java.lang.reflect.Method.invoke(Unknown Source)
at org.testng.internal.MethodInvocationHelper.invokeMethod(MethodInvocationHelper.java:124)
at org.testng.internal.Invoker.invokeMethod(Invoker.java:580)
at org.testng.internal.Invoker.invokeTestMethod(Invoker.java:716)
at org.testng.internal.Invoker.invokeTestMethods(Invoker.java:988)
at org.testng.internal.TestMethodWorker.invokeTestMethods(TestMethodWorker.java:125)
at org.testng.internal.TestMethodWorker.run(TestMethodWorker.java:109)
at org.testng.TestRunner.privateRun(TestRunner.java:648)
at org.testng.TestRunner.run(TestRunner.java:505)
at org.testng.SuiteRunner.runTest(SuiteRunner.java:455)
at org.testng.SuiteRunner.runSequentially(SuiteRunner.java:450)
at org.testng.SuiteRunner.privateRun(SuiteRunner.java:415)
at org.testng.SuiteRunner.run(SuiteRunner.java:364)
at org.testng.SuiteRunnerWorker.runSuite(SuiteRunnerWorker.java:52)
at org.testng.SuiteRunnerWorker.run(SuiteRunnerWorker.java:84)
at org.testng.TestNG.runSuitesSequentially(TestNG.java:1208)
at org.testng.TestNG.runSuitesLocally(TestNG.java:1137)
at org.testng.TestNG.runSuites(TestNG.java:1049)
at org.testng.TestNG.run(TestNG.java:1017)
at org.testng.remote.AbstractRemoteTestNG.run(AbstractRemoteTestNG.java:114)
at org.testng.remote.RemoteTestNG.initAndRun(RemoteTestNG.java:251)
at org.testng.remote.RemoteTestNG.main(RemoteTestNG.java:77)
]]>
    </failure>
<<<<<<< Updated upstream
  </testcase> <!-- getTextAddressInfoTest -->
  <testcase name="getTextEmergencyContactTest" time="0.030" classname="com.ghana.app.qa.testcases.VisaPaymentPageTest">
    <failure type="java.lang.AssertionError" message="The following asserts failed:
	Provided and Get emailId are not matched expected [arjunthawkar84@gmail.com] but found [arjunthaokar9@gmail.com]">
      <![CDATA[java.lang.AssertionError: The following asserts failed:
Provided and Get emailId are not matched expected [arjunthawkar84@gmail.com] but found [arjunthaokar9@gmail.com]
at org.testng.asserts.SoftAssert.assertAll(SoftAssert.java:43)
at com.ghana.app.qa.testcases.ReviewApplicationPageTest.getTextEmergencyContactTest(ReviewApplicationPageTest.java:73)
at sun.reflect.NativeMethodAccessorImpl.invoke0(Native Method)
at sun.reflect.NativeMethodAccessorImpl.invoke(Unknown Source)
at sun.reflect.DelegatingMethodAccessorImpl.invoke(Unknown Source)
at java.lang.reflect.Method.invoke(Unknown Source)
at org.testng.internal.MethodInvocationHelper.invokeMethod(MethodInvocationHelper.java:124)
at org.testng.internal.Invoker.invokeMethod(Invoker.java:580)
at org.testng.internal.Invoker.invokeTestMethod(Invoker.java:716)
at org.testng.internal.Invoker.invokeTestMethods(Invoker.java:988)
at org.testng.internal.TestMethodWorker.invokeTestMethods(TestMethodWorker.java:125)
at org.testng.internal.TestMethodWorker.run(TestMethodWorker.java:109)
at org.testng.TestRunner.privateRun(TestRunner.java:648)
at org.testng.TestRunner.run(TestRunner.java:505)
at org.testng.SuiteRunner.runTest(SuiteRunner.java:455)
at org.testng.SuiteRunner.runSequentially(SuiteRunner.java:450)
at org.testng.SuiteRunner.privateRun(SuiteRunner.java:415)
at org.testng.SuiteRunner.run(SuiteRunner.java:364)
at org.testng.SuiteRunnerWorker.runSuite(SuiteRunnerWorker.java:52)
at org.testng.SuiteRunnerWorker.run(SuiteRunnerWorker.java:84)
at org.testng.TestNG.runSuitesSequentially(TestNG.java:1208)
at org.testng.TestNG.runSuitesLocally(TestNG.java:1137)
at org.testng.TestNG.runSuites(TestNG.java:1049)
at org.testng.TestNG.run(TestNG.java:1017)
at org.testng.remote.AbstractRemoteTestNG.run(AbstractRemoteTestNG.java:114)
at org.testng.remote.RemoteTestNG.initAndRun(RemoteTestNG.java:251)
at org.testng.remote.RemoteTestNG.main(RemoteTestNG.java:77)
]]>
    </failure>
  </testcase> <!-- getTextEmergencyContactTest -->
  <testcase name="getTextTravelInfoTest" time="0.431" classname="com.ghana.app.qa.testcases.VisaPaymentPageTest">
    <failure type="java.lang.AssertionError" message="The following asserts failed:
	Provided and Get emailId are not matched expected [arjunthawkar84@gmail.com] but found [arjunthaokar9@gmail.com]">
      <![CDATA[java.lang.AssertionError: The following asserts failed:
Provided and Get emailId are not matched expected [arjunthawkar84@gmail.com] but found [arjunthaokar9@gmail.com]
at org.testng.asserts.SoftAssert.assertAll(SoftAssert.java:43)
at com.ghana.app.qa.testcases.ReviewApplicationPageTest.getTextTravelInfoTest(ReviewApplicationPageTest.java:167)
at sun.reflect.NativeMethodAccessorImpl.invoke0(Native Method)
at sun.reflect.NativeMethodAccessorImpl.invoke(Unknown Source)
at sun.reflect.DelegatingMethodAccessorImpl.invoke(Unknown Source)
at java.lang.reflect.Method.invoke(Unknown Source)
at org.testng.internal.MethodInvocationHelper.invokeMethod(MethodInvocationHelper.java:124)
at org.testng.internal.Invoker.invokeMethod(Invoker.java:580)
at org.testng.internal.Invoker.invokeTestMethod(Invoker.java:716)
at org.testng.internal.Invoker.invokeTestMethods(Invoker.java:988)
at org.testng.internal.TestMethodWorker.invokeTestMethods(TestMethodWorker.java:125)
at org.testng.internal.TestMethodWorker.run(TestMethodWorker.java:109)
at org.testng.TestRunner.privateRun(TestRunner.java:648)
at org.testng.TestRunner.run(TestRunner.java:505)
at org.testng.SuiteRunner.runTest(SuiteRunner.java:455)
at org.testng.SuiteRunner.runSequentially(SuiteRunner.java:450)
at org.testng.SuiteRunner.privateRun(SuiteRunner.java:415)
at org.testng.SuiteRunner.run(SuiteRunner.java:364)
at org.testng.SuiteRunnerWorker.runSuite(SuiteRunnerWorker.java:52)
at org.testng.SuiteRunnerWorker.run(SuiteRunnerWorker.java:84)
at org.testng.TestNG.runSuitesSequentially(TestNG.java:1208)
at org.testng.TestNG.runSuitesLocally(TestNG.java:1137)
at org.testng.TestNG.runSuites(TestNG.java:1049)
at org.testng.TestNG.run(TestNG.java:1017)
at org.testng.remote.AbstractRemoteTestNG.run(AbstractRemoteTestNG.java:114)
at org.testng.remote.RemoteTestNG.initAndRun(RemoteTestNG.java:251)
at org.testng.remote.RemoteTestNG.main(RemoteTestNG.java:77)
]]>
    </failure>
  </testcase> <!-- getTextTravelInfoTest -->
  <testcase name="clickOnContinueBtnTest" time="0.068" classname="com.ghana.app.qa.testcases.VisaPaymentPageTest"/>
  <testcase name="verifyClickOnSubmitBtnTest" time="5.692" classname="com.ghana.app.qa.testcases.VisaPaymentPageTest"/>
=======
  </testcase> <!-- verifyClickOnSubmitBtnTest -->
>>>>>>> Stashed changes
</testsuite> <!-- com.ghana.app.qa.testcases.VisaPaymentPageTest -->
