<?xml version="1.0" encoding="UTF-8"?>
<!-- Generated by org.testng.reporters.JUnitReportReporter -->
<testsuite skipped="0" hostname="namet5" name="com.ghana.app.qa.testcases.HomePageTest" tests="2" failures="0" timestamp="22 Feb 2019 06:19:34 GMT" time="16.130" errors="0">
  <testcase name="validateHomePageTitle" time="6.214" classname="com.ghana.app.qa.testcases.HomePageTest"/>
  <testcase name="verifyApplyVisaClickTest" time="9.916" classname="com.ghana.app.qa.testcases.HomePageTest"/>
</testsuite> <!-- com.ghana.app.qa.testcases.HomePageTest -->
