<?xml version="1.0" encoding="UTF-8"?>
<!-- Generated by org.testng.reporters.JUnitReportReporter -->
<testsuite skipped="0" hostname="namet5" name="com.ghana.app.qa.testcases.VisaCategoriesPageTest" tests="3" failures="0" timestamp="19 Mar 2019 08:18:28 GMT" time="6.780" errors="0">
  <testcase name="validateVisaPageTiltleTest" time="2.205" classname="com.ghana.app.qa.testcases.VisaCategoriesPageTest"/>
  <testcase name="getVisaCategoriesText" time="2.101" classname="com.ghana.app.qa.testcases.VisaCategoriesPageTest"/>
  <testcase name="clickOnVisaTypeTest" time="2.474" classname="com.ghana.app.qa.testcases.VisaCategoriesPageTest"/>
</testsuite> <!-- com.ghana.app.qa.testcases.VisaCategoriesPageTest -->
