<?xml version="1.0" encoding="UTF-8"?>
<!-- Generated by org.testng.reporters.JUnitReportReporter -->
<testsuite skipped="133" hostname="Torenzo" name="com.ghana.app.qa.testcases.HighCommissionPageTest" tests="134" failures="0" timestamp="13 May 2019 11:21:13 GMT" time="4.425" errors="1">
  <testcase name="setUp" time="4.425" classname="com.ghana.app.qa.testcases.HighCommissionPageTest">
    <error type="org.openqa.selenium.WebDriverException" message="unknown error: failed to change window state to maximized, current state is minimized
  (Session info: chrome=74.0.3729.131)
  (Driver info: chromedriver=74.0.3729.6 (255758eccf3d244491b8a1317aa76e1ce10d57e9-refs/branch-heads/3729@{#29}),platform=Windows NT 6.3.9600 x86_64) (WARNING: The server did not provide any stacktrace information)
Command duration or timeout: 0 milliseconds
Build info: version: &#039;3.141.59&#039;, revision: &#039;e82be7d358&#039;, time: &#039;2018-11-14T08:17:03&#039;
System info: host: &#039;TORENZO&#039;, ip: &#039;192.168.1.21&#039;, os.name: &#039;Windows 8.1&#039;, os.arch: &#039;amd64&#039;, os.version: &#039;6.3&#039;, java.version: &#039;1.8.0_151&#039;
Driver info: org.openqa.selenium.chrome.ChromeDriver
Capabilities {acceptInsecureCerts: false, acceptSslCerts: false, applicationCacheEnabled: false, browserConnectionEnabled: false, browserName: chrome, chrome: {chromedriverVersion: 74.0.3729.6 (255758eccf3d24..., userDataDir: C:\Users\TEJASH~1\AppData\L...}, cssSelectorsEnabled: true, databaseEnabled: false, goog:chromeOptions: {debuggerAddress: localhost:58889}, handlesAlerts: true, hasTouchScreen: false, javascriptEnabled: true, locationContextEnabled: true, mobileEmulationEnabled: false, nativeEvents: true, networkConnectionEnabled: false, pageLoadStrategy: normal, platform: XP, platformName: XP, proxy: Proxy(), rotatable: false, setWindowRect: true, strictFileInteractability: false, takesHeapSnapshot: true, takesScreenshot: true, timeouts: {implicit: 0, pageLoad: 300000, script: 30000}, unexpectedAlertBehaviour: ignore, unhandledPromptBehavior: ignore, version: 74.0.3729.131, webStorageEnabled: true}
Session ID: 59c118b0cb7d615148db4272d48b350b">
      <![CDATA[org.openqa.selenium.WebDriverException: unknown error: failed to change window state to maximized, current state is minimized
  (Session info: chrome=74.0.3729.131)
  (Driver info: chromedriver=74.0.3729.6 (255758eccf3d244491b8a1317aa76e1ce10d57e9-refs/branch-heads/3729@{#29}),platform=Windows NT 6.3.9600 x86_64) (WARNING: The server did not provide any stacktrace information)
Command duration or timeout: 0 milliseconds
Build info: version: '3.141.59', revision: 'e82be7d358', time: '2018-11-14T08:17:03'
System info: host: 'TORENZO', ip: '192.168.1.21', os.name: 'Windows 8.1', os.arch: 'amd64', os.version: '6.3', java.version: '1.8.0_151'
Driver info: org.openqa.selenium.chrome.ChromeDriver
Capabilities {acceptInsecureCerts: false, acceptSslCerts: false, applicationCacheEnabled: false, browserConnectionEnabled: false, browserName: chrome, chrome: {chromedriverVersion: 74.0.3729.6 (255758eccf3d24..., userDataDir: C:\Users\TEJASH~1\AppData\L...}, cssSelectorsEnabled: true, databaseEnabled: false, goog:chromeOptions: {debuggerAddress: localhost:58889}, handlesAlerts: true, hasTouchScreen: false, javascriptEnabled: true, locationContextEnabled: true, mobileEmulationEnabled: false, nativeEvents: true, networkConnectionEnabled: false, pageLoadStrategy: normal, platform: XP, platformName: XP, proxy: Proxy(), rotatable: false, setWindowRect: true, strictFileInteractability: false, takesHeapSnapshot: true, takesScreenshot: true, timeouts: {implicit: 0, pageLoad: 300000, script: 30000}, unexpectedAlertBehaviour: ignore, unhandledPromptBehavior: ignore, version: 74.0.3729.131, webStorageEnabled: true}
Session ID: 59c118b0cb7d615148db4272d48b350b
at sun.reflect.NativeConstructorAccessorImpl.newInstance0(Native Method)
at sun.reflect.NativeConstructorAccessorImpl.newInstance(Unknown Source)
at sun.reflect.DelegatingConstructorAccessorImpl.newInstance(Unknown Source)
at java.lang.reflect.Constructor.newInstance(Unknown Source)
at org.openqa.selenium.remote.ErrorHandler.createThrowable(ErrorHandler.java:214)
at org.openqa.selenium.remote.ErrorHandler.throwIfResponseFailed(ErrorHandler.java:166)
at org.openqa.selenium.remote.http.JsonHttpResponseCodec.reconstructValue(JsonHttpResponseCodec.java:40)
at org.openqa.selenium.remote.http.AbstractHttpResponseCodec.decode(AbstractHttpResponseCodec.java:80)
at org.openqa.selenium.remote.http.AbstractHttpResponseCodec.decode(AbstractHttpResponseCodec.java:44)
at org.openqa.selenium.remote.HttpCommandExecutor.execute(HttpCommandExecutor.java:158)
at org.openqa.selenium.remote.service.DriverCommandExecutor.execute(DriverCommandExecutor.java:83)
at org.openqa.selenium.remote.RemoteWebDriver.execute(RemoteWebDriver.java:552)
at org.openqa.selenium.remote.RemoteWebDriver.execute(RemoteWebDriver.java:609)
at org.openqa.selenium.remote.RemoteWebDriver$RemoteWebDriverOptions$RemoteWindow.maximize(RemoteWebDriver.java:837)
at com.ghana.app.qa.base.TestBase.initialization(TestBase.java:283)
at com.ghana.app.qa.base.DriverInit.setUp(DriverInit.java:85)
at sun.reflect.NativeMethodAccessorImpl.invoke0(Native Method)
at sun.reflect.NativeMethodAccessorImpl.invoke(Unknown Source)
at sun.reflect.DelegatingMethodAccessorImpl.invoke(Unknown Source)
at java.lang.reflect.Method.invoke(Unknown Source)
at org.testng.internal.MethodInvocationHelper.invokeMethod(MethodInvocationHelper.java:124)
at org.testng.internal.MethodInvocationHelper.invokeMethodConsideringTimeout(MethodInvocationHelper.java:59)
at org.testng.internal.Invoker.invokeConfigurationMethod(Invoker.java:455)
at org.testng.internal.Invoker.invokeConfigurations(Invoker.java:222)
at org.testng.internal.Invoker.invokeConfigurations(Invoker.java:142)
at org.testng.internal.TestMethodWorker.invokeBeforeClassMethods(TestMethodWorker.java:168)
at org.testng.internal.TestMethodWorker.run(TestMethodWorker.java:105)
at org.testng.TestRunner.privateRun(TestRunner.java:648)
at org.testng.TestRunner.run(TestRunner.java:505)
at org.testng.SuiteRunner.runTest(SuiteRunner.java:455)
at org.testng.SuiteRunner.runSequentially(SuiteRunner.java:450)
at org.testng.SuiteRunner.privateRun(SuiteRunner.java:415)
at org.testng.SuiteRunner.run(SuiteRunner.java:364)
at org.testng.SuiteRunnerWorker.runSuite(SuiteRunnerWorker.java:52)
at org.testng.SuiteRunnerWorker.run(SuiteRunnerWorker.java:84)
at org.testng.TestNG.runSuitesSequentially(TestNG.java:1208)
at org.testng.TestNG.runSuitesLocally(TestNG.java:1137)
at org.testng.TestNG.runSuites(TestNG.java:1049)
at org.testng.TestNG.run(TestNG.java:1017)
at org.testng.remote.AbstractRemoteTestNG.run(AbstractRemoteTestNG.java:114)
at org.testng.remote.RemoteTestNG.initAndRun(RemoteTestNG.java:251)
at org.testng.remote.RemoteTestNG.main(RemoteTestNG.java:77)
]]>
    </error>
  </testcase> <!-- setUp -->
  <testcase name="validateHomePageTitle" time="0.000" classname="com.ghana.app.qa.testcases.HighCommissionPageTest">
    <skipped/>
  </testcase> <!-- validateHomePageTitle -->
  <testcase name="verifyApplyVisaClickTest" time="0.000" classname="com.ghana.app.qa.testcases.HighCommissionPageTest">
    <skipped/>
  </testcase> <!-- verifyApplyVisaClickTest -->
  <testcase name="getVisaCategoriesText" time="0.000" classname="com.ghana.app.qa.testcases.HighCommissionPageTest">
    <skipped/>
  </testcase> <!-- getVisaCategoriesText -->
  <testcase name="clickOnVisaTypeTest" time="0.000" classname="com.ghana.app.qa.testcases.HighCommissionPageTest">
    <skipped/>
  </testcase> <!-- clickOnVisaTypeTest -->
  <testcase name="selectPassPortType" time="0.000" classname="com.ghana.app.qa.testcases.HighCommissionPageTest">
    <skipped/>
  </testcase> <!-- selectPassPortType -->
  <testcase name="selectNationalityTest" time="0.000" classname="com.ghana.app.qa.testcases.HighCommissionPageTest">
    <skipped/>
  </testcase> <!-- selectNationalityTest -->
  <testcase name="selectPortOfArrivalTest" time="0.000" classname="com.ghana.app.qa.testcases.HighCommissionPageTest">
    <skipped/>
  </testcase> <!-- selectPortOfArrivalTest -->
  <testcase name="passPhoneNoTest" time="0.000" classname="com.ghana.app.qa.testcases.HighCommissionPageTest">
    <skipped/>
  </testcase> <!-- passPhoneNoTest -->
  <testcase name="passEmailIdTest" time="0.000" classname="com.ghana.app.qa.testcases.HighCommissionPageTest">
    <skipped/>
  </testcase> <!-- passEmailIdTest -->
  <testcase name="passReEmailIdTest" time="0.000" classname="com.ghana.app.qa.testcases.HighCommissionPageTest">
    <skipped/>
  </testcase> <!-- passReEmailIdTest -->
  <testcase name="enterCaptchaFieldTest" time="0.000" classname="com.ghana.app.qa.testcases.HighCommissionPageTest">
    <skipped/>
  </testcase> <!-- enterCaptchaFieldTest -->
  <testcase name="selectDateOfBirthTest" time="0.000" classname="com.ghana.app.qa.testcases.HighCommissionPageTest">
    <skipped/>
  </testcase> <!-- selectDateOfBirthTest -->
  <testcase name="clickOnSaveAndContinueBtnTest" time="0.000" classname="com.ghana.app.qa.testcases.HighCommissionPageTest">
    <skipped/>
  </testcase> <!-- clickOnSaveAndContinueBtnTest -->
  <testcase name="getApplicationPageTitleTest" time="0.000" classname="com.ghana.app.qa.testcases.HighCommissionPageTest">
    <skipped/>
  </testcase> <!-- getApplicationPageTitleTest -->
  <testcase name="getApplicationIdTest" time="0.000" classname="com.ghana.app.qa.testcases.HighCommissionPageTest">
    <skipped/>
  </testcase> <!-- getApplicationIdTest -->
  <testcase name="passFirstNameTest" time="0.000" classname="com.ghana.app.qa.testcases.HighCommissionPageTest">
    <skipped/>
  </testcase> <!-- passFirstNameTest -->
  <testcase name="passLastNameTest" time="0.000" classname="com.ghana.app.qa.testcases.HighCommissionPageTest">
    <skipped/>
  </testcase> <!-- passLastNameTest -->
  <testcase name="passPassportNumberTest" time="0.000" classname="com.ghana.app.qa.testcases.HighCommissionPageTest">
    <skipped/>
  </testcase> <!-- passPassportNumberTest -->
  <testcase name="clickOnGenderTest" time="0.000" classname="com.ghana.app.qa.testcases.HighCommissionPageTest">
    <skipped/>
  </testcase> <!-- clickOnGenderTest -->
  <testcase name="selectPassIssueDateTest" time="0.000" classname="com.ghana.app.qa.testcases.HighCommissionPageTest">
    <skipped/>
  </testcase> <!-- selectPassIssueDateTest -->
  <testcase name="selectPassExpiryDateTest" time="0.000" classname="com.ghana.app.qa.testcases.HighCommissionPageTest">
    <skipped/>
  </testcase> <!-- selectPassExpiryDateTest -->
  <testcase name="passPlaceOfBirthTest" time="0.000" classname="com.ghana.app.qa.testcases.HighCommissionPageTest">
    <skipped/>
  </testcase> <!-- passPlaceOfBirthTest -->
  <testcase name="clickOnSaveAndContinueTest" time="0.000" classname="com.ghana.app.qa.testcases.HighCommissionPageTest">
    <skipped/>
  </testcase> <!-- clickOnSaveAndContinueTest -->
  <testcase name="selectFormerNationalityTest" time="0.000" classname="com.ghana.app.qa.testcases.HighCommissionPageTest">
    <skipped/>
  </testcase> <!-- selectFormerNationalityTest -->
  <testcase name="filladdressInfoTest" time="0.000" classname="com.ghana.app.qa.testcases.HighCommissionPageTest">
    <skipped/>
  </testcase> <!-- filladdressInfoTest -->
  <testcase name="clickSaveAndContinuebtnTest" time="0.000" classname="com.ghana.app.qa.testcases.HighCommissionPageTest">
    <skipped/>
  </testcase> <!-- clickSaveAndContinuebtnTest -->
  <testcase name="emergencyContactDetailsTest" time="0.000" classname="com.ghana.app.qa.testcases.HighCommissionPageTest">
    <skipped/>
  </testcase> <!-- emergencyContactDetailsTest -->
  <testcase name="selectRelationTest" time="0.000" classname="com.ghana.app.qa.testcases.HighCommissionPageTest">
    <skipped/>
  </testcase> <!-- selectRelationTest -->
  <testcase name="emergencyProfessionDetailsTest" time="0.000" classname="com.ghana.app.qa.testcases.HighCommissionPageTest">
    <skipped/>
  </testcase> <!-- emergencyProfessionDetailsTest -->
  <testcase name="clickOnCintinueBtnTest" time="0.000" classname="com.ghana.app.qa.testcases.HighCommissionPageTest">
    <skipped/>
  </testcase> <!-- clickOnCintinueBtnTest -->
  <testcase name="clickOnIsApplicantPossessionRoundTicketTest" time="0.000" classname="com.ghana.app.qa.testcases.HighCommissionPageTest">
    <skipped/>
  </testcase> <!-- clickOnIsApplicantPossessionRoundTicketTest -->
  <testcase name="passDateOfDepartureTest" time="0.000" classname="com.ghana.app.qa.testcases.HighCommissionPageTest">
    <skipped/>
  </testcase> <!-- passDateOfDepartureTest -->
  <testcase name="passTicketNumberTest" time="0.000" classname="com.ghana.app.qa.testcases.HighCommissionPageTest">
    <skipped/>
  </testcase> <!-- passTicketNumberTest -->
  <testcase name="clickOnTravelByTest" time="0.000" classname="com.ghana.app.qa.testcases.HighCommissionPageTest">
    <skipped/>
  </testcase> <!-- clickOnTravelByTest -->
  <testcase name="clickPurpose_of_journeyTest" time="0.000" classname="com.ghana.app.qa.testcases.HighCommissionPageTest">
    <skipped/>
  </testcase> <!-- clickPurpose_of_journeyTest -->
  <testcase name="passPrimaryRefFirstnameTest" time="0.000" classname="com.ghana.app.qa.testcases.HighCommissionPageTest">
    <skipped/>
  </testcase> <!-- passPrimaryRefFirstnameTest -->
  <testcase name="passPrimaryRefLastnameTest" time="0.000" classname="com.ghana.app.qa.testcases.HighCommissionPageTest">
    <skipped/>
  </testcase> <!-- passPrimaryRefLastnameTest -->
  <testcase name="pass_Primary_ref_addressTest" time="0.000" classname="com.ghana.app.qa.testcases.HighCommissionPageTest">
    <skipped/>
  </testcase> <!-- pass_Primary_ref_addressTest -->
  <testcase name="pass_primary_ref_pincodeTest" time="0.000" classname="com.ghana.app.qa.testcases.HighCommissionPageTest">
    <skipped/>
  </testcase> <!-- pass_primary_ref_pincodeTest -->
  <testcase name="pass_primary_ref_cityTest" time="0.000" classname="com.ghana.app.qa.testcases.HighCommissionPageTest">
    <skipped/>
  </testcase> <!-- pass_primary_ref_cityTest -->
  <testcase name="pass_primary_ref_stateTest" time="0.000" classname="com.ghana.app.qa.testcases.HighCommissionPageTest">
    <skipped/>
  </testcase> <!-- pass_primary_ref_stateTest -->
  <testcase name="pass_primary_ref_countryTest" time="0.000" classname="com.ghana.app.qa.testcases.HighCommissionPageTest">
    <skipped/>
  </testcase> <!-- pass_primary_ref_countryTest -->
  <testcase name="pass_primary_ref_phone_numberTest" time="0.000" classname="com.ghana.app.qa.testcases.HighCommissionPageTest">
    <skipped/>
  </testcase> <!-- pass_primary_ref_phone_numberTest -->
  <testcase name="PassSecondaryRefDetailsTest" time="0.000" classname="com.ghana.app.qa.testcases.HighCommissionPageTest">
    <skipped/>
  </testcase> <!-- PassSecondaryRefDetailsTest -->
  <testcase name="clickOnContinuebuttonTest" time="0.000" classname="com.ghana.app.qa.testcases.HighCommissionPageTest">
    <skipped/>
  </testcase> <!-- clickOnContinuebuttonTest -->
  <testcase name="getUploadDocTest" time="0.000" classname="com.ghana.app.qa.testcases.HighCommissionPageTest">
    <skipped/>
  </testcase> <!-- getUploadDocTest -->
  <testcase name="clickOnContinuebuttonTest1" time="0.000" classname="com.ghana.app.qa.testcases.HighCommissionPageTest">
    <skipped/>
  </testcase> <!-- clickOnContinuebuttonTest1 -->
  <testcase name="getTextPersonalInfoTest" time="0.000" classname="com.ghana.app.qa.testcases.HighCommissionPageTest">
    <skipped/>
  </testcase> <!-- getTextPersonalInfoTest -->
  <testcase name="getTextAddressInfoTest" time="0.000" classname="com.ghana.app.qa.testcases.HighCommissionPageTest">
    <skipped/>
  </testcase> <!-- getTextAddressInfoTest -->
  <testcase name="getTextEmergencyContactTest" time="0.000" classname="com.ghana.app.qa.testcases.HighCommissionPageTest">
    <skipped/>
  </testcase> <!-- getTextEmergencyContactTest -->
  <testcase name="getTextTravelInfoTest" time="0.000" classname="com.ghana.app.qa.testcases.HighCommissionPageTest">
    <skipped/>
  </testcase> <!-- getTextTravelInfoTest -->
  <testcase name="clickOnContinueBtnTest" time="0.000" classname="com.ghana.app.qa.testcases.HighCommissionPageTest">
    <skipped/>
  </testcase> <!-- clickOnContinueBtnTest -->
  <testcase name="verifyClickOnSubmitBtnTest" time="0.000" classname="com.ghana.app.qa.testcases.HighCommissionPageTest">
    <skipped/>
  </testcase> <!-- verifyClickOnSubmitBtnTest -->
  <testcase name="loginIntoConsulate" time="0.000" classname="com.ghana.app.qa.testcases.HighCommissionPageTest">
    <skipped/>
  </testcase> <!-- loginIntoConsulate -->
  <testcase name="verifyTitleOfConsulateTitle" time="0.000" classname="com.ghana.app.qa.testcases.HighCommissionPageTest">
    <skipped/>
  </testcase> <!-- verifyTitleOfConsulateTitle -->
  <testcase name="clickOnNewApplicationCN" time="0.000" classname="com.ghana.app.qa.testcases.HighCommissionPageTest">
    <skipped/>
  </testcase> <!-- clickOnNewApplicationCN -->
  <testcase name="getTextFromApplicantInformationCN" time="0.000" classname="com.ghana.app.qa.testcases.HighCommissionPageTest">
    <skipped/>
  </testcase> <!-- getTextFromApplicantInformationCN -->
  <testcase name="clickOnAddressInforCN" time="0.000" classname="com.ghana.app.qa.testcases.HighCommissionPageTest">
    <skipped/>
  </testcase> <!-- clickOnAddressInforCN -->
  <testcase name="getTextFromAddressInformationCN" time="0.000" classname="com.ghana.app.qa.testcases.HighCommissionPageTest">
    <skipped/>
  </testcase> <!-- getTextFromAddressInformationCN -->
  <testcase name="verfiyTitleOfCNTravelInfoPageCN" time="0.000" classname="com.ghana.app.qa.testcases.HighCommissionPageTest">
    <skipped/>
  </testcase> <!-- verfiyTitleOfCNTravelInfoPageCN -->
  <testcase name="getTextFromTravelInformationCN" time="0.000" classname="com.ghana.app.qa.testcases.HighCommissionPageTest">
    <skipped/>
  </testcase> <!-- getTextFromTravelInformationCN -->
  <testcase name="verfiyTitleOfCNDocumentVerificatonPageCN" time="0.000" classname="com.ghana.app.qa.testcases.HighCommissionPageTest">
    <skipped/>
  </testcase> <!-- verfiyTitleOfCNDocumentVerificatonPageCN -->
  <testcase name="clickOnBackButtonAndVerifyTitleTravelInformationCN" time="0.000" classname="com.ghana.app.qa.testcases.HighCommissionPageTest">
    <skipped/>
  </testcase> <!-- clickOnBackButtonAndVerifyTitleTravelInformationCN -->
  <testcase name="clickOnBackButtonAndVerifyTitleAddressInformationCN" time="0.000" classname="com.ghana.app.qa.testcases.HighCommissionPageTest">
    <skipped/>
  </testcase> <!-- clickOnBackButtonAndVerifyTitleAddressInformationCN -->
  <testcase name="clickOnBackButtonAndVerifyTitleApplicantInformationCN" time="0.000" classname="com.ghana.app.qa.testcases.HighCommissionPageTest">
    <skipped/>
  </testcase> <!-- clickOnBackButtonAndVerifyTitleApplicantInformationCN -->
  <testcase name="clickOnNextButtonAndVerifyTitleAddressInformationCN" time="0.000" classname="com.ghana.app.qa.testcases.HighCommissionPageTest">
    <skipped/>
  </testcase> <!-- clickOnNextButtonAndVerifyTitleAddressInformationCN -->
  <testcase name="clickOnNextButtonAndVerifyTitleTravelInformationCN" time="0.000" classname="com.ghana.app.qa.testcases.HighCommissionPageTest">
    <skipped/>
  </testcase> <!-- clickOnNextButtonAndVerifyTitleTravelInformationCN -->
  <testcase name="clickOnNextButtonAndVerifyTitleDocumentVerificationCN" time="0.000" classname="com.ghana.app.qa.testcases.HighCommissionPageTest">
    <skipped/>
  </testcase> <!-- clickOnNextButtonAndVerifyTitleDocumentVerificationCN -->
  <testcase name="passCommentCN" time="0.000" classname="com.ghana.app.qa.testcases.HighCommissionPageTest">
    <skipped/>
  </testcase> <!-- passCommentCN -->
  <testcase name="clickOnConfirmedAirTicketWindowCloseCN" time="0.000" classname="com.ghana.app.qa.testcases.HighCommissionPageTest">
    <skipped/>
  </testcase> <!-- clickOnConfirmedAirTicketWindowCloseCN -->
  <testcase name="clickOnConfirmedAirTicketWindowCN" time="0.000" classname="com.ghana.app.qa.testcases.HighCommissionPageTest">
    <skipped/>
  </testcase> <!-- clickOnConfirmedAirTicketWindowCN -->
  <testcase name="clickOnOnPhotoCloseCN" time="0.000" classname="com.ghana.app.qa.testcases.HighCommissionPageTest">
    <skipped/>
  </testcase> <!-- clickOnOnPhotoCloseCN -->
  <testcase name="clickOnOnPhotoCN" time="0.000" classname="com.ghana.app.qa.testcases.HighCommissionPageTest">
    <skipped/>
  </testcase> <!-- clickOnOnPhotoCN -->
  <testcase name="clickOnYellowFevervaccinationCloseCN" time="0.000" classname="com.ghana.app.qa.testcases.HighCommissionPageTest">
    <skipped/>
  </testcase> <!-- clickOnYellowFevervaccinationCloseCN -->
  <testcase name="clickOnYellowFevervaccinationCN" time="0.000" classname="com.ghana.app.qa.testcases.HighCommissionPageTest">
    <skipped/>
  </testcase> <!-- clickOnYellowFevervaccinationCN -->
  <testcase name="clickOnCoveringLetterCloseCN" time="0.000" classname="com.ghana.app.qa.testcases.HighCommissionPageTest">
    <skipped/>
  </testcase> <!-- clickOnCoveringLetterCloseCN -->
  <testcase name="clickOnCoveringLetterCN" time="0.000" classname="com.ghana.app.qa.testcases.HighCommissionPageTest">
    <skipped/>
  </testcase> <!-- clickOnCoveringLetterCN -->
  <testcase name="clickOnIdProofReferenceCloseCN" time="0.000" classname="com.ghana.app.qa.testcases.HighCommissionPageTest">
    <skipped/>
  </testcase> <!-- clickOnIdProofReferenceCloseCN -->
  <testcase name="clickOnIdProofReferenceCN" time="0.000" classname="com.ghana.app.qa.testcases.HighCommissionPageTest">
    <skipped/>
  </testcase> <!-- clickOnIdProofReferenceCN -->
  <testcase name="clickOnOriginalInvitationLetterCloseCN" time="0.000" classname="com.ghana.app.qa.testcases.HighCommissionPageTest">
    <skipped/>
  </testcase> <!-- clickOnOriginalInvitationLetterCloseCN -->
  <testcase name="clickOnOriginalInvitationLetterCN" time="0.000" classname="com.ghana.app.qa.testcases.HighCommissionPageTest">
    <skipped/>
  </testcase> <!-- clickOnOriginalInvitationLetterCN -->
  <testcase name="clickOnProofOfTransitVisaCloseCN" time="0.000" classname="com.ghana.app.qa.testcases.HighCommissionPageTest">
    <skipped/>
  </testcase> <!-- clickOnProofOfTransitVisaCloseCN -->
  <testcase name="clickOnProofOfTransitVisaCN" time="0.000" classname="com.ghana.app.qa.testcases.HighCommissionPageTest">
    <skipped/>
  </testcase> <!-- clickOnProofOfTransitVisaCN -->
  <testcase name="selectAllCheckBoxAndVerifyCN" time="0.000" classname="com.ghana.app.qa.testcases.HighCommissionPageTest">
    <skipped/>
  </testcase> <!-- selectAllCheckBoxAndVerifyCN -->
  <testcase name="selectOneByOneCheckBoxAndVerifyCN" time="0.000" classname="com.ghana.app.qa.testcases.HighCommissionPageTest">
    <skipped/>
  </testcase> <!-- selectOneByOneCheckBoxAndVerifyCN -->
  <testcase name="clickOnInterviewScheduleAndcancelCN" time="0.000" classname="com.ghana.app.qa.testcases.HighCommissionPageTest">
    <skipped/>
  </testcase> <!-- clickOnInterviewScheduleAndcancelCN -->
  <testcase name="clickOnInterviewScheduleAndCloseCN" time="0.000" classname="com.ghana.app.qa.testcases.HighCommissionPageTest">
    <skipped/>
  </testcase> <!-- clickOnInterviewScheduleAndCloseCN -->
  <testcase name="clickOnRejectAndVerifyPopTextCN" time="0.000" classname="com.ghana.app.qa.testcases.HighCommissionPageTest">
    <skipped/>
  </testcase> <!-- clickOnRejectAndVerifyPopTextCN -->
  <testcase name="clickOnRejectAndVerifyPopText1CN" time="0.000" classname="com.ghana.app.qa.testcases.HighCommissionPageTest">
    <skipped/>
  </testcase> <!-- clickOnRejectAndVerifyPopText1CN -->
  <testcase name="clickOnApproveAndVerifyPopTextCN" time="0.000" classname="com.ghana.app.qa.testcases.HighCommissionPageTest">
    <skipped/>
  </testcase> <!-- clickOnApproveAndVerifyPopTextCN -->
  <testcase name="clickOnApproveAndVerifyPopText1CN" time="0.000" classname="com.ghana.app.qa.testcases.HighCommissionPageTest">
    <skipped/>
  </testcase> <!-- clickOnApproveAndVerifyPopText1CN -->
  <testcase name="clickOnApproveCN" time="0.000" classname="com.ghana.app.qa.testcases.HighCommissionPageTest">
    <skipped/>
  </testcase> <!-- clickOnApproveCN -->
  <testcase name="verifyApplicaInHCGApplicationBucket" time="0.000" classname="com.ghana.app.qa.testcases.HighCommissionPageTest">
    <skipped/>
  </testcase> <!-- verifyApplicaInHCGApplicationBucket -->
  <testcase name="verifyApplicationSentOpens" time="0.000" classname="com.ghana.app.qa.testcases.HighCommissionPageTest">
    <skipped/>
  </testcase> <!-- verifyApplicationSentOpens -->
  <testcase name="verifyCanceAndCrossButton" time="0.000" classname="com.ghana.app.qa.testcases.HighCommissionPageTest">
    <skipped/>
  </testcase> <!-- verifyCanceAndCrossButton -->
  <testcase name="loginIntoHighCommission" time="0.000" classname="com.ghana.app.qa.testcases.HighCommissionPageTest">
    <skipped/>
  </testcase> <!-- loginIntoHighCommission -->
  <testcase name="verifHighCommissionPageTitle" time="0.000" classname="com.ghana.app.qa.testcases.HighCommissionPageTest">
    <skipped/>
  </testcase> <!-- verifHighCommissionPageTitle -->
  <testcase name="clickOnNewApplication" time="0.000" classname="com.ghana.app.qa.testcases.HighCommissionPageTest">
    <skipped/>
  </testcase> <!-- clickOnNewApplication -->
  <testcase name="passComment" time="0.000" classname="com.ghana.app.qa.testcases.HighCommissionPageTest">
    <skipped/>
  </testcase> <!-- passComment -->
  <testcase name="clickOnConfirmedAirTicketWindowClose" time="0.000" classname="com.ghana.app.qa.testcases.HighCommissionPageTest">
    <skipped/>
  </testcase> <!-- clickOnConfirmedAirTicketWindowClose -->
  <testcase name="clickOnConfirmedAirTicketWindow" time="0.000" classname="com.ghana.app.qa.testcases.HighCommissionPageTest">
    <skipped/>
  </testcase> <!-- clickOnConfirmedAirTicketWindow -->
  <testcase name="clickOnOnPhotoClose" time="0.000" classname="com.ghana.app.qa.testcases.HighCommissionPageTest">
    <skipped/>
  </testcase> <!-- clickOnOnPhotoClose -->
  <testcase name="clickOnOnPhoto" time="0.000" classname="com.ghana.app.qa.testcases.HighCommissionPageTest">
    <skipped/>
  </testcase> <!-- clickOnOnPhoto -->
  <testcase name="clickOnYellowFevervaccinationClose" time="0.000" classname="com.ghana.app.qa.testcases.HighCommissionPageTest">
    <skipped/>
  </testcase> <!-- clickOnYellowFevervaccinationClose -->
  <testcase name="clickOnYellowFevervaccination" time="0.000" classname="com.ghana.app.qa.testcases.HighCommissionPageTest">
    <skipped/>
  </testcase> <!-- clickOnYellowFevervaccination -->
  <testcase name="clickOnCoveringLetterClose" time="0.000" classname="com.ghana.app.qa.testcases.HighCommissionPageTest">
    <skipped/>
  </testcase> <!-- clickOnCoveringLetterClose -->
  <testcase name="clickOnCoveringLetter" time="0.000" classname="com.ghana.app.qa.testcases.HighCommissionPageTest">
    <skipped/>
  </testcase> <!-- clickOnCoveringLetter -->
  <testcase name="clickOnPhotoOfDraftClose" time="0.000" classname="com.ghana.app.qa.testcases.HighCommissionPageTest">
    <skipped/>
  </testcase> <!-- clickOnPhotoOfDraftClose -->
  <testcase name="clickOnPhotoOfDraft" time="0.000" classname="com.ghana.app.qa.testcases.HighCommissionPageTest">
    <skipped/>
  </testcase> <!-- clickOnPhotoOfDraft -->
  <testcase name="clickOnIdProofReferenceClose" time="0.000" classname="com.ghana.app.qa.testcases.HighCommissionPageTest">
    <skipped/>
  </testcase> <!-- clickOnIdProofReferenceClose -->
  <testcase name="clickOnIdProofReference" time="0.000" classname="com.ghana.app.qa.testcases.HighCommissionPageTest">
    <skipped/>
  </testcase> <!-- clickOnIdProofReference -->
  <testcase name="clickOnOriginalInvitationLetterClose" time="0.000" classname="com.ghana.app.qa.testcases.HighCommissionPageTest">
    <skipped/>
  </testcase> <!-- clickOnOriginalInvitationLetterClose -->
  <testcase name="clickOnOriginalInvitationLetter" time="0.000" classname="com.ghana.app.qa.testcases.HighCommissionPageTest">
    <skipped/>
  </testcase> <!-- clickOnOriginalInvitationLetter -->
  <testcase name="clickOnProofOfTransitVisaClose" time="0.000" classname="com.ghana.app.qa.testcases.HighCommissionPageTest">
    <skipped/>
  </testcase> <!-- clickOnProofOfTransitVisaClose -->
  <testcase name="clickOnProofOfTransitVisa" time="0.000" classname="com.ghana.app.qa.testcases.HighCommissionPageTest">
    <skipped/>
  </testcase> <!-- clickOnProofOfTransitVisa -->
  <testcase name="verfiyTitleOfCNDocumentVerificatonPage" time="0.000" classname="com.ghana.app.qa.testcases.HighCommissionPageTest">
    <skipped/>
  </testcase> <!-- verfiyTitleOfCNDocumentVerificatonPage -->
  <testcase name="selectAllCheckBoxAndVerify" time="0.000" classname="com.ghana.app.qa.testcases.HighCommissionPageTest">
    <skipped/>
  </testcase> <!-- selectAllCheckBoxAndVerify -->
  <testcase name="selectOneByOneCheckBoxAndVerify" time="0.000" classname="com.ghana.app.qa.testcases.HighCommissionPageTest">
    <skipped/>
  </testcase> <!-- selectOneByOneCheckBoxAndVerify -->
  <testcase name="clickOnApproveAndVerifyPopText" time="0.000" classname="com.ghana.app.qa.testcases.HighCommissionPageTest">
    <skipped/>
  </testcase> <!-- clickOnApproveAndVerifyPopText -->
  <testcase name="clickOnApproveAndVerifyPopText1" time="0.000" classname="com.ghana.app.qa.testcases.HighCommissionPageTest">
    <skipped/>
  </testcase> <!-- clickOnApproveAndVerifyPopText1 -->
  <testcase name="clickOnRejectAndVerifyPopText" time="0.000" classname="com.ghana.app.qa.testcases.HighCommissionPageTest">
    <skipped/>
  </testcase> <!-- clickOnRejectAndVerifyPopText -->
  <testcase name="clickOnRejectAndVerifyPopText1" time="0.000" classname="com.ghana.app.qa.testcases.HighCommissionPageTest">
    <skipped/>
  </testcase> <!-- clickOnRejectAndVerifyPopText1 -->
  <testcase name="clickOnInterviewScheduleAndcancel" time="0.000" classname="com.ghana.app.qa.testcases.HighCommissionPageTest">
    <skipped/>
  </testcase> <!-- clickOnInterviewScheduleAndcancel -->
  <testcase name="clickOnInterviewScheduleAndClose" time="0.000" classname="com.ghana.app.qa.testcases.HighCommissionPageTest">
    <skipped/>
  </testcase> <!-- clickOnInterviewScheduleAndClose -->
  <testcase name="passDateAndTimeInFiled" time="0.000" classname="com.ghana.app.qa.testcases.HighCommissionPageTest">
    <skipped/>
  </testcase> <!-- passDateAndTimeInFiled -->
  <testcase name="clickOnPreviousButtonAndVerifyTitleApplicantInformation" time="0.000" classname="com.ghana.app.qa.testcases.HighCommissionPageTest">
    <skipped/>
  </testcase> <!-- clickOnPreviousButtonAndVerifyTitleApplicantInformation -->
  <testcase name="clickOnNextButtonAndVerifyTitleDocumentVerifi" time="0.000" classname="com.ghana.app.qa.testcases.HighCommissionPageTest">
    <skipped/>
  </testcase> <!-- clickOnNextButtonAndVerifyTitleDocumentVerifi -->
  <testcase name="getTextFromApplicantInformation" time="0.000" classname="com.ghana.app.qa.testcases.HighCommissionPageTest">
    <skipped/>
  </testcase> <!-- getTextFromApplicantInformation -->
  <testcase name="getTextFromAddressInformation" time="0.000" classname="com.ghana.app.qa.testcases.HighCommissionPageTest">
    <skipped/>
  </testcase> <!-- getTextFromAddressInformation -->
  <testcase name="getTextFromTravelInformation" time="0.000" classname="com.ghana.app.qa.testcases.HighCommissionPageTest">
    <skipped/>
  </testcase> <!-- getTextFromTravelInformation -->
  <testcase name="approveApplication" time="0.000" classname="com.ghana.app.qa.testcases.HighCommissionPageTest">
    <skipped/>
  </testcase> <!-- approveApplication -->
  <testcase name="verifyApprovedApplicaIsInApproveBucketHCD" time="0.000" classname="com.ghana.app.qa.testcases.HighCommissionPageTest">
    <skipped/>
  </testcase> <!-- verifyApprovedApplicaIsInApproveBucketHCD -->
  <testcase name="verifyApplicationInApproveBucketInCN" time="0.000" classname="com.ghana.app.qa.testcases.HighCommissionPageTest">
    <skipped/>
  </testcase> <!-- verifyApplicationInApproveBucketInCN -->
</testsuite> <!-- com.ghana.app.qa.testcases.HighCommissionPageTest -->
