<?xml version="1.0" encoding="UTF-8"?>
<!-- Generated by org.testng.reporters.JUnitReportReporter -->
<testsuite skipped="0" hostname="namet5" name="com.ghana.app.qa.testcases.VisaCategoriesPageTest" tests="3" failures="0" timestamp="22 Feb 2019 12:37:43 GMT" time="7.059" errors="0">
  <testcase name="validateVisaPageTiltleTest" time="2.331" classname="com.ghana.app.qa.testcases.VisaCategoriesPageTest"/>
  <testcase name="getVisaCategoriesText" time="2.066" classname="com.ghana.app.qa.testcases.VisaCategoriesPageTest"/>
  <testcase name="clickOnVisaTypeTest" time="2.662" classname="com.ghana.app.qa.testcases.VisaCategoriesPageTest"/>
</testsuite> <!-- com.ghana.app.qa.testcases.VisaCategoriesPageTest -->
