<?xml version="1.0" encoding="UTF-8"?>
<!-- Generated by org.testng.reporters.JUnitReportReporter -->
<testsuite skipped="0" hostname="RahulKardels-Mac-mini-2.local" name="com.ghana.app.qa.testcases.ConsulatePageTest" tests="12" failures="0" timestamp="05 Mar 2019 12:16:31 GMT" time="11.572" errors="0">
  <testcase name="loginIntoConsulate" time="1.292" classname="com.ghana.app.qa.testcases.ConsulatePageTest"/>
  <testcase name="verifyTitleOfConsulateTitle" time="0.049" classname="com.ghana.app.qa.testcases.ConsulatePageTest"/>
  <testcase name="clickOnNewApplication" time="1.482" classname="com.ghana.app.qa.testcases.ConsulatePageTest"/>
  <testcase name="verfiyTitleOfCNAddressInfoPage" time="0.531" classname="com.ghana.app.qa.testcases.ConsulatePageTest"/>
  <testcase name="verfiyTitleOfCNTravelInfoPage" time="0.615" classname="com.ghana.app.qa.testcases.ConsulatePageTest"/>
  <testcase name="verfiyTitleOfCNDocumentVerificatonPage" time="0.685" classname="com.ghana.app.qa.testcases.ConsulatePageTest"/>
  <testcase name="clickOnCheckBoxes" time="0.253" classname="com.ghana.app.qa.testcases.ConsulatePageTest"/>
  <testcase name="clickOnApplicantInfor" time="0.600" classname="com.ghana.app.qa.testcases.ConsulatePageTest"/>
  <testcase name="clickOnNextButtonAndVerifyTitleAddressInformation" time="0.588" classname="com.ghana.app.qa.testcases.ConsulatePageTest"/>
  <testcase name="clickOnNextButtonAndVerifyTitleTravelInformation" time="0.642" classname="com.ghana.app.qa.testcases.ConsulatePageTest"/>
  <testcase name="clickOnNextButtonAndVerifyTitleDocumentVerification" time="0.595" classname="com.ghana.app.qa.testcases.ConsulatePageTest"/>
  <testcase name="clickOnApprove" time="4.240" classname="com.ghana.app.qa.testcases.ConsulatePageTest"/>
</testsuite> <!-- com.ghana.app.qa.testcases.ConsulatePageTest -->
