<?xml version="1.0" encoding="UTF-8"?>
<!-- Generated by org.testng.reporters.JUnitReportReporter -->
<testsuite skipped="0" hostname="RahulKaelsMini2" name="com.ghana.app.qa.testcases.VisaPaymentPageTest" tests="55" failures="0" timestamp="24 Apr 2019 10:37:28 GMT" time="76.912" errors="0">
  <testcase name="validateHomePageTitle" time="0.019" classname="com.ghana.app.qa.testcases.VisaPaymentPageTest"/>
  <testcase name="verifyApplyVisaClickTest" time="1.011" classname="com.ghana.app.qa.testcases.VisaPaymentPageTest"/>
  <testcase name="getVisaCategoriesText" time="0.049" classname="com.ghana.app.qa.testcases.VisaPaymentPageTest"/>
  <testcase name="clickOnVisaTypeTest" time="4.765" classname="com.ghana.app.qa.testcases.VisaPaymentPageTest"/>
  <testcase name="selectPassPortType" time="5.664" classname="com.ghana.app.qa.testcases.VisaPaymentPageTest"/>
  <testcase name="selectNationalityTest" time="2.426" classname="com.ghana.app.qa.testcases.VisaPaymentPageTest"/>
  <testcase name="selectPortOfArrivalTest" time="0.104" classname="com.ghana.app.qa.testcases.VisaPaymentPageTest"/>
  <testcase name="passPhoneNoTest" time="0.155" classname="com.ghana.app.qa.testcases.VisaPaymentPageTest"/>
  <testcase name="passEmailIdTest" time="0.349" classname="com.ghana.app.qa.testcases.VisaPaymentPageTest"/>
  <testcase name="passReEmailIdTest" time="0.277" classname="com.ghana.app.qa.testcases.VisaPaymentPageTest"/>
  <testcase name="enterCaptchaFieldTest" time="4.142" classname="com.ghana.app.qa.testcases.VisaPaymentPageTest"/>
  <testcase name="selectDateOfBirthTest" time="0.166" classname="com.ghana.app.qa.testcases.VisaPaymentPageTest"/>
  <testcase name="clickOnSaveAndContinueBtnTest" time="7.140" classname="com.ghana.app.qa.testcases.VisaPaymentPageTest"/>
  <testcase name="getApplicationPageTitleTest" time="2.007" classname="com.ghana.app.qa.testcases.VisaPaymentPageTest"/>
  <testcase name="getApplicationIdTest" time="0.030" classname="com.ghana.app.qa.testcases.VisaPaymentPageTest"/>
  <testcase name="selectVisaFeesTest" time="0.132" classname="com.ghana.app.qa.testcases.VisaPaymentPageTest"/>
  <testcase name="selectVisaLocationTest" time="0.151" classname="com.ghana.app.qa.testcases.VisaPaymentPageTest"/>
  <testcase name="passFirstNameTest" time="0.355" classname="com.ghana.app.qa.testcases.VisaPaymentPageTest"/>
  <testcase name="passLastNameTest" time="0.122" classname="com.ghana.app.qa.testcases.VisaPaymentPageTest"/>
  <testcase name="passPassportNumberTest" time="0.119" classname="com.ghana.app.qa.testcases.VisaPaymentPageTest"/>
  <testcase name="clickOnGenderTest" time="2.118" classname="com.ghana.app.qa.testcases.VisaPaymentPageTest"/>
  <testcase name="selectPassIssueDateTest" time="0.149" classname="com.ghana.app.qa.testcases.VisaPaymentPageTest"/>
  <testcase name="selectPassExpiryDateTest" time="0.167" classname="com.ghana.app.qa.testcases.VisaPaymentPageTest"/>
  <testcase name="passPlaceOfBirthTest" time="0.134" classname="com.ghana.app.qa.testcases.VisaPaymentPageTest"/>
  <testcase name="clickOnSaveAndContinueTest" time="4.508" classname="com.ghana.app.qa.testcases.VisaPaymentPageTest"/>
  <testcase name="selectFormerNationalityTest" time="2.165" classname="com.ghana.app.qa.testcases.VisaPaymentPageTest"/>
  <testcase name="filladdressInfoTest" time="1.632" classname="com.ghana.app.qa.testcases.VisaPaymentPageTest"/>
  <testcase name="clickSaveAndContinuebtnTest" time="0.475" classname="com.ghana.app.qa.testcases.VisaPaymentPageTest"/>
  <testcase name="emergencyContactDetailsTest" time="0.431" classname="com.ghana.app.qa.testcases.VisaPaymentPageTest"/>
  <testcase name="selectRelationTest" time="0.165" classname="com.ghana.app.qa.testcases.VisaPaymentPageTest"/>
  <testcase name="emergencyProfessionDetailsTest" time="1.201" classname="com.ghana.app.qa.testcases.VisaPaymentPageTest"/>
  <testcase name="clickOnCintinueBtnTest" time="4.651" classname="com.ghana.app.qa.testcases.VisaPaymentPageTest"/>
  <testcase name="clickOnIsApplicantPossessionRoundTicketTest" time="0.118" classname="com.ghana.app.qa.testcases.VisaPaymentPageTest"/>
  <testcase name="passDateOfDepartureTest" time="0.141" classname="com.ghana.app.qa.testcases.VisaPaymentPageTest"/>
  <testcase name="passTicketNumberTest" time="0.164" classname="com.ghana.app.qa.testcases.VisaPaymentPageTest"/>
  <testcase name="clickOnTravelByTest" time="0.150" classname="com.ghana.app.qa.testcases.VisaPaymentPageTest"/>
  <testcase name="clickPurpose_of_journeyTest" time="0.129" classname="com.ghana.app.qa.testcases.VisaPaymentPageTest"/>
  <testcase name="passPrimaryRefFirstnameTest" time="0.101" classname="com.ghana.app.qa.testcases.VisaPaymentPageTest"/>
  <testcase name="passPrimaryRefLastnameTest" time="0.143" classname="com.ghana.app.qa.testcases.VisaPaymentPageTest"/>
  <testcase name="pass_Primary_ref_addressTest" time="0.315" classname="com.ghana.app.qa.testcases.VisaPaymentPageTest"/>
  <testcase name="pass_primary_ref_pincodeTest" time="0.113" classname="com.ghana.app.qa.testcases.VisaPaymentPageTest"/>
  <testcase name="pass_primary_ref_cityTest" time="0.265" classname="com.ghana.app.qa.testcases.VisaPaymentPageTest"/>
  <testcase name="pass_primary_ref_stateTest" time="0.258" classname="com.ghana.app.qa.testcases.VisaPaymentPageTest"/>
  <testcase name="pass_primary_ref_countryTest" time="0.137" classname="com.ghana.app.qa.testcases.VisaPaymentPageTest"/>
  <testcase name="pass_primary_ref_phone_numberTest" time="0.172" classname="com.ghana.app.qa.testcases.VisaPaymentPageTest"/>
  <testcase name="PassSecondaryRefDetailsTest" time="1.333" classname="com.ghana.app.qa.testcases.VisaPaymentPageTest"/>
  <testcase name="clickOnContinuebuttonTest" time="0.827" classname="com.ghana.app.qa.testcases.VisaPaymentPageTest"/>
  <testcase name="getUploadDocTest" time="0.401" classname="com.ghana.app.qa.testcases.VisaPaymentPageTest"/>
  <testcase name="clickOnContinuebuttonTest1" time="0.129" classname="com.ghana.app.qa.testcases.VisaPaymentPageTest"/>
  <testcase name="getTextPersonalInfoTest" time="0.180" classname="com.ghana.app.qa.testcases.VisaPaymentPageTest"/>
  <testcase name="getTextAddressInfoTest" time="0.228" classname="com.ghana.app.qa.testcases.VisaPaymentPageTest"/>
  <testcase name="getTextEmergencyContactTest" time="0.286" classname="com.ghana.app.qa.testcases.VisaPaymentPageTest"/>
  <testcase name="getTextTravelInfoTest" time="0.472" classname="com.ghana.app.qa.testcases.VisaPaymentPageTest"/>
  <testcase name="clickOnContinueBtnTest" time="0.400" classname="com.ghana.app.qa.testcases.VisaPaymentPageTest"/>
  <testcase name="verifyClickOnSubmitBtnTest" time="23.471" classname="com.ghana.app.qa.testcases.VisaPaymentPageTest"/>
</testsuite> <!-- com.ghana.app.qa.testcases.VisaPaymentPageTest -->
