<?xml version="1.0" encoding="UTF-8"?>
<!-- Generated by org.testng.reporters.JUnitReportReporter -->
<testsuite skipped="0" hostname="RahulKaelsMini2" name="com.ghana.app.qa.testcases.CNLoginTest" tests="6" failures="0" timestamp="09 Mar 2019 09:09:33 GMT" time="3.404" errors="0">
  <testcase name="loginfunctionaltyTest1" time="1.850" classname="com.ghana.app.qa.testcases.CNLoginTest"/>
  <testcase name="loginfunctionaltyTest2" time="0.367" classname="com.ghana.app.qa.testcases.CNLoginTest"/>
  <testcase name="loginfunctionaltyTest5" time="0.294" classname="com.ghana.app.qa.testcases.CNLoginTest"/>
  <testcase name="loginfunctionaltyTest6" time="0.394" classname="com.ghana.app.qa.testcases.CNLoginTest"/>
  <testcase name="loginfunctionaltyTest4" time="0.263" classname="com.ghana.app.qa.testcases.CNLoginTest"/>
  <testcase name="loginfunctionaltyTest3" time="0.236" classname="com.ghana.app.qa.testcases.CNLoginTest"/>
</testsuite> <!-- com.ghana.app.qa.testcases.CNLoginTest -->
