<?xml version="1.0" encoding="UTF-8"?>
<!-- Generated by org.testng.reporters.JUnitReportReporter -->
<testsuite skipped="0" hostname="namet5" name="com.ghana.app.qa.testcases.ApplicationFormFilling" tests="47" failures="0" timestamp="08 May 2019 08:32:13 GMT" time="40.745" errors="0">
  <testcase name="validateHomePageTitle" time="0.065" classname="com.ghana.app.qa.testcases.ApplicationFormFilling"/>
  <testcase name="verifyApplyVisaClickTest" time="0.292" classname="com.ghana.app.qa.testcases.ApplicationFormFilling"/>
  <testcase name="getVisaCategoriesText" time="0.047" classname="com.ghana.app.qa.testcases.ApplicationFormFilling"/>
  <testcase name="clickOnVisaTypeTest" time="1.457" classname="com.ghana.app.qa.testcases.ApplicationFormFilling"/>
  <testcase name="selectPassPortType" time="4.755" classname="com.ghana.app.qa.testcases.ApplicationFormFilling"/>
  <testcase name="selectNationalityTest" time="2.403" classname="com.ghana.app.qa.testcases.ApplicationFormFilling"/>
  <testcase name="selectPortOfArrivalTest" time="0.489" classname="com.ghana.app.qa.testcases.ApplicationFormFilling"/>
  <testcase name="passPhoneNoTest" time="0.168" classname="com.ghana.app.qa.testcases.ApplicationFormFilling"/>
  <testcase name="passEmailIdTest" time="0.278" classname="com.ghana.app.qa.testcases.ApplicationFormFilling"/>
  <testcase name="passReEmailIdTest" time="0.323" classname="com.ghana.app.qa.testcases.ApplicationFormFilling"/>
  <testcase name="enterCaptchaFieldTest" time="4.166" classname="com.ghana.app.qa.testcases.ApplicationFormFilling"/>
  <testcase name="selectDateOfBirthTest" time="0.158" classname="com.ghana.app.qa.testcases.ApplicationFormFilling"/>
  <testcase name="clickOnSaveAndContinueBtnTest" time="3.370" classname="com.ghana.app.qa.testcases.ApplicationFormFilling"/>
  <testcase name="getApplicationPageTitleTest" time="2.008" classname="com.ghana.app.qa.testcases.ApplicationFormFilling"/>
  <testcase name="getApplicationIdTest" time="0.041" classname="com.ghana.app.qa.testcases.ApplicationFormFilling"/>
  <testcase name="passFirstNameTest" time="0.248" classname="com.ghana.app.qa.testcases.ApplicationFormFilling"/>
  <testcase name="passLastNameTest" time="0.104" classname="com.ghana.app.qa.testcases.ApplicationFormFilling"/>
  <testcase name="passPassportNumberTest" time="0.103" classname="com.ghana.app.qa.testcases.ApplicationFormFilling"/>
  <testcase name="clickOnGenderTest" time="2.112" classname="com.ghana.app.qa.testcases.ApplicationFormFilling"/>
  <testcase name="selectPassIssueDateTest" time="0.180" classname="com.ghana.app.qa.testcases.ApplicationFormFilling"/>
  <testcase name="selectPassExpiryDateTest" time="0.161" classname="com.ghana.app.qa.testcases.ApplicationFormFilling"/>
  <testcase name="passPlaceOfBirthTest" time="0.105" classname="com.ghana.app.qa.testcases.ApplicationFormFilling"/>
  <testcase name="clickOnSaveAndContinueTest" time="4.200" classname="com.ghana.app.qa.testcases.ApplicationFormFilling"/>
  <testcase name="selectFormerNationalityTest" time="2.209" classname="com.ghana.app.qa.testcases.ApplicationFormFilling"/>
  <testcase name="filladdressInfoTest" time="1.338" classname="com.ghana.app.qa.testcases.ApplicationFormFilling"/>
  <testcase name="clickSaveAndContinuebtnTest" time="0.175" classname="com.ghana.app.qa.testcases.ApplicationFormFilling"/>
  <testcase name="emergencyContactDetailsTest" time="0.325" classname="com.ghana.app.qa.testcases.ApplicationFormFilling"/>
  <testcase name="selectRelationTest" time="0.137" classname="com.ghana.app.qa.testcases.ApplicationFormFilling"/>
  <testcase name="emergencyProfessionDetailsTest" time="1.032" classname="com.ghana.app.qa.testcases.ApplicationFormFilling"/>
  <testcase name="clickOnCintinueBtnTest" time="4.371" classname="com.ghana.app.qa.testcases.ApplicationFormFilling"/>
  <testcase name="clickOnIsApplicantPossessionRoundTicketTest" time="0.158" classname="com.ghana.app.qa.testcases.ApplicationFormFilling"/>
  <testcase name="passDateOfDepartureTest" time="0.150" classname="com.ghana.app.qa.testcases.ApplicationFormFilling"/>
  <testcase name="passTicketNumberTest" time="0.123" classname="com.ghana.app.qa.testcases.ApplicationFormFilling"/>
  <testcase name="clickOnTravelByTest" time="0.117" classname="com.ghana.app.qa.testcases.ApplicationFormFilling"/>
  <testcase name="clickPurpose_of_journeyTest" time="0.125" classname="com.ghana.app.qa.testcases.ApplicationFormFilling"/>
  <testcase name="passPrimaryRefFirstnameTest" time="0.087" classname="com.ghana.app.qa.testcases.ApplicationFormFilling"/>
  <testcase name="passPrimaryRefLastnameTest" time="0.111" classname="com.ghana.app.qa.testcases.ApplicationFormFilling"/>
  <testcase name="pass_Primary_ref_addressTest" time="0.245" classname="com.ghana.app.qa.testcases.ApplicationFormFilling"/>
  <testcase name="pass_primary_ref_pincodeTest" time="0.105" classname="com.ghana.app.qa.testcases.ApplicationFormFilling"/>
  <testcase name="pass_primary_ref_cityTest" time="0.173" classname="com.ghana.app.qa.testcases.ApplicationFormFilling"/>
  <testcase name="pass_primary_ref_stateTest" time="0.160" classname="com.ghana.app.qa.testcases.ApplicationFormFilling"/>
  <testcase name="pass_primary_ref_countryTest" time="0.097" classname="com.ghana.app.qa.testcases.ApplicationFormFilling"/>
  <testcase name="pass_primary_ref_phone_numberTest" time="0.125" classname="com.ghana.app.qa.testcases.ApplicationFormFilling"/>
  <testcase name="PassSecondaryRefDetailsTest" time="1.218" classname="com.ghana.app.qa.testcases.ApplicationFormFilling"/>
  <testcase name="clickOnContinuebuttonTest" time="0.490" classname="com.ghana.app.qa.testcases.ApplicationFormFilling"/>
  <testcase name="getUploadDocTest" time="0.284" classname="com.ghana.app.qa.testcases.ApplicationFormFilling"/>
  <testcase name="clickOnContinuebuttonTest1" time="0.157" classname="com.ghana.app.qa.testcases.ApplicationFormFilling"/>
</testsuite> <!-- com.ghana.app.qa.testcases.ApplicationFormFilling -->
