<?xml version="1.0" encoding="UTF-8"?>
<!-- Generated by org.testng.reporters.JUnitReportReporter -->
<testsuite skipped="0" hostname="RahulKaelsMini2" name="com.ghana.app.qa.testcases.ConsulatePageTest" tests="15" failures="3" timestamp="12 Mar 2019 08:17:10 GMT" time="23.065" errors="0">
  <testcase name="loginIntoConsulate" time="1.303" classname="com.ghana.app.qa.testcases.ConsulatePageTest"/>
  <testcase name="verifyTitleOfConsulateTitle" time="0.025" classname="com.ghana.app.qa.testcases.ConsulatePageTest"/>
  <testcase name="clickOnNewApplication" time="1.823" classname="com.ghana.app.qa.testcases.ConsulatePageTest"/>
  <testcase name="verfiyTitleOfCNAddressInfoPage" time="0.650" classname="com.ghana.app.qa.testcases.ConsulatePageTest"/>
  <testcase name="verfiyTitleOfCNTravelInfoPage" time="0.601" classname="com.ghana.app.qa.testcases.ConsulatePageTest"/>
  <testcase name="verfiyTitleOfCNDocumentVerificatonPage" time="0.639" classname="com.ghana.app.qa.testcases.ConsulatePageTest"/>
  <testcase name="passComment" time="1.087" classname="com.ghana.app.qa.testcases.ConsulatePageTest"/>
  <testcase name="clickOnApplicantInfor" time="2.585" classname="com.ghana.app.qa.testcases.ConsulatePageTest"/>
  <testcase name="clickOnNextButtonAndVerifyTitleAddressInformation" time="0.610" classname="com.ghana.app.qa.testcases.ConsulatePageTest"/>
  <testcase name="clickOnNextButtonAndVerifyTitleTravelInformation" time="0.620" classname="com.ghana.app.qa.testcases.ConsulatePageTest"/>
  <testcase name="clickOnNextButtonAndVerifyTitleDocumentVerification" time="0.582" classname="com.ghana.app.qa.testcases.ConsulatePageTest"/>
  <testcase name="selectAllCheckBoxAndVerify" time="4.663" classname="com.ghana.app.qa.testcases.ConsulatePageTest"/>
  <testcase name="unselectAndVerify" time="4.552" classname="com.ghana.app.qa.testcases.ConsulatePageTest">
    <failure type="java.lang.AssertionError" message="The following asserts failed:
	All check Boxes is not selected upon clicking on [Select All Check] from Document Verification page expected [true] but found [false]">
      <![CDATA[java.lang.AssertionError: The following asserts failed:
All check Boxes is not selected upon clicking on [Select All Check] from Document Verification page expected [true] but found [false]
at org.testng.asserts.SoftAssert.assertAll(SoftAssert.java:43)
at com.ghana.app.qa.testcases.ConsulatePageTest.unselectAndVerify(ConsulatePageTest.java:350)
at sun.reflect.NativeMethodAccessorImpl.invoke0(Native Method)
at sun.reflect.NativeMethodAccessorImpl.invoke(NativeMethodAccessorImpl.java:62)
at sun.reflect.DelegatingMethodAccessorImpl.invoke(DelegatingMethodAccessorImpl.java:43)
at java.lang.reflect.Method.invoke(Method.java:498)
at org.testng.internal.MethodInvocationHelper.invokeMethod(MethodInvocationHelper.java:124)
at org.testng.internal.Invoker.invokeMethod(Invoker.java:583)
at org.testng.internal.Invoker.invokeTestMethod(Invoker.java:719)
at org.testng.internal.Invoker.invokeTestMethods(Invoker.java:989)
at org.testng.internal.TestMethodWorker.invokeTestMethods(TestMethodWorker.java:125)
at org.testng.internal.TestMethodWorker.run(TestMethodWorker.java:109)
at org.testng.TestRunner.privateRun(TestRunner.java:648)
at org.testng.TestRunner.run(TestRunner.java:505)
at org.testng.SuiteRunner.runTest(SuiteRunner.java:455)
at org.testng.SuiteRunner.runSequentially(SuiteRunner.java:450)
at org.testng.SuiteRunner.privateRun(SuiteRunner.java:415)
at org.testng.SuiteRunner.run(SuiteRunner.java:364)
at org.testng.SuiteRunnerWorker.runSuite(SuiteRunnerWorker.java:52)
at org.testng.SuiteRunnerWorker.run(SuiteRunnerWorker.java:84)
at org.testng.TestNG.runSuitesSequentially(TestNG.java:1208)
at org.testng.TestNG.runSuitesLocally(TestNG.java:1137)
at org.testng.TestNG.runSuites(TestNG.java:1049)
at org.testng.TestNG.run(TestNG.java:1017)
at org.testng.remote.AbstractRemoteTestNG.run(AbstractRemoteTestNG.java:114)
at org.testng.remote.RemoteTestNG.initAndRun(RemoteTestNG.java:251)
at org.testng.remote.RemoteTestNG.main(RemoteTestNG.java:77)
]]>
    </failure>
  </testcase> <!-- unselectAndVerify -->
  <testcase name="selectOneByOneCheckBoxAndVerify" time="1.459" classname="com.ghana.app.qa.testcases.ConsulatePageTest">
    <failure type="java.lang.AssertionError" message="The following asserts failed:
	All check Boxes is not selected upon clicking on [Select All Check] from Document Verification page expected [true] but found [false]">
      <![CDATA[java.lang.AssertionError: The following asserts failed:
All check Boxes is not selected upon clicking on [Select All Check] from Document Verification page expected [true] but found [false]
at org.testng.asserts.SoftAssert.assertAll(SoftAssert.java:43)
at com.ghana.app.qa.testcases.ConsulatePageTest.selectOneByOneCheckBoxAndVerify(ConsulatePageTest.java:362)
at sun.reflect.NativeMethodAccessorImpl.invoke0(Native Method)
at sun.reflect.NativeMethodAccessorImpl.invoke(NativeMethodAccessorImpl.java:62)
at sun.reflect.DelegatingMethodAccessorImpl.invoke(DelegatingMethodAccessorImpl.java:43)
at java.lang.reflect.Method.invoke(Method.java:498)
at org.testng.internal.MethodInvocationHelper.invokeMethod(MethodInvocationHelper.java:124)
at org.testng.internal.Invoker.invokeMethod(Invoker.java:583)
at org.testng.internal.Invoker.invokeTestMethod(Invoker.java:719)
at org.testng.internal.Invoker.invokeTestMethods(Invoker.java:989)
at org.testng.internal.TestMethodWorker.invokeTestMethods(TestMethodWorker.java:125)
at org.testng.internal.TestMethodWorker.run(TestMethodWorker.java:109)
at org.testng.TestRunner.privateRun(TestRunner.java:648)
at org.testng.TestRunner.run(TestRunner.java:505)
at org.testng.SuiteRunner.runTest(SuiteRunner.java:455)
at org.testng.SuiteRunner.runSequentially(SuiteRunner.java:450)
at org.testng.SuiteRunner.privateRun(SuiteRunner.java:415)
at org.testng.SuiteRunner.run(SuiteRunner.java:364)
at org.testng.SuiteRunnerWorker.runSuite(SuiteRunnerWorker.java:52)
at org.testng.SuiteRunnerWorker.run(SuiteRunnerWorker.java:84)
at org.testng.TestNG.runSuitesSequentially(TestNG.java:1208)
at org.testng.TestNG.runSuitesLocally(TestNG.java:1137)
at org.testng.TestNG.runSuites(TestNG.java:1049)
at org.testng.TestNG.run(TestNG.java:1017)
at org.testng.remote.AbstractRemoteTestNG.run(AbstractRemoteTestNG.java:114)
at org.testng.remote.RemoteTestNG.initAndRun(RemoteTestNG.java:251)
at org.testng.remote.RemoteTestNG.main(RemoteTestNG.java:77)
]]>
    </failure>
  </testcase> <!-- selectOneByOneCheckBoxAndVerify -->
  <testcase name="unselectOneByOneAndVerify" time="1.866" classname="com.ghana.app.qa.testcases.ConsulatePageTest">
    <failure type="java.lang.AssertionError" message="The following asserts failed:
	All check Boxes is not selected upon clicking on [Select All Check] from Document Verification page expected [true] but found [false],
	Check Boxes is not selected upon clicking on [One By One Check] from Document Verification page expected [false] but found [true]">
      <![CDATA[java.lang.AssertionError: The following asserts failed:
All check Boxes is not selected upon clicking on [Select All Check] from Document Verification page expected [true] but found [false],
Check Boxes is not selected upon clicking on [One By One Check] from Document Verification page expected [false] but found [true]
at org.testng.asserts.SoftAssert.assertAll(SoftAssert.java:43)
at com.ghana.app.qa.testcases.ConsulatePageTest.unselectOneByOneAndVerify(ConsulatePageTest.java:374)
at sun.reflect.NativeMethodAccessorImpl.invoke0(Native Method)
at sun.reflect.NativeMethodAccessorImpl.invoke(NativeMethodAccessorImpl.java:62)
at sun.reflect.DelegatingMethodAccessorImpl.invoke(DelegatingMethodAccessorImpl.java:43)
at java.lang.reflect.Method.invoke(Method.java:498)
at org.testng.internal.MethodInvocationHelper.invokeMethod(MethodInvocationHelper.java:124)
at org.testng.internal.Invoker.invokeMethod(Invoker.java:583)
at org.testng.internal.Invoker.invokeTestMethod(Invoker.java:719)
at org.testng.internal.Invoker.invokeTestMethods(Invoker.java:989)
at org.testng.internal.TestMethodWorker.invokeTestMethods(TestMethodWorker.java:125)
at org.testng.internal.TestMethodWorker.run(TestMethodWorker.java:109)
at org.testng.TestRunner.privateRun(TestRunner.java:648)
at org.testng.TestRunner.run(TestRunner.java:505)
at org.testng.SuiteRunner.runTest(SuiteRunner.java:455)
at org.testng.SuiteRunner.runSequentially(SuiteRunner.java:450)
at org.testng.SuiteRunner.privateRun(SuiteRunner.java:415)
at org.testng.SuiteRunner.run(SuiteRunner.java:364)
at org.testng.SuiteRunnerWorker.runSuite(SuiteRunnerWorker.java:52)
at org.testng.SuiteRunnerWorker.run(SuiteRunnerWorker.java:84)
at org.testng.TestNG.runSuitesSequentially(TestNG.java:1208)
at org.testng.TestNG.runSuitesLocally(TestNG.java:1137)
at org.testng.TestNG.runSuites(TestNG.java:1049)
at org.testng.TestNG.run(TestNG.java:1017)
at org.testng.remote.AbstractRemoteTestNG.run(AbstractRemoteTestNG.java:114)
at org.testng.remote.RemoteTestNG.initAndRun(RemoteTestNG.java:251)
at org.testng.remote.RemoteTestNG.main(RemoteTestNG.java:77)
]]>
    </failure>
  </testcase> <!-- unselectOneByOneAndVerify -->
</testsuite> <!-- com.ghana.app.qa.testcases.ConsulatePageTest -->
