<?xml version="1.0" encoding="UTF-8"?>
<!-- Generated by org.testng.reporters.JUnitReportReporter -->
<testsuite skipped="0" hostname="Torenzo" name="com.ghana.app.qa.testcases.CNLoginTest" tests="7" failures="0" timestamp="16 Mar 2019 08:21:08 GMT" time="5.483" errors="0">
  <testcase name="loginfunctionaltyTest1" time="1.158" classname="com.ghana.app.qa.testcases.CNLoginTest"/>
  <testcase name="loginfunctionaltyTest2" time="0.347" classname="com.ghana.app.qa.testcases.CNLoginTest"/>
  <testcase name="loginfunctionaltyTest3" time="0.188" classname="com.ghana.app.qa.testcases.CNLoginTest"/>
  <testcase name="loginfunctionaltyTest4" time="0.208" classname="com.ghana.app.qa.testcases.CNLoginTest"/>
  <testcase name="loginfunctionaltyTest5" time="0.241" classname="com.ghana.app.qa.testcases.CNLoginTest"/>
  <testcase name="loginfunctionaltyTest6" time="0.172" classname="com.ghana.app.qa.testcases.CNLoginTest"/>
  <testcase name="loginfunctionaltyTest7" time="3.169" classname="com.ghana.app.qa.testcases.CNLoginTest"/>
</testsuite> <!-- com.ghana.app.qa.testcases.CNLoginTest -->
