<?xml version="1.0" encoding="UTF-8"?>
<!-- Generated by org.testng.reporters.JUnitReportReporter -->
<testsuite skipped="0" hostname="RahulKaelsMini2" name="com.ghana.app.qa.testcases.ApplicationFormFilling" tests="49" failures="0" timestamp="21 Mar 2019 07:02:40 GMT" time="38.516" errors="0">
  <testcase name="validateHomePageTitle" time="0.019" classname="com.ghana.app.qa.testcases.ApplicationFormFilling"/>
  <testcase name="verifyApplyVisaClickTest" time="0.288" classname="com.ghana.app.qa.testcases.ApplicationFormFilling"/>
  <testcase name="getVisaCategoriesText" time="0.050" classname="com.ghana.app.qa.testcases.ApplicationFormFilling"/>
  <testcase name="clickOnVisaTypeTest" time="0.607" classname="com.ghana.app.qa.testcases.ApplicationFormFilling"/>
  <testcase name="selectPassPortType" time="6.270" classname="com.ghana.app.qa.testcases.ApplicationFormFilling"/>
  <testcase name="selectNationalityTest" time="2.373" classname="com.ghana.app.qa.testcases.ApplicationFormFilling"/>
  <testcase name="selectPortOfArrivalTest" time="0.105" classname="com.ghana.app.qa.testcases.ApplicationFormFilling"/>
  <testcase name="passPhoneNoTest" time="0.149" classname="com.ghana.app.qa.testcases.ApplicationFormFilling"/>
  <testcase name="passEmailIdTest" time="0.307" classname="com.ghana.app.qa.testcases.ApplicationFormFilling"/>
  <testcase name="passReEmailIdTest" time="0.275" classname="com.ghana.app.qa.testcases.ApplicationFormFilling"/>
  <testcase name="enterCaptchaFieldTest" time="0.112" classname="com.ghana.app.qa.testcases.ApplicationFormFilling"/>
  <testcase name="selectDateOfBirthTest" time="1.236" classname="com.ghana.app.qa.testcases.ApplicationFormFilling"/>
  <testcase name="clickOnSaveAndContinueBtnTest" time="2.038" classname="com.ghana.app.qa.testcases.ApplicationFormFilling"/>
  <testcase name="getApplicationPageTitleTest" time="2.009" classname="com.ghana.app.qa.testcases.ApplicationFormFilling"/>
  <testcase name="getApplicationIdTest" time="0.031" classname="com.ghana.app.qa.testcases.ApplicationFormFilling"/>
  <testcase name="selectVisaFeesTest" time="0.126" classname="com.ghana.app.qa.testcases.ApplicationFormFilling"/>
  <testcase name="selectVisaLocationTest" time="0.148" classname="com.ghana.app.qa.testcases.ApplicationFormFilling"/>
  <testcase name="passFirstNameTest" time="0.138" classname="com.ghana.app.qa.testcases.ApplicationFormFilling"/>
  <testcase name="passLastNameTest" time="0.149" classname="com.ghana.app.qa.testcases.ApplicationFormFilling"/>
  <testcase name="passPassportNumberTest" time="0.148" classname="com.ghana.app.qa.testcases.ApplicationFormFilling"/>
  <testcase name="clickOnGenderTest" time="2.117" classname="com.ghana.app.qa.testcases.ApplicationFormFilling"/>
  <testcase name="selectPassIssueDateTest" time="0.236" classname="com.ghana.app.qa.testcases.ApplicationFormFilling"/>
  <testcase name="selectPassExpiryDateTest" time="0.342" classname="com.ghana.app.qa.testcases.ApplicationFormFilling"/>
  <testcase name="passPlaceOfBirthTest" time="0.114" classname="com.ghana.app.qa.testcases.ApplicationFormFilling"/>
  <testcase name="clickOnSaveAndContinueTest" time="4.299" classname="com.ghana.app.qa.testcases.ApplicationFormFilling"/>
  <testcase name="selectFormerNationalityTest" time="2.241" classname="com.ghana.app.qa.testcases.ApplicationFormFilling"/>
  <testcase name="filladdressInfoTest" time="1.500" classname="com.ghana.app.qa.testcases.ApplicationFormFilling"/>
  <testcase name="clickSaveAndContinuebtnTest" time="0.195" classname="com.ghana.app.qa.testcases.ApplicationFormFilling"/>
  <testcase name="emergencyContactDetailsTest" time="0.355" classname="com.ghana.app.qa.testcases.ApplicationFormFilling"/>
  <testcase name="selectRelationTest" time="0.161" classname="com.ghana.app.qa.testcases.ApplicationFormFilling"/>
  <testcase name="emergencyProfessionDetailsTest" time="1.151" classname="com.ghana.app.qa.testcases.ApplicationFormFilling"/>
  <testcase name="clickOnCintinueBtnTest" time="4.388" classname="com.ghana.app.qa.testcases.ApplicationFormFilling"/>
  <testcase name="clickOnIsApplicantPossessionRoundTicketTest" time="0.121" classname="com.ghana.app.qa.testcases.ApplicationFormFilling"/>
  <testcase name="passDateOfDepartureTest" time="0.356" classname="com.ghana.app.qa.testcases.ApplicationFormFilling"/>
  <testcase name="passTicketNumberTest" time="0.215" classname="com.ghana.app.qa.testcases.ApplicationFormFilling"/>
  <testcase name="clickOnTravelByTest" time="0.154" classname="com.ghana.app.qa.testcases.ApplicationFormFilling"/>
  <testcase name="clickPurpose_of_journeyTest" time="0.133" classname="com.ghana.app.qa.testcases.ApplicationFormFilling"/>
  <testcase name="passPrimaryRefFirstnameTest" time="0.108" classname="com.ghana.app.qa.testcases.ApplicationFormFilling"/>
  <testcase name="passPrimaryRefLastnameTest" time="0.152" classname="com.ghana.app.qa.testcases.ApplicationFormFilling"/>
  <testcase name="pass_Primary_ref_addressTest" time="0.297" classname="com.ghana.app.qa.testcases.ApplicationFormFilling"/>
  <testcase name="pass_primary_ref_pincodeTest" time="0.119" classname="com.ghana.app.qa.testcases.ApplicationFormFilling"/>
  <testcase name="pass_primary_ref_cityTest" time="0.236" classname="com.ghana.app.qa.testcases.ApplicationFormFilling"/>
  <testcase name="pass_primary_ref_stateTest" time="0.202" classname="com.ghana.app.qa.testcases.ApplicationFormFilling"/>
  <testcase name="pass_primary_ref_countryTest" time="0.120" classname="com.ghana.app.qa.testcases.ApplicationFormFilling"/>
  <testcase name="pass_primary_ref_phone_numberTest" time="0.188" classname="com.ghana.app.qa.testcases.ApplicationFormFilling"/>
  <testcase name="PassSecondaryRefDetailsTest" time="1.332" classname="com.ghana.app.qa.testcases.ApplicationFormFilling"/>
  <testcase name="clickOnContinuebuttonTest" time="0.622" classname="com.ghana.app.qa.testcases.ApplicationFormFilling"/>
  <testcase name="getUploadDocTest" time="0.343" classname="com.ghana.app.qa.testcases.ApplicationFormFilling"/>
  <testcase name="clickOnContinuebuttonTest1" time="0.141" classname="com.ghana.app.qa.testcases.ApplicationFormFilling"/>
</testsuite> <!-- com.ghana.app.qa.testcases.ApplicationFormFilling -->
