<?xml version="1.0" encoding="UTF-8"?>
<!-- Generated by org.testng.reporters.JUnitReportReporter -->
<testsuite skipped="0" hostname="namet5" name="com.ghana.app.qa.testcases.VisaPaymentPageTest" tests="55" failures="4" timestamp="23 Apr 2019 06:51:19 GMT" time="142.288" errors="0">
  <testcase name="validateHomePageTitle" time="0.025" classname="com.ghana.app.qa.testcases.VisaPaymentPageTest"/>
  <testcase name="verifyApplyVisaClickTest" time="1.117" classname="com.ghana.app.qa.testcases.VisaPaymentPageTest"/>
  <testcase name="getVisaCategoriesText" time="0.046" classname="com.ghana.app.qa.testcases.VisaPaymentPageTest"/>
  <testcase name="clickOnVisaTypeTest" time="3.525" classname="com.ghana.app.qa.testcases.VisaPaymentPageTest"/>
  <testcase name="selectPassPortType" time="5.084" classname="com.ghana.app.qa.testcases.VisaPaymentPageTest"/>
  <testcase name="selectNationalityTest" time="2.264" classname="com.ghana.app.qa.testcases.VisaPaymentPageTest"/>
  <testcase name="selectPortOfArrivalTest" time="0.178" classname="com.ghana.app.qa.testcases.VisaPaymentPageTest"/>
  <testcase name="passPhoneNoTest" time="0.120" classname="com.ghana.app.qa.testcases.VisaPaymentPageTest"/>
  <testcase name="passEmailIdTest" time="0.203" classname="com.ghana.app.qa.testcases.VisaPaymentPageTest"/>
  <testcase name="passReEmailIdTest" time="0.258" classname="com.ghana.app.qa.testcases.VisaPaymentPageTest"/>
  <testcase name="enterCaptchaFieldTest" time="4.149" classname="com.ghana.app.qa.testcases.VisaPaymentPageTest"/>
  <testcase name="selectDateOfBirthTest" time="0.118" classname="com.ghana.app.qa.testcases.VisaPaymentPageTest"/>
  <testcase name="clickOnSaveAndContinueBtnTest" time="26.709" classname="com.ghana.app.qa.testcases.VisaPaymentPageTest"/>
  <testcase name="getApplicationPageTitleTest" time="2.009" classname="com.ghana.app.qa.testcases.VisaPaymentPageTest"/>
  <testcase name="getApplicationIdTest" time="0.046" classname="com.ghana.app.qa.testcases.VisaPaymentPageTest"/>
  <testcase name="selectVisaFeesTest" time="0.164" classname="com.ghana.app.qa.testcases.VisaPaymentPageTest"/>
  <testcase name="selectVisaLocationTest" time="0.150" classname="com.ghana.app.qa.testcases.VisaPaymentPageTest"/>
  <testcase name="passFirstNameTest" time="0.209" classname="com.ghana.app.qa.testcases.VisaPaymentPageTest"/>
  <testcase name="passLastNameTest" time="0.107" classname="com.ghana.app.qa.testcases.VisaPaymentPageTest"/>
  <testcase name="passPassportNumberTest" time="0.102" classname="com.ghana.app.qa.testcases.VisaPaymentPageTest"/>
  <testcase name="clickOnGenderTest" time="2.124" classname="com.ghana.app.qa.testcases.VisaPaymentPageTest"/>
  <testcase name="selectPassIssueDateTest" time="0.194" classname="com.ghana.app.qa.testcases.VisaPaymentPageTest"/>
  <testcase name="selectPassExpiryDateTest" time="0.134" classname="com.ghana.app.qa.testcases.VisaPaymentPageTest"/>
  <testcase name="passPlaceOfBirthTest" time="0.103" classname="com.ghana.app.qa.testcases.VisaPaymentPageTest"/>
  <testcase name="clickOnSaveAndContinueTest" time="4.490" classname="com.ghana.app.qa.testcases.VisaPaymentPageTest"/>
  <testcase name="selectFormerNationalityTest" time="2.197" classname="com.ghana.app.qa.testcases.VisaPaymentPageTest"/>
  <testcase name="filladdressInfoTest" time="1.359" classname="com.ghana.app.qa.testcases.VisaPaymentPageTest"/>
  <testcase name="clickSaveAndContinuebtnTest" time="0.487" classname="com.ghana.app.qa.testcases.VisaPaymentPageTest"/>
  <testcase name="emergencyContactDetailsTest" time="0.334" classname="com.ghana.app.qa.testcases.VisaPaymentPageTest"/>
  <testcase name="selectRelationTest" time="0.133" classname="com.ghana.app.qa.testcases.VisaPaymentPageTest"/>
  <testcase name="emergencyProfessionDetailsTest" time="1.047" classname="com.ghana.app.qa.testcases.VisaPaymentPageTest"/>
  <testcase name="clickOnCintinueBtnTest" time="4.692" classname="com.ghana.app.qa.testcases.VisaPaymentPageTest"/>
  <testcase name="clickOnIsApplicantPossessionRoundTicketTest" time="0.159" classname="com.ghana.app.qa.testcases.VisaPaymentPageTest"/>
  <testcase name="passDateOfDepartureTest" time="0.122" classname="com.ghana.app.qa.testcases.VisaPaymentPageTest"/>
  <testcase name="passTicketNumberTest" time="0.141" classname="com.ghana.app.qa.testcases.VisaPaymentPageTest"/>
  <testcase name="clickOnTravelByTest" time="0.152" classname="com.ghana.app.qa.testcases.VisaPaymentPageTest"/>
  <testcase name="clickPurpose_of_journeyTest" time="0.116" classname="com.ghana.app.qa.testcases.VisaPaymentPageTest"/>
  <testcase name="passPrimaryRefFirstnameTest" time="0.090" classname="com.ghana.app.qa.testcases.VisaPaymentPageTest"/>
  <testcase name="passPrimaryRefLastnameTest" time="0.148" classname="com.ghana.app.qa.testcases.VisaPaymentPageTest"/>
  <testcase name="pass_Primary_ref_addressTest" time="0.255" classname="com.ghana.app.qa.testcases.VisaPaymentPageTest"/>
  <testcase name="pass_primary_ref_pincodeTest" time="0.105" classname="com.ghana.app.qa.testcases.VisaPaymentPageTest"/>
  <testcase name="pass_primary_ref_cityTest" time="0.189" classname="com.ghana.app.qa.testcases.VisaPaymentPageTest"/>
  <testcase name="pass_primary_ref_stateTest" time="0.211" classname="com.ghana.app.qa.testcases.VisaPaymentPageTest"/>
  <testcase name="pass_primary_ref_countryTest" time="0.096" classname="com.ghana.app.qa.testcases.VisaPaymentPageTest"/>
  <testcase name="pass_primary_ref_phone_numberTest" time="0.136" classname="com.ghana.app.qa.testcases.VisaPaymentPageTest"/>
  <testcase name="PassSecondaryRefDetailsTest" time="1.075" classname="com.ghana.app.qa.testcases.VisaPaymentPageTest"/>
  <testcase name="clickOnContinuebuttonTest" time="0.819" classname="com.ghana.app.qa.testcases.VisaPaymentPageTest"/>
  <testcase name="getUploadDocTest" time="0.311" classname="com.ghana.app.qa.testcases.VisaPaymentPageTest"/>
  <testcase name="clickOnContinuebuttonTest1" time="0.136" classname="com.ghana.app.qa.testcases.VisaPaymentPageTest"/>
  <testcase name="getTextPersonalInfoTest" time="0.164" classname="com.ghana.app.qa.testcases.VisaPaymentPageTest">
    <failure type="java.lang.AssertionError" message="The following asserts failed:
	Provided and Get Birthdate are not matched expected [20/09/1993] but found [01/02/2000]">
      <![CDATA[java.lang.AssertionError: The following asserts failed:
Provided and Get Birthdate are not matched expected [20/09/1993] but found [01/02/2000]
at org.testng.asserts.SoftAssert.assertAll(SoftAssert.java:43)
at com.ghana.app.qa.testcases.ReviewApplicationPageTest.getTextPersonalInfoTest(ReviewApplicationPageTest.java:41)
at sun.reflect.NativeMethodAccessorImpl.invoke0(Native Method)
at sun.reflect.NativeMethodAccessorImpl.invoke(Unknown Source)
at sun.reflect.DelegatingMethodAccessorImpl.invoke(Unknown Source)
at java.lang.reflect.Method.invoke(Unknown Source)
at org.testng.internal.MethodInvocationHelper.invokeMethod(MethodInvocationHelper.java:124)
at org.testng.internal.Invoker.invokeMethod(Invoker.java:580)
at org.testng.internal.Invoker.invokeTestMethod(Invoker.java:716)
at org.testng.internal.Invoker.invokeTestMethods(Invoker.java:988)
at org.testng.internal.TestMethodWorker.invokeTestMethods(TestMethodWorker.java:125)
at org.testng.internal.TestMethodWorker.run(TestMethodWorker.java:109)
at org.testng.TestRunner.privateRun(TestRunner.java:648)
at org.testng.TestRunner.run(TestRunner.java:505)
at org.testng.SuiteRunner.runTest(SuiteRunner.java:455)
at org.testng.SuiteRunner.runSequentially(SuiteRunner.java:450)
at org.testng.SuiteRunner.privateRun(SuiteRunner.java:415)
at org.testng.SuiteRunner.run(SuiteRunner.java:364)
at org.testng.SuiteRunnerWorker.runSuite(SuiteRunnerWorker.java:52)
at org.testng.SuiteRunnerWorker.run(SuiteRunnerWorker.java:84)
at org.testng.TestNG.runSuitesSequentially(TestNG.java:1208)
at org.testng.TestNG.runSuitesLocally(TestNG.java:1137)
at org.testng.TestNG.runSuites(TestNG.java:1049)
at org.testng.TestNG.run(TestNG.java:1017)
at org.testng.remote.AbstractRemoteTestNG.run(AbstractRemoteTestNG.java:114)
at org.testng.remote.RemoteTestNG.initAndRun(RemoteTestNG.java:251)
at org.testng.remote.RemoteTestNG.main(RemoteTestNG.java:77)
]]>
    </failure>
  </testcase> <!-- getTextPersonalInfoTest -->
  <testcase name="getTextAddressInfoTest" time="0.219" classname="com.ghana.app.qa.testcases.VisaPaymentPageTest">
    <failure type="java.lang.AssertionError" message="The following asserts failed:
	Provided and Get Birthdate are not matched expected [20/09/1993] but found [01/02/2000]">
      <![CDATA[java.lang.AssertionError: The following asserts failed:
Provided and Get Birthdate are not matched expected [20/09/1993] but found [01/02/2000]
at org.testng.asserts.SoftAssert.assertAll(SoftAssert.java:43)
at com.ghana.app.qa.testcases.ReviewApplicationPageTest.getTextAddressInfoTest(ReviewApplicationPageTest.java:68)
at sun.reflect.NativeMethodAccessorImpl.invoke0(Native Method)
at sun.reflect.NativeMethodAccessorImpl.invoke(Unknown Source)
at sun.reflect.DelegatingMethodAccessorImpl.invoke(Unknown Source)
at java.lang.reflect.Method.invoke(Unknown Source)
at org.testng.internal.MethodInvocationHelper.invokeMethod(MethodInvocationHelper.java:124)
at org.testng.internal.Invoker.invokeMethod(Invoker.java:580)
at org.testng.internal.Invoker.invokeTestMethod(Invoker.java:716)
at org.testng.internal.Invoker.invokeTestMethods(Invoker.java:988)
at org.testng.internal.TestMethodWorker.invokeTestMethods(TestMethodWorker.java:125)
at org.testng.internal.TestMethodWorker.run(TestMethodWorker.java:109)
at org.testng.TestRunner.privateRun(TestRunner.java:648)
at org.testng.TestRunner.run(TestRunner.java:505)
at org.testng.SuiteRunner.runTest(SuiteRunner.java:455)
at org.testng.SuiteRunner.runSequentially(SuiteRunner.java:450)
at org.testng.SuiteRunner.privateRun(SuiteRunner.java:415)
at org.testng.SuiteRunner.run(SuiteRunner.java:364)
at org.testng.SuiteRunnerWorker.runSuite(SuiteRunnerWorker.java:52)
at org.testng.SuiteRunnerWorker.run(SuiteRunnerWorker.java:84)
at org.testng.TestNG.runSuitesSequentially(TestNG.java:1208)
at org.testng.TestNG.runSuitesLocally(TestNG.java:1137)
at org.testng.TestNG.runSuites(TestNG.java:1049)
at org.testng.TestNG.run(TestNG.java:1017)
at org.testng.remote.AbstractRemoteTestNG.run(AbstractRemoteTestNG.java:114)
at org.testng.remote.RemoteTestNG.initAndRun(RemoteTestNG.java:251)
at org.testng.remote.RemoteTestNG.main(RemoteTestNG.java:77)
]]>
    </failure>
  </testcase> <!-- getTextAddressInfoTest -->
  <testcase name="getTextEmergencyContactTest" time="0.028" classname="com.ghana.app.qa.testcases.VisaPaymentPageTest">
    <failure type="java.lang.AssertionError" message="The following asserts failed:
	Provided and Get Birthdate are not matched expected [20/09/1993] but found [01/02/2000]">
      <![CDATA[java.lang.AssertionError: The following asserts failed:
Provided and Get Birthdate are not matched expected [20/09/1993] but found [01/02/2000]
at org.testng.asserts.SoftAssert.assertAll(SoftAssert.java:43)
at com.ghana.app.qa.testcases.ReviewApplicationPageTest.getTextEmergencyContactTest(ReviewApplicationPageTest.java:77)
at sun.reflect.NativeMethodAccessorImpl.invoke0(Native Method)
at sun.reflect.NativeMethodAccessorImpl.invoke(Unknown Source)
at sun.reflect.DelegatingMethodAccessorImpl.invoke(Unknown Source)
at java.lang.reflect.Method.invoke(Unknown Source)
at org.testng.internal.MethodInvocationHelper.invokeMethod(MethodInvocationHelper.java:124)
at org.testng.internal.Invoker.invokeMethod(Invoker.java:580)
at org.testng.internal.Invoker.invokeTestMethod(Invoker.java:716)
at org.testng.internal.Invoker.invokeTestMethods(Invoker.java:988)
at org.testng.internal.TestMethodWorker.invokeTestMethods(TestMethodWorker.java:125)
at org.testng.internal.TestMethodWorker.run(TestMethodWorker.java:109)
at org.testng.TestRunner.privateRun(TestRunner.java:648)
at org.testng.TestRunner.run(TestRunner.java:505)
at org.testng.SuiteRunner.runTest(SuiteRunner.java:455)
at org.testng.SuiteRunner.runSequentially(SuiteRunner.java:450)
at org.testng.SuiteRunner.privateRun(SuiteRunner.java:415)
at org.testng.SuiteRunner.run(SuiteRunner.java:364)
at org.testng.SuiteRunnerWorker.runSuite(SuiteRunnerWorker.java:52)
at org.testng.SuiteRunnerWorker.run(SuiteRunnerWorker.java:84)
at org.testng.TestNG.runSuitesSequentially(TestNG.java:1208)
at org.testng.TestNG.runSuitesLocally(TestNG.java:1137)
at org.testng.TestNG.runSuites(TestNG.java:1049)
at org.testng.TestNG.run(TestNG.java:1017)
at org.testng.remote.AbstractRemoteTestNG.run(AbstractRemoteTestNG.java:114)
at org.testng.remote.RemoteTestNG.initAndRun(RemoteTestNG.java:251)
at org.testng.remote.RemoteTestNG.main(RemoteTestNG.java:77)
]]>
    </failure>
  </testcase> <!-- getTextEmergencyContactTest -->
  <testcase name="getTextTravelInfoTest" time="0.437" classname="com.ghana.app.qa.testcases.VisaPaymentPageTest">
    <failure type="java.lang.AssertionError" message="The following asserts failed:
	Provided and Get Birthdate are not matched expected [20/09/1993] but found [01/02/2000]">
      <![CDATA[java.lang.AssertionError: The following asserts failed:
Provided and Get Birthdate are not matched expected [20/09/1993] but found [01/02/2000]
at org.testng.asserts.SoftAssert.assertAll(SoftAssert.java:43)
at com.ghana.app.qa.testcases.ReviewApplicationPageTest.getTextTravelInfoTest(ReviewApplicationPageTest.java:172)
at sun.reflect.NativeMethodAccessorImpl.invoke0(Native Method)
at sun.reflect.NativeMethodAccessorImpl.invoke(Unknown Source)
at sun.reflect.DelegatingMethodAccessorImpl.invoke(Unknown Source)
at java.lang.reflect.Method.invoke(Unknown Source)
at org.testng.internal.MethodInvocationHelper.invokeMethod(MethodInvocationHelper.java:124)
at org.testng.internal.Invoker.invokeMethod(Invoker.java:580)
at org.testng.internal.Invoker.invokeTestMethod(Invoker.java:716)
at org.testng.internal.Invoker.invokeTestMethods(Invoker.java:988)
at org.testng.internal.TestMethodWorker.invokeTestMethods(TestMethodWorker.java:125)
at org.testng.internal.TestMethodWorker.run(TestMethodWorker.java:109)
at org.testng.TestRunner.privateRun(TestRunner.java:648)
at org.testng.TestRunner.run(TestRunner.java:505)
at org.testng.SuiteRunner.runTest(SuiteRunner.java:455)
at org.testng.SuiteRunner.runSequentially(SuiteRunner.java:450)
at org.testng.SuiteRunner.privateRun(SuiteRunner.java:415)
at org.testng.SuiteRunner.run(SuiteRunner.java:364)
at org.testng.SuiteRunnerWorker.runSuite(SuiteRunnerWorker.java:52)
at org.testng.SuiteRunnerWorker.run(SuiteRunnerWorker.java:84)
at org.testng.TestNG.runSuitesSequentially(TestNG.java:1208)
at org.testng.TestNG.runSuitesLocally(TestNG.java:1137)
at org.testng.TestNG.runSuites(TestNG.java:1049)
at org.testng.TestNG.run(TestNG.java:1017)
at org.testng.remote.AbstractRemoteTestNG.run(AbstractRemoteTestNG.java:114)
at org.testng.remote.RemoteTestNG.initAndRun(RemoteTestNG.java:251)
at org.testng.remote.RemoteTestNG.main(RemoteTestNG.java:77)
]]>
    </failure>
  </testcase> <!-- getTextTravelInfoTest -->
  <testcase name="clickOnContinueBtnTest" time="0.402" classname="com.ghana.app.qa.testcases.VisaPaymentPageTest"/>
  <testcase name="verifyClickOnSubmitBtnTest" time="72.900" classname="com.ghana.app.qa.testcases.VisaPaymentPageTest"/>
</testsuite> <!-- com.ghana.app.qa.testcases.VisaPaymentPageTest -->
