<?xml version="1.0" encoding="UTF-8"?>
<!-- Generated by org.testng.reporters.JUnitReportReporter -->
<testsuite skipped="0" hostname="namet5" name="com.ghana.app.qa.testcases.ApplicationFormFilling" tests="49" failures="0" timestamp="04 Apr 2019 05:49:59 GMT" time="41.221" errors="0">
  <testcase name="validateHomePageTitle" time="0.052" classname="com.ghana.app.qa.testcases.ApplicationFormFilling"/>
  <testcase name="verifyApplyVisaClickTest" time="0.322" classname="com.ghana.app.qa.testcases.ApplicationFormFilling"/>
  <testcase name="getVisaCategoriesText" time="0.048" classname="com.ghana.app.qa.testcases.ApplicationFormFilling"/>
  <testcase name="clickOnVisaTypeTest" time="0.546" classname="com.ghana.app.qa.testcases.ApplicationFormFilling"/>
  <testcase name="selectPassPortType" time="5.444" classname="com.ghana.app.qa.testcases.ApplicationFormFilling"/>
  <testcase name="selectNationalityTest" time="2.349" classname="com.ghana.app.qa.testcases.ApplicationFormFilling"/>
  <testcase name="selectPortOfArrivalTest" time="0.177" classname="com.ghana.app.qa.testcases.ApplicationFormFilling"/>
  <testcase name="passPhoneNoTest" time="0.235" classname="com.ghana.app.qa.testcases.ApplicationFormFilling"/>
  <testcase name="passEmailIdTest" time="0.277" classname="com.ghana.app.qa.testcases.ApplicationFormFilling"/>
  <testcase name="passReEmailIdTest" time="0.291" classname="com.ghana.app.qa.testcases.ApplicationFormFilling"/>
  <testcase name="enterCaptchaFieldTest" time="4.161" classname="com.ghana.app.qa.testcases.ApplicationFormFilling"/>
  <testcase name="selectDateOfBirthTest" time="0.150" classname="com.ghana.app.qa.testcases.ApplicationFormFilling"/>
  <testcase name="clickOnSaveAndContinueBtnTest" time="2.880" classname="com.ghana.app.qa.testcases.ApplicationFormFilling"/>
  <testcase name="getApplicationPageTitleTest" time="2.012" classname="com.ghana.app.qa.testcases.ApplicationFormFilling"/>
  <testcase name="getApplicationIdTest" time="0.040" classname="com.ghana.app.qa.testcases.ApplicationFormFilling"/>
  <testcase name="selectVisaFeesTest" time="0.145" classname="com.ghana.app.qa.testcases.ApplicationFormFilling"/>
  <testcase name="selectVisaLocationTest" time="0.149" classname="com.ghana.app.qa.testcases.ApplicationFormFilling"/>
  <testcase name="passFirstNameTest" time="0.097" classname="com.ghana.app.qa.testcases.ApplicationFormFilling"/>
  <testcase name="passLastNameTest" time="0.127" classname="com.ghana.app.qa.testcases.ApplicationFormFilling"/>
  <testcase name="passPassportNumberTest" time="0.214" classname="com.ghana.app.qa.testcases.ApplicationFormFilling"/>
  <testcase name="clickOnGenderTest" time="2.125" classname="com.ghana.app.qa.testcases.ApplicationFormFilling"/>
  <testcase name="selectPassIssueDateTest" time="0.172" classname="com.ghana.app.qa.testcases.ApplicationFormFilling"/>
  <testcase name="selectPassExpiryDateTest" time="0.147" classname="com.ghana.app.qa.testcases.ApplicationFormFilling"/>
  <testcase name="passPlaceOfBirthTest" time="0.123" classname="com.ghana.app.qa.testcases.ApplicationFormFilling"/>
  <testcase name="clickOnSaveAndContinueTest" time="4.238" classname="com.ghana.app.qa.testcases.ApplicationFormFilling"/>
  <testcase name="selectFormerNationalityTest" time="2.211" classname="com.ghana.app.qa.testcases.ApplicationFormFilling"/>
  <testcase name="filladdressInfoTest" time="1.546" classname="com.ghana.app.qa.testcases.ApplicationFormFilling"/>
  <testcase name="clickSaveAndContinuebtnTest" time="0.178" classname="com.ghana.app.qa.testcases.ApplicationFormFilling"/>
  <testcase name="emergencyContactDetailsTest" time="0.380" classname="com.ghana.app.qa.testcases.ApplicationFormFilling"/>
  <testcase name="selectRelationTest" time="0.132" classname="com.ghana.app.qa.testcases.ApplicationFormFilling"/>
  <testcase name="emergencyProfessionDetailsTest" time="1.139" classname="com.ghana.app.qa.testcases.ApplicationFormFilling"/>
  <testcase name="clickOnCintinueBtnTest" time="4.380" classname="com.ghana.app.qa.testcases.ApplicationFormFilling"/>
  <testcase name="clickOnIsApplicantPossessionRoundTicketTest" time="0.156" classname="com.ghana.app.qa.testcases.ApplicationFormFilling"/>
  <testcase name="passDateOfDepartureTest" time="0.227" classname="com.ghana.app.qa.testcases.ApplicationFormFilling"/>
  <testcase name="passTicketNumberTest" time="0.139" classname="com.ghana.app.qa.testcases.ApplicationFormFilling"/>
  <testcase name="clickOnTravelByTest" time="0.182" classname="com.ghana.app.qa.testcases.ApplicationFormFilling"/>
  <testcase name="clickPurpose_of_journeyTest" time="0.132" classname="com.ghana.app.qa.testcases.ApplicationFormFilling"/>
  <testcase name="passPrimaryRefFirstnameTest" time="0.104" classname="com.ghana.app.qa.testcases.ApplicationFormFilling"/>
  <testcase name="passPrimaryRefLastnameTest" time="0.135" classname="com.ghana.app.qa.testcases.ApplicationFormFilling"/>
  <testcase name="pass_Primary_ref_addressTest" time="0.287" classname="com.ghana.app.qa.testcases.ApplicationFormFilling"/>
  <testcase name="pass_primary_ref_pincodeTest" time="0.111" classname="com.ghana.app.qa.testcases.ApplicationFormFilling"/>
  <testcase name="pass_primary_ref_cityTest" time="0.277" classname="com.ghana.app.qa.testcases.ApplicationFormFilling"/>
  <testcase name="pass_primary_ref_stateTest" time="0.278" classname="com.ghana.app.qa.testcases.ApplicationFormFilling"/>
  <testcase name="pass_primary_ref_countryTest" time="0.105" classname="com.ghana.app.qa.testcases.ApplicationFormFilling"/>
  <testcase name="pass_primary_ref_phone_numberTest" time="0.159" classname="com.ghana.app.qa.testcases.ApplicationFormFilling"/>
  <testcase name="PassSecondaryRefDetailsTest" time="1.268" classname="com.ghana.app.qa.testcases.ApplicationFormFilling"/>
  <testcase name="clickOnContinuebuttonTest" time="0.610" classname="com.ghana.app.qa.testcases.ApplicationFormFilling"/>
  <testcase name="getUploadDocTest" time="0.403" classname="com.ghana.app.qa.testcases.ApplicationFormFilling"/>
  <testcase name="clickOnContinuebuttonTest1" time="0.161" classname="com.ghana.app.qa.testcases.ApplicationFormFilling"/>
</testsuite> <!-- com.ghana.app.qa.testcases.ApplicationFormFilling -->
