<?xml version="1.0" encoding="UTF-8"?>
<!-- Generated by org.testng.reporters.JUnitReportReporter -->
<testsuite skipped="0" hostname="namet5" name="com.ghana.app.qa.testcases.VisaStatusPageTest" tests="2" failures="0" timestamp="14 May 2019 12:20:48 GMT" time="4.281" errors="0">
  <testcase name="verifyVisastatusTab" time="2.435" classname="com.ghana.app.qa.testcases.VisaStatusPageTest"/>
  <testcase name="verifyVisastatuswithValidData" time="1.846" classname="com.ghana.app.qa.testcases.VisaStatusPageTest"/>
</testsuite> <!-- com.ghana.app.qa.testcases.VisaStatusPageTest -->
