<?xml version="1.0" encoding="UTF-8"?>
<!-- Generated by org.testng.reporters.JUnitReportReporter -->
<testsuite skipped="0" hostname="RahulKaelsMini2" name="com.ghana.app.qa.testcases.ConsulatePageTest" tests="41" failures="0" timestamp="09 Mar 2019 07:09:45 GMT" time="171.755" errors="0">
  <testcase name="loginIntoConsulate" time="1.399" classname="com.ghana.app.qa.testcases.ConsulatePageTest"/>
  <testcase name="verifyTitleOfConsulateTitle" time="0.019" classname="com.ghana.app.qa.testcases.ConsulatePageTest"/>
  <testcase name="clickOnNewApplication" time="1.649" classname="com.ghana.app.qa.testcases.ConsulatePageTest"/>
  <testcase name="verfiyTitleOfCNAddressInfoPage" time="0.523" classname="com.ghana.app.qa.testcases.ConsulatePageTest"/>
  <testcase name="verfiyTitleOfCNTravelInfoPage" time="0.514" classname="com.ghana.app.qa.testcases.ConsulatePageTest"/>
  <testcase name="verfiyTitleOfCNDocumentVerificatonPage" time="0.654" classname="com.ghana.app.qa.testcases.ConsulatePageTest"/>
  <testcase name="passComment" time="0.872" classname="com.ghana.app.qa.testcases.ConsulatePageTest"/>
  <testcase name="clickOnConfirmedAirTicketWindowClose" time="6.523" classname="com.ghana.app.qa.testcases.ConsulatePageTest"/>
  <testcase name="clickOnConfirmedAirTicketWindow" time="11.177" classname="com.ghana.app.qa.testcases.ConsulatePageTest"/>
  <testcase name="clickOnOnPhotoClose" time="2.853" classname="com.ghana.app.qa.testcases.ConsulatePageTest"/>
  <testcase name="clickOnOnPhoto" time="7.699" classname="com.ghana.app.qa.testcases.ConsulatePageTest"/>
  <testcase name="clickOnYellowFevervaccinationClose" time="2.949" classname="com.ghana.app.qa.testcases.ConsulatePageTest"/>
  <testcase name="clickOnYellowFevervaccination" time="7.713" classname="com.ghana.app.qa.testcases.ConsulatePageTest"/>
  <testcase name="clickOnCoveringLetterClose" time="2.894" classname="com.ghana.app.qa.testcases.ConsulatePageTest"/>
  <testcase name="clickOnCoveringLetter" time="7.711" classname="com.ghana.app.qa.testcases.ConsulatePageTest"/>
  <testcase name="clickOnPhotoOfDraftClose" time="4.835" classname="com.ghana.app.qa.testcases.ConsulatePageTest"/>
  <testcase name="clickOnPhotoOfDraft" time="9.691" classname="com.ghana.app.qa.testcases.ConsulatePageTest"/>
  <testcase name="clickOnIdProofReferenceClose" time="4.848" classname="com.ghana.app.qa.testcases.ConsulatePageTest"/>
  <testcase name="clickOnIdProofReference" time="9.685" classname="com.ghana.app.qa.testcases.ConsulatePageTest"/>
  <testcase name="clickOnOriginalInvitationLetterClose" time="2.860" classname="com.ghana.app.qa.testcases.ConsulatePageTest"/>
  <testcase name="clickOnOriginalInvitationLetter" time="7.714" classname="com.ghana.app.qa.testcases.ConsulatePageTest"/>
  <testcase name="clickOnProofOfTransitVisaClose" time="2.870" classname="com.ghana.app.qa.testcases.ConsulatePageTest"/>
  <testcase name="clickOnProofOfTransitVisa" time="7.704" classname="com.ghana.app.qa.testcases.ConsulatePageTest"/>
  <testcase name="clickOnApplicantInfor" time="2.618" classname="com.ghana.app.qa.testcases.ConsulatePageTest"/>
  <testcase name="clickOnNextButtonAndVerifyTitleAddressInformation" time="0.508" classname="com.ghana.app.qa.testcases.ConsulatePageTest"/>
  <testcase name="clickOnNextButtonAndVerifyTitleTravelInformation" time="0.517" classname="com.ghana.app.qa.testcases.ConsulatePageTest"/>
  <testcase name="clickOnNextButtonAndVerifyTitleDocumentVerification" time="0.520" classname="com.ghana.app.qa.testcases.ConsulatePageTest"/>
  <testcase name="clickOnCheckBoxes" time="2.139" classname="com.ghana.app.qa.testcases.ConsulatePageTest"/>
  <testcase name="clickOnApproveAndVerifyPopText" time="0.763" classname="com.ghana.app.qa.testcases.ConsulatePageTest"/>
  <testcase name="clickOnApproveAndVerifyPopText1" time="6.729" classname="com.ghana.app.qa.testcases.ConsulatePageTest"/>
  <testcase name="clickOnRejectAndVerifyPopText" time="3.761" classname="com.ghana.app.qa.testcases.ConsulatePageTest"/>
  <testcase name="clickOnRejectAndVerifyPopText1" time="6.739" classname="com.ghana.app.qa.testcases.ConsulatePageTest"/>
  <testcase name="clickOnBackButtonAndVerifyTitleTravelInformation" time="3.676" classname="com.ghana.app.qa.testcases.ConsulatePageTest"/>
  <testcase name="clickOnBackButtonAndVerifyTitleAddressInformation" time="3.483" classname="com.ghana.app.qa.testcases.ConsulatePageTest"/>
  <testcase name="clickOnBackButtonAndVerifyTitleApplicantInformation" time="3.459" classname="com.ghana.app.qa.testcases.ConsulatePageTest"/>
  <testcase name="clickOnInterviewScheduleAndcancel" time="9.493" classname="com.ghana.app.qa.testcases.ConsulatePageTest"/>
  <testcase name="clickOnInterviewScheduleAndClose" time="9.272" classname="com.ghana.app.qa.testcases.ConsulatePageTest"/>
  <testcase name="passDateAndTimeInFiled" time="10.162" classname="com.ghana.app.qa.testcases.ConsulatePageTest"/>
  <testcase name="getTextFromApplicantInformation" time="1.189" classname="com.ghana.app.qa.testcases.ConsulatePageTest"/>
  <testcase name="getTextFromAddressInformation" time="0.627" classname="com.ghana.app.qa.testcases.ConsulatePageTest"/>
  <testcase name="getTextFromTravelInformation" time="0.744" classname="com.ghana.app.qa.testcases.ConsulatePageTest"/>
</testsuite> <!-- com.ghana.app.qa.testcases.ConsulatePageTest -->
