<?xml version="1.0" encoding="UTF-8"?>
<!-- Generated by org.testng.reporters.JUnitReportReporter -->
<testsuite skipped="51" hostname="Torenzo" name="com.ghana.app.qa.testcases.VisaPaymentPageTest" tests="52" failures="0" timestamp="16 Mar 2019 07:02:52 GMT" time="0.015" errors="1">
  <testcase name="setUp" time="0.015" classname="com.ghana.app.qa.testcases.VisaPaymentPageTest">
    <error type="java.lang.NullPointerException">
      <![CDATA[java.lang.NullPointerException
at com.ghana.app.qa.base.TestBase.initialization(TestBase.java:86)
at com.ghana.app.qa.base.DriverInit.setUp(DriverInit.java:60)
at sun.reflect.NativeMethodAccessorImpl.invoke0(Native Method)
at sun.reflect.NativeMethodAccessorImpl.invoke(Unknown Source)
at sun.reflect.DelegatingMethodAccessorImpl.invoke(Unknown Source)
at java.lang.reflect.Method.invoke(Unknown Source)
at org.testng.internal.MethodInvocationHelper.invokeMethod(MethodInvocationHelper.java:124)
at org.testng.internal.MethodInvocationHelper.invokeMethodConsideringTimeout(MethodInvocationHelper.java:59)
at org.testng.internal.Invoker.invokeConfigurationMethod(Invoker.java:455)
at org.testng.internal.Invoker.invokeConfigurations(Invoker.java:222)
at org.testng.internal.Invoker.invokeConfigurations(Invoker.java:142)
at org.testng.internal.TestMethodWorker.invokeBeforeClassMethods(TestMethodWorker.java:168)
at org.testng.internal.TestMethodWorker.run(TestMethodWorker.java:105)
at org.testng.TestRunner.privateRun(TestRunner.java:648)
at org.testng.TestRunner.run(TestRunner.java:505)
at org.testng.SuiteRunner.runTest(SuiteRunner.java:455)
at org.testng.SuiteRunner.runSequentially(SuiteRunner.java:450)
at org.testng.SuiteRunner.privateRun(SuiteRunner.java:415)
at org.testng.SuiteRunner.run(SuiteRunner.java:364)
at org.testng.SuiteRunnerWorker.runSuite(SuiteRunnerWorker.java:52)
at org.testng.SuiteRunnerWorker.run(SuiteRunnerWorker.java:84)
at org.testng.TestNG.runSuitesSequentially(TestNG.java:1208)
at org.testng.TestNG.runSuitesLocally(TestNG.java:1137)
at org.testng.TestNG.runSuites(TestNG.java:1049)
at org.testng.TestNG.run(TestNG.java:1017)
at org.testng.remote.AbstractRemoteTestNG.run(AbstractRemoteTestNG.java:114)
at org.testng.remote.RemoteTestNG.initAndRun(RemoteTestNG.java:251)
at org.testng.remote.RemoteTestNG.main(RemoteTestNG.java:77)
]]>
    </error>
  </testcase> <!-- setUp -->
  <testcase name="selectPassPortType" time="0.000" classname="com.ghana.app.qa.testcases.VisaPaymentPageTest">
    <skipped/>
  </testcase> <!-- selectPassPortType -->
  <testcase name="selectNationalityTest" time="0.000" classname="com.ghana.app.qa.testcases.VisaPaymentPageTest">
    <skipped/>
  </testcase> <!-- selectNationalityTest -->
  <testcase name="selectPortOfArrivalTest" time="0.000" classname="com.ghana.app.qa.testcases.VisaPaymentPageTest">
    <skipped/>
  </testcase> <!-- selectPortOfArrivalTest -->
  <testcase name="passPhoneNoTest" time="0.000" classname="com.ghana.app.qa.testcases.VisaPaymentPageTest">
    <skipped/>
  </testcase> <!-- passPhoneNoTest -->
  <testcase name="passEmailIdTest" time="0.000" classname="com.ghana.app.qa.testcases.VisaPaymentPageTest">
    <skipped/>
  </testcase> <!-- passEmailIdTest -->
  <testcase name="passReEmailIdTest" time="0.000" classname="com.ghana.app.qa.testcases.VisaPaymentPageTest">
    <skipped/>
  </testcase> <!-- passReEmailIdTest -->
  <testcase name="enterCaptchaFieldTest" time="0.000" classname="com.ghana.app.qa.testcases.VisaPaymentPageTest">
    <skipped/>
  </testcase> <!-- enterCaptchaFieldTest -->
  <testcase name="selectDateOfBirthTest" time="0.000" classname="com.ghana.app.qa.testcases.VisaPaymentPageTest">
    <skipped/>
  </testcase> <!-- selectDateOfBirthTest -->
  <testcase name="clickOnSaveAndContinueBtnTest" time="0.000" classname="com.ghana.app.qa.testcases.VisaPaymentPageTest">
    <skipped/>
  </testcase> <!-- clickOnSaveAndContinueBtnTest -->
  <testcase name="getApplicationPageTitleTest" time="0.000" classname="com.ghana.app.qa.testcases.VisaPaymentPageTest">
    <skipped/>
  </testcase> <!-- getApplicationPageTitleTest -->
  <testcase name="getApplicationIdTest" time="0.000" classname="com.ghana.app.qa.testcases.VisaPaymentPageTest">
    <skipped/>
  </testcase> <!-- getApplicationIdTest -->
  <testcase name="selectVisaFeesTest" time="0.000" classname="com.ghana.app.qa.testcases.VisaPaymentPageTest">
    <skipped/>
  </testcase> <!-- selectVisaFeesTest -->
  <testcase name="selectVisaLocationTest" time="0.000" classname="com.ghana.app.qa.testcases.VisaPaymentPageTest">
    <skipped/>
  </testcase> <!-- selectVisaLocationTest -->
  <testcase name="passFirstNameTest" time="0.000" classname="com.ghana.app.qa.testcases.VisaPaymentPageTest">
    <skipped/>
  </testcase> <!-- passFirstNameTest -->
  <testcase name="passLastNameTest" time="0.000" classname="com.ghana.app.qa.testcases.VisaPaymentPageTest">
    <skipped/>
  </testcase> <!-- passLastNameTest -->
  <testcase name="passPassportNumberTest" time="0.000" classname="com.ghana.app.qa.testcases.VisaPaymentPageTest">
    <skipped/>
  </testcase> <!-- passPassportNumberTest -->
  <testcase name="clickOnGenderTest" time="0.000" classname="com.ghana.app.qa.testcases.VisaPaymentPageTest">
    <skipped/>
  </testcase> <!-- clickOnGenderTest -->
  <testcase name="selectPassIssueDateTest" time="0.000" classname="com.ghana.app.qa.testcases.VisaPaymentPageTest">
    <skipped/>
  </testcase> <!-- selectPassIssueDateTest -->
  <testcase name="selectPassExpiryDateTest" time="0.000" classname="com.ghana.app.qa.testcases.VisaPaymentPageTest">
    <skipped/>
  </testcase> <!-- selectPassExpiryDateTest -->
  <testcase name="passPlaceOfBirthTest" time="0.000" classname="com.ghana.app.qa.testcases.VisaPaymentPageTest">
    <skipped/>
  </testcase> <!-- passPlaceOfBirthTest -->
  <testcase name="clickOnSaveAndContinueTest" time="0.000" classname="com.ghana.app.qa.testcases.VisaPaymentPageTest">
    <skipped/>
  </testcase> <!-- clickOnSaveAndContinueTest -->
  <testcase name="selectFormerNationalityTest" time="0.000" classname="com.ghana.app.qa.testcases.VisaPaymentPageTest">
    <skipped/>
  </testcase> <!-- selectFormerNationalityTest -->
  <testcase name="filladdressInfoTest" time="0.000" classname="com.ghana.app.qa.testcases.VisaPaymentPageTest">
    <skipped/>
  </testcase> <!-- filladdressInfoTest -->
  <testcase name="clickSaveAndContinuebtnTest" time="0.000" classname="com.ghana.app.qa.testcases.VisaPaymentPageTest">
    <skipped/>
  </testcase> <!-- clickSaveAndContinuebtnTest -->
  <testcase name="emergencyContactDetailsTest" time="0.000" classname="com.ghana.app.qa.testcases.VisaPaymentPageTest">
    <skipped/>
  </testcase> <!-- emergencyContactDetailsTest -->
  <testcase name="selectRelationTest" time="0.000" classname="com.ghana.app.qa.testcases.VisaPaymentPageTest">
    <skipped/>
  </testcase> <!-- selectRelationTest -->
  <testcase name="emergencyProfessionDetailsTest" time="0.000" classname="com.ghana.app.qa.testcases.VisaPaymentPageTest">
    <skipped/>
  </testcase> <!-- emergencyProfessionDetailsTest -->
  <testcase name="clickOnCintinueBtnTest" time="0.000" classname="com.ghana.app.qa.testcases.VisaPaymentPageTest">
    <skipped/>
  </testcase> <!-- clickOnCintinueBtnTest -->
  <testcase name="clickOnIsApplicantPossessionRoundTicketTest" time="0.000" classname="com.ghana.app.qa.testcases.VisaPaymentPageTest">
    <skipped/>
  </testcase> <!-- clickOnIsApplicantPossessionRoundTicketTest -->
  <testcase name="passDateOfDepartureTest" time="0.000" classname="com.ghana.app.qa.testcases.VisaPaymentPageTest">
    <skipped/>
  </testcase> <!-- passDateOfDepartureTest -->
  <testcase name="passTicketNumberTest" time="0.000" classname="com.ghana.app.qa.testcases.VisaPaymentPageTest">
    <skipped/>
  </testcase> <!-- passTicketNumberTest -->
  <testcase name="clickOnTravelByTest" time="0.000" classname="com.ghana.app.qa.testcases.VisaPaymentPageTest">
    <skipped/>
  </testcase> <!-- clickOnTravelByTest -->
  <testcase name="clickPurpose_of_journeyTest" time="0.000" classname="com.ghana.app.qa.testcases.VisaPaymentPageTest">
    <skipped/>
  </testcase> <!-- clickPurpose_of_journeyTest -->
  <testcase name="passPrimaryRefFirstnameTest" time="0.000" classname="com.ghana.app.qa.testcases.VisaPaymentPageTest">
    <skipped/>
  </testcase> <!-- passPrimaryRefFirstnameTest -->
  <testcase name="passPrimaryRefLastnameTest" time="0.000" classname="com.ghana.app.qa.testcases.VisaPaymentPageTest">
    <skipped/>
  </testcase> <!-- passPrimaryRefLastnameTest -->
  <testcase name="pass_Primary_ref_addressTest" time="0.000" classname="com.ghana.app.qa.testcases.VisaPaymentPageTest">
    <skipped/>
  </testcase> <!-- pass_Primary_ref_addressTest -->
  <testcase name="pass_primary_ref_pincodeTest" time="0.000" classname="com.ghana.app.qa.testcases.VisaPaymentPageTest">
    <skipped/>
  </testcase> <!-- pass_primary_ref_pincodeTest -->
  <testcase name="pass_primary_ref_cityTest" time="0.000" classname="com.ghana.app.qa.testcases.VisaPaymentPageTest">
    <skipped/>
  </testcase> <!-- pass_primary_ref_cityTest -->
  <testcase name="pass_primary_ref_stateTest" time="0.000" classname="com.ghana.app.qa.testcases.VisaPaymentPageTest">
    <skipped/>
  </testcase> <!-- pass_primary_ref_stateTest -->
  <testcase name="pass_primary_ref_countryTest" time="0.000" classname="com.ghana.app.qa.testcases.VisaPaymentPageTest">
    <skipped/>
  </testcase> <!-- pass_primary_ref_countryTest -->
  <testcase name="pass_primary_ref_phone_numberTest" time="0.000" classname="com.ghana.app.qa.testcases.VisaPaymentPageTest">
    <skipped/>
  </testcase> <!-- pass_primary_ref_phone_numberTest -->
  <testcase name="PassSecondaryRefDetailsTest" time="0.000" classname="com.ghana.app.qa.testcases.VisaPaymentPageTest">
    <skipped/>
  </testcase> <!-- PassSecondaryRefDetailsTest -->
  <testcase name="clickOnContinuebuttonTest" time="0.000" classname="com.ghana.app.qa.testcases.VisaPaymentPageTest">
    <skipped/>
  </testcase> <!-- clickOnContinuebuttonTest -->
  <testcase name="getUploadDocTest" time="0.000" classname="com.ghana.app.qa.testcases.VisaPaymentPageTest">
    <skipped/>
  </testcase> <!-- getUploadDocTest -->
  <testcase name="getTextPersonalInfoTest" time="0.000" classname="com.ghana.app.qa.testcases.VisaPaymentPageTest">
    <skipped/>
  </testcase> <!-- getTextPersonalInfoTest -->
  <testcase name="clicksaveAndContiBtnTest" time="0.000" classname="com.ghana.app.qa.testcases.VisaPaymentPageTest">
    <skipped/>
  </testcase> <!-- clicksaveAndContiBtnTest -->
  <testcase name="getTextAddressInfoTest" time="0.000" classname="com.ghana.app.qa.testcases.VisaPaymentPageTest">
    <skipped/>
  </testcase> <!-- getTextAddressInfoTest -->
  <testcase name="getTextEmergencyContactTest" time="0.000" classname="com.ghana.app.qa.testcases.VisaPaymentPageTest">
    <skipped/>
  </testcase> <!-- getTextEmergencyContactTest -->
  <testcase name="getTextTravelInfoTest" time="0.000" classname="com.ghana.app.qa.testcases.VisaPaymentPageTest">
    <skipped/>
  </testcase> <!-- getTextTravelInfoTest -->
  <testcase name="clickOnContinueBtnTest" time="0.000" classname="com.ghana.app.qa.testcases.VisaPaymentPageTest">
    <skipped/>
  </testcase> <!-- clickOnContinueBtnTest -->
  <testcase name="verifyClickOnSubmitBtnTest" time="0.000" classname="com.ghana.app.qa.testcases.VisaPaymentPageTest">
    <skipped/>
  </testcase> <!-- verifyClickOnSubmitBtnTest -->
</testsuite> <!-- com.ghana.app.qa.testcases.VisaPaymentPageTest -->
