<?xml version="1.0" encoding="UTF-8"?>
<!-- Generated by org.testng.reporters.JUnitReportReporter -->
<testsuite skipped="0" hostname="Torenzo" name="com.ghana.app.qa.testcases.ConsulatePageTest" tests="95" failures="0" timestamp="13 May 2019 08:46:52 GMT" time="573.564" errors="4">
  <testcase name="validateHomePageTitle" time="0.040" classname="com.ghana.app.qa.testcases.ConsulatePageTest"/>
  <testcase name="verifyApplyVisaClickTest" time="0.481" classname="com.ghana.app.qa.testcases.ConsulatePageTest"/>
  <testcase name="getVisaCategoriesText" time="0.072" classname="com.ghana.app.qa.testcases.ConsulatePageTest"/>
  <testcase name="clickOnVisaTypeTest" time="0.981" classname="com.ghana.app.qa.testcases.ConsulatePageTest"/>
  <testcase name="selectPassPortType" time="5.000" classname="com.ghana.app.qa.testcases.ConsulatePageTest"/>
  <testcase name="selectNationalityTest" time="2.379" classname="com.ghana.app.qa.testcases.ConsulatePageTest"/>
  <testcase name="selectPortOfArrivalTest" time="0.441" classname="com.ghana.app.qa.testcases.ConsulatePageTest"/>
  <testcase name="passPhoneNoTest" time="0.184" classname="com.ghana.app.qa.testcases.ConsulatePageTest"/>
  <testcase name="passEmailIdTest" time="0.337" classname="com.ghana.app.qa.testcases.ConsulatePageTest"/>
  <testcase name="passReEmailIdTest" time="0.397" classname="com.ghana.app.qa.testcases.ConsulatePageTest"/>
  <testcase name="enterCaptchaFieldTest" time="4.162" classname="com.ghana.app.qa.testcases.ConsulatePageTest"/>
  <testcase name="selectDateOfBirthTest" time="0.186" classname="com.ghana.app.qa.testcases.ConsulatePageTest"/>
  <testcase name="clickOnSaveAndContinueBtnTest" time="4.237" classname="com.ghana.app.qa.testcases.ConsulatePageTest"/>
  <testcase name="getApplicationPageTitleTest" time="2.007" classname="com.ghana.app.qa.testcases.ConsulatePageTest"/>
  <testcase name="getApplicationIdTest" time="0.035" classname="com.ghana.app.qa.testcases.ConsulatePageTest"/>
  <testcase name="passFirstNameTest" time="0.303" classname="com.ghana.app.qa.testcases.ConsulatePageTest"/>
  <testcase name="passLastNameTest" time="0.119" classname="com.ghana.app.qa.testcases.ConsulatePageTest"/>
  <testcase name="passPassportNumberTest" time="0.117" classname="com.ghana.app.qa.testcases.ConsulatePageTest"/>
  <testcase name="clickOnGenderTest" time="2.122" classname="com.ghana.app.qa.testcases.ConsulatePageTest"/>
  <testcase name="selectPassIssueDateTest" time="0.196" classname="com.ghana.app.qa.testcases.ConsulatePageTest"/>
  <testcase name="selectPassExpiryDateTest" time="0.170" classname="com.ghana.app.qa.testcases.ConsulatePageTest"/>
  <testcase name="passPlaceOfBirthTest" time="0.115" classname="com.ghana.app.qa.testcases.ConsulatePageTest"/>
  <testcase name="clickOnSaveAndContinueTest" time="4.219" classname="com.ghana.app.qa.testcases.ConsulatePageTest"/>
  <testcase name="selectFormerNationalityTest" time="2.181" classname="com.ghana.app.qa.testcases.ConsulatePageTest"/>
  <testcase name="filladdressInfoTest" time="1.420" classname="com.ghana.app.qa.testcases.ConsulatePageTest"/>
  <testcase name="clickSaveAndContinuebtnTest" time="0.157" classname="com.ghana.app.qa.testcases.ConsulatePageTest"/>
  <testcase name="emergencyContactDetailsTest" time="0.358" classname="com.ghana.app.qa.testcases.ConsulatePageTest"/>
  <testcase name="selectRelationTest" time="0.158" classname="com.ghana.app.qa.testcases.ConsulatePageTest"/>
  <testcase name="emergencyProfessionDetailsTest" time="1.164" classname="com.ghana.app.qa.testcases.ConsulatePageTest"/>
  <testcase name="clickOnCintinueBtnTest" time="4.413" classname="com.ghana.app.qa.testcases.ConsulatePageTest"/>
  <testcase name="clickOnIsApplicantPossessionRoundTicketTest" time="0.118" classname="com.ghana.app.qa.testcases.ConsulatePageTest"/>
  <testcase name="passDateOfDepartureTest" time="0.133" classname="com.ghana.app.qa.testcases.ConsulatePageTest"/>
  <testcase name="passTicketNumberTest" time="0.115" classname="com.ghana.app.qa.testcases.ConsulatePageTest"/>
  <testcase name="clickOnTravelByTest" time="0.124" classname="com.ghana.app.qa.testcases.ConsulatePageTest"/>
  <testcase name="clickPurpose_of_journeyTest" time="0.110" classname="com.ghana.app.qa.testcases.ConsulatePageTest"/>
  <testcase name="passPrimaryRefFirstnameTest" time="0.093" classname="com.ghana.app.qa.testcases.ConsulatePageTest"/>
  <testcase name="passPrimaryRefLastnameTest" time="0.111" classname="com.ghana.app.qa.testcases.ConsulatePageTest"/>
  <testcase name="pass_Primary_ref_addressTest" time="0.244" classname="com.ghana.app.qa.testcases.ConsulatePageTest"/>
  <testcase name="pass_primary_ref_pincodeTest" time="0.124" classname="com.ghana.app.qa.testcases.ConsulatePageTest"/>
  <testcase name="pass_primary_ref_cityTest" time="0.277" classname="com.ghana.app.qa.testcases.ConsulatePageTest"/>
  <testcase name="pass_primary_ref_stateTest" time="0.253" classname="com.ghana.app.qa.testcases.ConsulatePageTest"/>
  <testcase name="pass_primary_ref_countryTest" time="0.115" classname="com.ghana.app.qa.testcases.ConsulatePageTest"/>
  <testcase name="pass_primary_ref_phone_numberTest" time="0.151" classname="com.ghana.app.qa.testcases.ConsulatePageTest"/>
  <testcase name="PassSecondaryRefDetailsTest" time="1.162" classname="com.ghana.app.qa.testcases.ConsulatePageTest"/>
  <testcase name="clickOnContinuebuttonTest" time="0.479" classname="com.ghana.app.qa.testcases.ConsulatePageTest"/>
  <testcase name="getUploadDocTest" time="0.338" classname="com.ghana.app.qa.testcases.ConsulatePageTest"/>
  <testcase name="clickOnContinuebuttonTest1" time="0.186" classname="com.ghana.app.qa.testcases.ConsulatePageTest"/>
  <testcase name="getTextPersonalInfoTest" time="0.213" classname="com.ghana.app.qa.testcases.ConsulatePageTest"/>
  <testcase name="getTextAddressInfoTest" time="0.244" classname="com.ghana.app.qa.testcases.ConsulatePageTest"/>
  <testcase name="getTextEmergencyContactTest" time="0.296" classname="com.ghana.app.qa.testcases.ConsulatePageTest"/>
  <testcase name="getTextTravelInfoTest" time="0.468" classname="com.ghana.app.qa.testcases.ConsulatePageTest"/>
  <testcase name="clickOnContinueBtnTest" time="0.110" classname="com.ghana.app.qa.testcases.ConsulatePageTest"/>
  <testcase name="verifyClickOnSubmitBtnTest" time="15.240" classname="com.ghana.app.qa.testcases.ConsulatePageTest"/>
  <testcase name="loginIntoConsulate" time="7.539" classname="com.ghana.app.qa.testcases.ConsulatePageTest"/>
  <testcase name="verifyTitleOfConsulateTitle" time="0.013" classname="com.ghana.app.qa.testcases.ConsulatePageTest"/>
  <testcase name="clickOnNewApplicationCN" time="20.163" classname="com.ghana.app.qa.testcases.ConsulatePageTest"/>
  <testcase name="getTextFromApplicantInformationCN" time="3.077" classname="com.ghana.app.qa.testcases.ConsulatePageTest"/>
  <testcase name="clickOnAddressInforCN" time="0.762" classname="com.ghana.app.qa.testcases.ConsulatePageTest"/>
  <testcase name="getTextFromAddressInformationCN" time="3.676" classname="com.ghana.app.qa.testcases.ConsulatePageTest"/>
  <testcase name="verfiyTitleOfCNTravelInfoPageCN" time="0.557" classname="com.ghana.app.qa.testcases.ConsulatePageTest"/>
  <testcase name="getTextFromTravelInformationCN" time="0.244" classname="com.ghana.app.qa.testcases.ConsulatePageTest"/>
  <testcase name="verfiyTitleOfCNDocumentVerificatonPageCN" time="0.534" classname="com.ghana.app.qa.testcases.ConsulatePageTest"/>
  <testcase name="clickOnBackButtonAndVerifyTitleTravelInformationCN" time="3.837" classname="com.ghana.app.qa.testcases.ConsulatePageTest"/>
  <testcase name="clickOnBackButtonAndVerifyTitleAddressInformationCN" time="3.531" classname="com.ghana.app.qa.testcases.ConsulatePageTest"/>
  <testcase name="clickOnBackButtonAndVerifyTitleApplicantInformationCN" time="3.579" classname="com.ghana.app.qa.testcases.ConsulatePageTest"/>
  <testcase name="clickOnNextButtonAndVerifyTitleAddressInformationCN" time="0.782" classname="com.ghana.app.qa.testcases.ConsulatePageTest"/>
  <testcase name="clickOnNextButtonAndVerifyTitleTravelInformationCN" time="0.594" classname="com.ghana.app.qa.testcases.ConsulatePageTest"/>
  <testcase name="clickOnNextButtonAndVerifyTitleDocumentVerificationCN" time="0.538" classname="com.ghana.app.qa.testcases.ConsulatePageTest"/>
  <testcase name="passCommentCN" time="0.834" classname="com.ghana.app.qa.testcases.ConsulatePageTest"/>
  <testcase name="clickOnConfirmedAirTicketWindowCloseCN" time="6.295" classname="com.ghana.app.qa.testcases.ConsulatePageTest"/>
  <testcase name="clickOnConfirmedAirTicketWindowCN" time="11.136" classname="com.ghana.app.qa.testcases.ConsulatePageTest"/>
  <testcase name="clickOnOnPhotoCloseCN" time="63.480" classname="com.ghana.app.qa.testcases.ConsulatePageTest">
    <error type="org.openqa.selenium.TimeoutException" message="Expected condition failed: waiting for element to be clickable: [[ChromeDriver: chrome on XP (952e63709ca60665be53f8e6dad7ff38)] -&gt; xpath: //button[@type=&#039;button&#039;][contains(text(),&#039;Close&#039;)]] (tried for 60 second(s) with 500 milliseconds interval)
Build info: version: &#039;3.141.59&#039;, revision: &#039;e82be7d358&#039;, time: &#039;2018-11-14T08:17:03&#039;
System info: host: &#039;TORENZO&#039;, ip: &#039;192.168.1.21&#039;, os.name: &#039;Windows 8.1&#039;, os.arch: &#039;amd64&#039;, os.version: &#039;6.3&#039;, java.version: &#039;1.8.0_151&#039;
Driver info: org.openqa.selenium.chrome.ChromeDriver
Capabilities {acceptInsecureCerts: false, acceptSslCerts: false, applicationCacheEnabled: false, browserConnectionEnabled: false, browserName: chrome, chrome: {chromedriverVersion: 74.0.3729.6 (255758eccf3d24..., userDataDir: C:\Users\TEJASH~1\AppData\L...}, cssSelectorsEnabled: true, databaseEnabled: false, goog:chromeOptions: {debuggerAddress: localhost:50432}, handlesAlerts: true, hasTouchScreen: false, javascriptEnabled: true, locationContextEnabled: true, mobileEmulationEnabled: false, nativeEvents: true, networkConnectionEnabled: false, pageLoadStrategy: normal, platform: XP, platformName: XP, proxy: Proxy(), rotatable: false, setWindowRect: true, strictFileInteractability: false, takesHeapSnapshot: true, takesScreenshot: true, timeouts: {implicit: 0, pageLoad: 300000, script: 30000}, unexpectedAlertBehaviour: ignore, unhandledPromptBehavior: ignore, version: 74.0.3729.131, webStorageEnabled: true}
Session ID: 952e63709ca60665be53f8e6dad7ff38">
      <![CDATA[org.openqa.selenium.TimeoutException: Expected condition failed: waiting for element to be clickable: [[ChromeDriver: chrome on XP (952e63709ca60665be53f8e6dad7ff38)] -> xpath: //button[@type='button'][contains(text(),'Close')]] (tried for 60 second(s) with 500 milliseconds interval)
Build info: version: '3.141.59', revision: 'e82be7d358', time: '2018-11-14T08:17:03'
System info: host: 'TORENZO', ip: '192.168.1.21', os.name: 'Windows 8.1', os.arch: 'amd64', os.version: '6.3', java.version: '1.8.0_151'
Driver info: org.openqa.selenium.chrome.ChromeDriver
Capabilities {acceptInsecureCerts: false, acceptSslCerts: false, applicationCacheEnabled: false, browserConnectionEnabled: false, browserName: chrome, chrome: {chromedriverVersion: 74.0.3729.6 (255758eccf3d24..., userDataDir: C:\Users\TEJASH~1\AppData\L...}, cssSelectorsEnabled: true, databaseEnabled: false, goog:chromeOptions: {debuggerAddress: localhost:50432}, handlesAlerts: true, hasTouchScreen: false, javascriptEnabled: true, locationContextEnabled: true, mobileEmulationEnabled: false, nativeEvents: true, networkConnectionEnabled: false, pageLoadStrategy: normal, platform: XP, platformName: XP, proxy: Proxy(), rotatable: false, setWindowRect: true, strictFileInteractability: false, takesHeapSnapshot: true, takesScreenshot: true, timeouts: {implicit: 0, pageLoad: 300000, script: 30000}, unexpectedAlertBehaviour: ignore, unhandledPromptBehavior: ignore, version: 74.0.3729.131, webStorageEnabled: true}
Session ID: 952e63709ca60665be53f8e6dad7ff38
at org.openqa.selenium.support.ui.WebDriverWait.timeoutException(WebDriverWait.java:95)
at org.openqa.selenium.support.ui.FluentWait.until(FluentWait.java:272)
at com.ghana.app.qa.util.TestUtil.waitForElemenToClick(TestUtil.java:146)
at com.ghana.app.qa.pages.CNDocumentVerificaton.closeButtonToCloseWindow2(CNDocumentVerificaton.java:143)
at com.ghana.app.qa.testcases.ConsulatePageTest.clickOnOnPhotoCloseCN(ConsulatePageTest.java:264)
at sun.reflect.NativeMethodAccessorImpl.invoke0(Native Method)
at sun.reflect.NativeMethodAccessorImpl.invoke(Unknown Source)
at sun.reflect.DelegatingMethodAccessorImpl.invoke(Unknown Source)
at java.lang.reflect.Method.invoke(Unknown Source)
at org.testng.internal.MethodInvocationHelper.invokeMethod(MethodInvocationHelper.java:124)
at org.testng.internal.Invoker.invokeMethod(Invoker.java:580)
at org.testng.internal.Invoker.invokeTestMethod(Invoker.java:716)
at org.testng.internal.Invoker.invokeTestMethods(Invoker.java:988)
at org.testng.internal.TestMethodWorker.invokeTestMethods(TestMethodWorker.java:125)
at org.testng.internal.TestMethodWorker.run(TestMethodWorker.java:109)
at org.testng.TestRunner.privateRun(TestRunner.java:648)
at org.testng.TestRunner.run(TestRunner.java:505)
at org.testng.SuiteRunner.runTest(SuiteRunner.java:455)
at org.testng.SuiteRunner.runSequentially(SuiteRunner.java:450)
at org.testng.SuiteRunner.privateRun(SuiteRunner.java:415)
at org.testng.SuiteRunner.run(SuiteRunner.java:364)
at org.testng.SuiteRunnerWorker.runSuite(SuiteRunnerWorker.java:52)
at org.testng.SuiteRunnerWorker.run(SuiteRunnerWorker.java:84)
at org.testng.TestNG.runSuitesSequentially(TestNG.java:1208)
at org.testng.TestNG.runSuitesLocally(TestNG.java:1137)
at org.testng.TestNG.runSuites(TestNG.java:1049)
at org.testng.TestNG.run(TestNG.java:1017)
at org.testng.remote.AbstractRemoteTestNG.run(AbstractRemoteTestNG.java:114)
at org.testng.remote.RemoteTestNG.initAndRun(RemoteTestNG.java:251)
at org.testng.remote.RemoteTestNG.main(RemoteTestNG.java:77)
]]>
    </error>
  </testcase> <!-- clickOnOnPhotoCloseCN -->
  <testcase name="clickOnOnPhotoCN" time="127.211" classname="com.ghana.app.qa.testcases.ConsulatePageTest">
    <error type="org.openqa.selenium.NoSuchElementException" message="no such element: Unable to locate element: {&quot;method&quot;:&quot;xpath&quot;,&quot;selector&quot;:&quot;//div[@class=&#039;modal fade show&#039;]//button[@type=&#039;button&#039;][contains(text(),&#039;×&#039;)]&quot;}
  (Session info: chrome=74.0.3729.131)
  (Driver info: chromedriver=74.0.3729.6 (255758eccf3d244491b8a1317aa76e1ce10d57e9-refs/branch-heads/3729@{#29}),platform=Windows NT 6.3.9600 x86_64) (WARNING: The server did not provide any stacktrace information)
Command duration or timeout: 0 milliseconds
For documentation on this error, please visit: https://www.seleniumhq.org/exceptions/no_such_element.html
Build info: version: &#039;3.141.59&#039;, revision: &#039;e82be7d358&#039;, time: &#039;2018-11-14T08:17:03&#039;
System info: host: &#039;TORENZO&#039;, ip: &#039;192.168.1.21&#039;, os.name: &#039;Windows 8.1&#039;, os.arch: &#039;amd64&#039;, os.version: &#039;6.3&#039;, java.version: &#039;1.8.0_151&#039;
Driver info: org.openqa.selenium.chrome.ChromeDriver
Capabilities {acceptInsecureCerts: false, acceptSslCerts: false, applicationCacheEnabled: false, browserConnectionEnabled: false, browserName: chrome, chrome: {chromedriverVersion: 74.0.3729.6 (255758eccf3d24..., userDataDir: C:\Users\TEJASH~1\AppData\L...}, cssSelectorsEnabled: true, databaseEnabled: false, goog:chromeOptions: {debuggerAddress: localhost:50432}, handlesAlerts: true, hasTouchScreen: false, javascriptEnabled: true, locationContextEnabled: true, mobileEmulationEnabled: false, nativeEvents: true, networkConnectionEnabled: false, pageLoadStrategy: normal, platform: XP, platformName: XP, proxy: Proxy(), rotatable: false, setWindowRect: true, strictFileInteractability: false, takesHeapSnapshot: true, takesScreenshot: true, timeouts: {implicit: 0, pageLoad: 300000, script: 30000}, unexpectedAlertBehaviour: ignore, unhandledPromptBehavior: ignore, version: 74.0.3729.131, webStorageEnabled: true}
Session ID: 952e63709ca60665be53f8e6dad7ff38
*** Element info: {Using=xpath, value=//div[@class=&#039;modal fade show&#039;]//button[@type=&#039;button&#039;][contains(text(),&#039;×&#039;)]}">
      <![CDATA[org.openqa.selenium.NoSuchElementException: no such element: Unable to locate element: {"method":"xpath","selector":"//div[@class='modal fade show']//button[@type='button'][contains(text(),'×')]"}
  (Session info: chrome=74.0.3729.131)
  (Driver info: chromedriver=74.0.3729.6 (255758eccf3d244491b8a1317aa76e1ce10d57e9-refs/branch-heads/3729@{#29}),platform=Windows NT 6.3.9600 x86_64) (WARNING: The server did not provide any stacktrace information)
Command duration or timeout: 0 milliseconds
For documentation on this error, please visit: https://www.seleniumhq.org/exceptions/no_such_element.html
Build info: version: '3.141.59', revision: 'e82be7d358', time: '2018-11-14T08:17:03'
System info: host: 'TORENZO', ip: '192.168.1.21', os.name: 'Windows 8.1', os.arch: 'amd64', os.version: '6.3', java.version: '1.8.0_151'
Driver info: org.openqa.selenium.chrome.ChromeDriver
Capabilities {acceptInsecureCerts: false, acceptSslCerts: false, applicationCacheEnabled: false, browserConnectionEnabled: false, browserName: chrome, chrome: {chromedriverVersion: 74.0.3729.6 (255758eccf3d24..., userDataDir: C:\Users\TEJASH~1\AppData\L...}, cssSelectorsEnabled: true, databaseEnabled: false, goog:chromeOptions: {debuggerAddress: localhost:50432}, handlesAlerts: true, hasTouchScreen: false, javascriptEnabled: true, locationContextEnabled: true, mobileEmulationEnabled: false, nativeEvents: true, networkConnectionEnabled: false, pageLoadStrategy: normal, platform: XP, platformName: XP, proxy: Proxy(), rotatable: false, setWindowRect: true, strictFileInteractability: false, takesHeapSnapshot: true, takesScreenshot: true, timeouts: {implicit: 0, pageLoad: 300000, script: 30000}, unexpectedAlertBehaviour: ignore, unhandledPromptBehavior: ignore, version: 74.0.3729.131, webStorageEnabled: true}
Session ID: 952e63709ca60665be53f8e6dad7ff38
*** Element info: {Using=xpath, value=//div[@class='modal fade show']//button[@type='button'][contains(text(),'×')]}
at sun.reflect.NativeConstructorAccessorImpl.newInstance0(Native Method)
at sun.reflect.NativeConstructorAccessorImpl.newInstance(Unknown Source)
at sun.reflect.DelegatingConstructorAccessorImpl.newInstance(Unknown Source)
at java.lang.reflect.Constructor.newInstance(Unknown Source)
at org.openqa.selenium.remote.ErrorHandler.createThrowable(ErrorHandler.java:214)
at org.openqa.selenium.remote.ErrorHandler.throwIfResponseFailed(ErrorHandler.java:166)
at org.openqa.selenium.remote.http.JsonHttpResponseCodec.reconstructValue(JsonHttpResponseCodec.java:40)
at org.openqa.selenium.remote.http.AbstractHttpResponseCodec.decode(AbstractHttpResponseCodec.java:80)
at org.openqa.selenium.remote.http.AbstractHttpResponseCodec.decode(AbstractHttpResponseCodec.java:44)
at org.openqa.selenium.remote.HttpCommandExecutor.execute(HttpCommandExecutor.java:158)
at org.openqa.selenium.remote.service.DriverCommandExecutor.execute(DriverCommandExecutor.java:83)
at org.openqa.selenium.remote.RemoteWebDriver.execute(RemoteWebDriver.java:552)
at org.openqa.selenium.remote.RemoteWebDriver.findElement(RemoteWebDriver.java:323)
at org.openqa.selenium.remote.RemoteWebDriver.findElementByXPath(RemoteWebDriver.java:428)
at org.openqa.selenium.By$ByXPath.findElement(By.java:353)
at org.openqa.selenium.remote.RemoteWebDriver.findElement(RemoteWebDriver.java:315)
at org.openqa.selenium.support.pagefactory.DefaultElementLocator.findElement(DefaultElementLocator.java:69)
at org.openqa.selenium.support.pagefactory.internal.LocatingElementHandler.invoke(LocatingElementHandler.java:38)
at com.sun.proxy.$Proxy8.getWrappedElement(Unknown Source)
at org.openqa.selenium.remote.internal.WebElementToJsonConverter.apply(WebElementToJsonConverter.java:50)
at java.util.stream.ReferencePipeline$3$1.accept(Unknown Source)
at java.util.Spliterators$ArraySpliterator.forEachRemaining(Unknown Source)
at java.util.stream.AbstractPipeline.copyInto(Unknown Source)
at java.util.stream.AbstractPipeline.wrapAndCopyInto(Unknown Source)
at java.util.stream.ReduceOps$ReduceOp.evaluateSequential(Unknown Source)
at java.util.stream.AbstractPipeline.evaluate(Unknown Source)
at java.util.stream.ReferencePipeline.collect(Unknown Source)
at org.openqa.selenium.remote.RemoteWebDriver.executeScript(RemoteWebDriver.java:484)
at com.ghana.app.qa.util.TestUtil.clickOnElement(TestUtil.java:137)
at com.ghana.app.qa.pages.CNDocumentVerificaton.crossButtonToCloseWindow(CNDocumentVerificaton.java:131)
at com.ghana.app.qa.testcases.ConsulatePageTest.clickOnOnPhotoCN(ConsulatePageTest.java:277)
at sun.reflect.NativeMethodAccessorImpl.invoke0(Native Method)
at sun.reflect.NativeMethodAccessorImpl.invoke(Unknown Source)
at sun.reflect.DelegatingMethodAccessorImpl.invoke(Unknown Source)
at java.lang.reflect.Method.invoke(Unknown Source)
at org.testng.internal.MethodInvocationHelper.invokeMethod(MethodInvocationHelper.java:124)
at org.testng.internal.Invoker.invokeMethod(Invoker.java:580)
at org.testng.internal.Invoker.invokeTestMethod(Invoker.java:716)
at org.testng.internal.Invoker.invokeTestMethods(Invoker.java:988)
at org.testng.internal.TestMethodWorker.invokeTestMethods(TestMethodWorker.java:125)
at org.testng.internal.TestMethodWorker.run(TestMethodWorker.java:109)
at org.testng.TestRunner.privateRun(TestRunner.java:648)
at org.testng.TestRunner.run(TestRunner.java:505)
at org.testng.SuiteRunner.runTest(SuiteRunner.java:455)
at org.testng.SuiteRunner.runSequentially(SuiteRunner.java:450)
at org.testng.SuiteRunner.privateRun(SuiteRunner.java:415)
at org.testng.SuiteRunner.run(SuiteRunner.java:364)
at org.testng.SuiteRunnerWorker.runSuite(SuiteRunnerWorker.java:52)
at org.testng.SuiteRunnerWorker.run(SuiteRunnerWorker.java:84)
at org.testng.TestNG.runSuitesSequentially(TestNG.java:1208)
at org.testng.TestNG.runSuitesLocally(TestNG.java:1137)
at org.testng.TestNG.runSuites(TestNG.java:1049)
at org.testng.TestNG.run(TestNG.java:1017)
at org.testng.remote.AbstractRemoteTestNG.run(AbstractRemoteTestNG.java:114)
at org.testng.remote.RemoteTestNG.initAndRun(RemoteTestNG.java:251)
at org.testng.remote.RemoteTestNG.main(RemoteTestNG.java:77)
]]>
    </error>
  </testcase> <!-- clickOnOnPhotoCN -->
  <testcase name="clickOnYellowFevervaccinationCloseCN" time="3.023" classname="com.ghana.app.qa.testcases.ConsulatePageTest"/>
  <testcase name="clickOnYellowFevervaccinationCN" time="7.688" classname="com.ghana.app.qa.testcases.ConsulatePageTest"/>
  <testcase name="clickOnCoveringLetterCloseCN" time="2.883" classname="com.ghana.app.qa.testcases.ConsulatePageTest"/>
  <testcase name="clickOnCoveringLetterCN" time="7.683" classname="com.ghana.app.qa.testcases.ConsulatePageTest"/>
  <testcase name="clickOnIdProofReferenceCloseCN" time="62.327" classname="com.ghana.app.qa.testcases.ConsulatePageTest">
    <error type="org.openqa.selenium.TimeoutException" message="Expected condition failed: waiting for visibility of [[ChromeDriver: chrome on XP (952e63709ca60665be53f8e6dad7ff38)] -&gt; xpath: //h4[contains(text(),&#039;ID proof of reference&#039;)]] (tried for 60 second(s) with 500 milliseconds interval)
Build info: version: &#039;3.141.59&#039;, revision: &#039;e82be7d358&#039;, time: &#039;2018-11-14T08:17:03&#039;
System info: host: &#039;TORENZO&#039;, ip: &#039;192.168.1.21&#039;, os.name: &#039;Windows 8.1&#039;, os.arch: &#039;amd64&#039;, os.version: &#039;6.3&#039;, java.version: &#039;1.8.0_151&#039;
Driver info: org.openqa.selenium.chrome.ChromeDriver
Capabilities {acceptInsecureCerts: false, acceptSslCerts: false, applicationCacheEnabled: false, browserConnectionEnabled: false, browserName: chrome, chrome: {chromedriverVersion: 74.0.3729.6 (255758eccf3d24..., userDataDir: C:\Users\TEJASH~1\AppData\L...}, cssSelectorsEnabled: true, databaseEnabled: false, goog:chromeOptions: {debuggerAddress: localhost:50432}, handlesAlerts: true, hasTouchScreen: false, javascriptEnabled: true, locationContextEnabled: true, mobileEmulationEnabled: false, nativeEvents: true, networkConnectionEnabled: false, pageLoadStrategy: normal, platform: XP, platformName: XP, proxy: Proxy(), rotatable: false, setWindowRect: true, strictFileInteractability: false, takesHeapSnapshot: true, takesScreenshot: true, timeouts: {implicit: 0, pageLoad: 300000, script: 30000}, unexpectedAlertBehaviour: ignore, unhandledPromptBehavior: ignore, version: 74.0.3729.131, webStorageEnabled: true}
Session ID: 952e63709ca60665be53f8e6dad7ff38">
      <![CDATA[org.openqa.selenium.TimeoutException: Expected condition failed: waiting for visibility of [[ChromeDriver: chrome on XP (952e63709ca60665be53f8e6dad7ff38)] -> xpath: //h4[contains(text(),'ID proof of reference')]] (tried for 60 second(s) with 500 milliseconds interval)
Build info: version: '3.141.59', revision: 'e82be7d358', time: '2018-11-14T08:17:03'
System info: host: 'TORENZO', ip: '192.168.1.21', os.name: 'Windows 8.1', os.arch: 'amd64', os.version: '6.3', java.version: '1.8.0_151'
Driver info: org.openqa.selenium.chrome.ChromeDriver
Capabilities {acceptInsecureCerts: false, acceptSslCerts: false, applicationCacheEnabled: false, browserConnectionEnabled: false, browserName: chrome, chrome: {chromedriverVersion: 74.0.3729.6 (255758eccf3d24..., userDataDir: C:\Users\TEJASH~1\AppData\L...}, cssSelectorsEnabled: true, databaseEnabled: false, goog:chromeOptions: {debuggerAddress: localhost:50432}, handlesAlerts: true, hasTouchScreen: false, javascriptEnabled: true, locationContextEnabled: true, mobileEmulationEnabled: false, nativeEvents: true, networkConnectionEnabled: false, pageLoadStrategy: normal, platform: XP, platformName: XP, proxy: Proxy(), rotatable: false, setWindowRect: true, strictFileInteractability: false, takesHeapSnapshot: true, takesScreenshot: true, timeouts: {implicit: 0, pageLoad: 300000, script: 30000}, unexpectedAlertBehaviour: ignore, unhandledPromptBehavior: ignore, version: 74.0.3729.131, webStorageEnabled: true}
Session ID: 952e63709ca60665be53f8e6dad7ff38
at org.openqa.selenium.support.ui.WebDriverWait.timeoutException(WebDriverWait.java:95)
at org.openqa.selenium.support.ui.FluentWait.until(FluentWait.java:272)
at com.ghana.app.qa.util.TestUtil.waitForElementToVisible(TestUtil.java:152)
at com.ghana.app.qa.pages.CNDocumentVerificaton.titleOfIDProofOfReferenceWindow(CNDocumentVerificaton.java:254)
at com.ghana.app.qa.testcases.ConsulatePageTest.clickOnIdProofReferenceCloseCN(ConsulatePageTest.java:364)
at sun.reflect.NativeMethodAccessorImpl.invoke0(Native Method)
at sun.reflect.NativeMethodAccessorImpl.invoke(Unknown Source)
at sun.reflect.DelegatingMethodAccessorImpl.invoke(Unknown Source)
at java.lang.reflect.Method.invoke(Unknown Source)
at org.testng.internal.MethodInvocationHelper.invokeMethod(MethodInvocationHelper.java:124)
at org.testng.internal.Invoker.invokeMethod(Invoker.java:580)
at org.testng.internal.Invoker.invokeTestMethod(Invoker.java:716)
at org.testng.internal.Invoker.invokeTestMethods(Invoker.java:988)
at org.testng.internal.TestMethodWorker.invokeTestMethods(TestMethodWorker.java:125)
at org.testng.internal.TestMethodWorker.run(TestMethodWorker.java:109)
at org.testng.TestRunner.privateRun(TestRunner.java:648)
at org.testng.TestRunner.run(TestRunner.java:505)
at org.testng.SuiteRunner.runTest(SuiteRunner.java:455)
at org.testng.SuiteRunner.runSequentially(SuiteRunner.java:450)
at org.testng.SuiteRunner.privateRun(SuiteRunner.java:415)
at org.testng.SuiteRunner.run(SuiteRunner.java:364)
at org.testng.SuiteRunnerWorker.runSuite(SuiteRunnerWorker.java:52)
at org.testng.SuiteRunnerWorker.run(SuiteRunnerWorker.java:84)
at org.testng.TestNG.runSuitesSequentially(TestNG.java:1208)
at org.testng.TestNG.runSuitesLocally(TestNG.java:1137)
at org.testng.TestNG.runSuites(TestNG.java:1049)
at org.testng.TestNG.run(TestNG.java:1017)
at org.testng.remote.AbstractRemoteTestNG.run(AbstractRemoteTestNG.java:114)
at org.testng.remote.RemoteTestNG.initAndRun(RemoteTestNG.java:251)
at org.testng.remote.RemoteTestNG.main(RemoteTestNG.java:77)
]]>
    </error>
  </testcase> <!-- clickOnIdProofReferenceCloseCN -->
  <testcase name="clickOnIdProofReferenceCN" time="62.313" classname="com.ghana.app.qa.testcases.ConsulatePageTest">
    <error type="org.openqa.selenium.TimeoutException" message="Expected condition failed: waiting for visibility of [[ChromeDriver: chrome on XP (952e63709ca60665be53f8e6dad7ff38)] -&gt; xpath: //h4[contains(text(),&#039;ID proof of reference&#039;)]] (tried for 60 second(s) with 500 milliseconds interval)
Build info: version: &#039;3.141.59&#039;, revision: &#039;e82be7d358&#039;, time: &#039;2018-11-14T08:17:03&#039;
System info: host: &#039;TORENZO&#039;, ip: &#039;192.168.1.21&#039;, os.name: &#039;Windows 8.1&#039;, os.arch: &#039;amd64&#039;, os.version: &#039;6.3&#039;, java.version: &#039;1.8.0_151&#039;
Driver info: org.openqa.selenium.chrome.ChromeDriver
Capabilities {acceptInsecureCerts: false, acceptSslCerts: false, applicationCacheEnabled: false, browserConnectionEnabled: false, browserName: chrome, chrome: {chromedriverVersion: 74.0.3729.6 (255758eccf3d24..., userDataDir: C:\Users\TEJASH~1\AppData\L...}, cssSelectorsEnabled: true, databaseEnabled: false, goog:chromeOptions: {debuggerAddress: localhost:50432}, handlesAlerts: true, hasTouchScreen: false, javascriptEnabled: true, locationContextEnabled: true, mobileEmulationEnabled: false, nativeEvents: true, networkConnectionEnabled: false, pageLoadStrategy: normal, platform: XP, platformName: XP, proxy: Proxy(), rotatable: false, setWindowRect: true, strictFileInteractability: false, takesHeapSnapshot: true, takesScreenshot: true, timeouts: {implicit: 0, pageLoad: 300000, script: 30000}, unexpectedAlertBehaviour: ignore, unhandledPromptBehavior: ignore, version: 74.0.3729.131, webStorageEnabled: true}
Session ID: 952e63709ca60665be53f8e6dad7ff38">
      <![CDATA[org.openqa.selenium.TimeoutException: Expected condition failed: waiting for visibility of [[ChromeDriver: chrome on XP (952e63709ca60665be53f8e6dad7ff38)] -> xpath: //h4[contains(text(),'ID proof of reference')]] (tried for 60 second(s) with 500 milliseconds interval)
Build info: version: '3.141.59', revision: 'e82be7d358', time: '2018-11-14T08:17:03'
System info: host: 'TORENZO', ip: '192.168.1.21', os.name: 'Windows 8.1', os.arch: 'amd64', os.version: '6.3', java.version: '1.8.0_151'
Driver info: org.openqa.selenium.chrome.ChromeDriver
Capabilities {acceptInsecureCerts: false, acceptSslCerts: false, applicationCacheEnabled: false, browserConnectionEnabled: false, browserName: chrome, chrome: {chromedriverVersion: 74.0.3729.6 (255758eccf3d24..., userDataDir: C:\Users\TEJASH~1\AppData\L...}, cssSelectorsEnabled: true, databaseEnabled: false, goog:chromeOptions: {debuggerAddress: localhost:50432}, handlesAlerts: true, hasTouchScreen: false, javascriptEnabled: true, locationContextEnabled: true, mobileEmulationEnabled: false, nativeEvents: true, networkConnectionEnabled: false, pageLoadStrategy: normal, platform: XP, platformName: XP, proxy: Proxy(), rotatable: false, setWindowRect: true, strictFileInteractability: false, takesHeapSnapshot: true, takesScreenshot: true, timeouts: {implicit: 0, pageLoad: 300000, script: 30000}, unexpectedAlertBehaviour: ignore, unhandledPromptBehavior: ignore, version: 74.0.3729.131, webStorageEnabled: true}
Session ID: 952e63709ca60665be53f8e6dad7ff38
at org.openqa.selenium.support.ui.WebDriverWait.timeoutException(WebDriverWait.java:95)
at org.openqa.selenium.support.ui.FluentWait.until(FluentWait.java:272)
at com.ghana.app.qa.util.TestUtil.waitForElementToVisible(TestUtil.java:152)
at com.ghana.app.qa.pages.CNDocumentVerificaton.titleOfIDProofOfReferenceWindow(CNDocumentVerificaton.java:254)
at com.ghana.app.qa.testcases.ConsulatePageTest.clickOnIdProofReferenceCN(ConsulatePageTest.java:377)
at sun.reflect.NativeMethodAccessorImpl.invoke0(Native Method)
at sun.reflect.NativeMethodAccessorImpl.invoke(Unknown Source)
at sun.reflect.DelegatingMethodAccessorImpl.invoke(Unknown Source)
at java.lang.reflect.Method.invoke(Unknown Source)
at org.testng.internal.MethodInvocationHelper.invokeMethod(MethodInvocationHelper.java:124)
at org.testng.internal.Invoker.invokeMethod(Invoker.java:580)
at org.testng.internal.Invoker.invokeTestMethod(Invoker.java:716)
at org.testng.internal.Invoker.invokeTestMethods(Invoker.java:988)
at org.testng.internal.TestMethodWorker.invokeTestMethods(TestMethodWorker.java:125)
at org.testng.internal.TestMethodWorker.run(TestMethodWorker.java:109)
at org.testng.TestRunner.privateRun(TestRunner.java:648)
at org.testng.TestRunner.run(TestRunner.java:505)
at org.testng.SuiteRunner.runTest(SuiteRunner.java:455)
at org.testng.SuiteRunner.runSequentially(SuiteRunner.java:450)
at org.testng.SuiteRunner.privateRun(SuiteRunner.java:415)
at org.testng.SuiteRunner.run(SuiteRunner.java:364)
at org.testng.SuiteRunnerWorker.runSuite(SuiteRunnerWorker.java:52)
at org.testng.SuiteRunnerWorker.run(SuiteRunnerWorker.java:84)
at org.testng.TestNG.runSuitesSequentially(TestNG.java:1208)
at org.testng.TestNG.runSuitesLocally(TestNG.java:1137)
at org.testng.TestNG.runSuites(TestNG.java:1049)
at org.testng.TestNG.run(TestNG.java:1017)
at org.testng.remote.AbstractRemoteTestNG.run(AbstractRemoteTestNG.java:114)
at org.testng.remote.RemoteTestNG.initAndRun(RemoteTestNG.java:251)
at org.testng.remote.RemoteTestNG.main(RemoteTestNG.java:77)
]]>
    </error>
  </testcase> <!-- clickOnIdProofReferenceCN -->
  <testcase name="clickOnOriginalInvitationLetterCloseCN" time="2.903" classname="com.ghana.app.qa.testcases.ConsulatePageTest"/>
  <testcase name="clickOnOriginalInvitationLetterCN" time="7.685" classname="com.ghana.app.qa.testcases.ConsulatePageTest"/>
  <testcase name="clickOnProofOfTransitVisaCloseCN" time="2.836" classname="com.ghana.app.qa.testcases.ConsulatePageTest"/>
  <testcase name="clickOnProofOfTransitVisaCN" time="7.688" classname="com.ghana.app.qa.testcases.ConsulatePageTest"/>
  <testcase name="selectAllCheckBoxAndVerifyCN" time="4.546" classname="com.ghana.app.qa.testcases.ConsulatePageTest"/>
  <testcase name="selectOneByOneCheckBoxAndVerifyCN" time="3.081" classname="com.ghana.app.qa.testcases.ConsulatePageTest"/>
  <testcase name="clickOnInterviewScheduleAndcancelCN" time="9.440" classname="com.ghana.app.qa.testcases.ConsulatePageTest"/>
  <testcase name="clickOnInterviewScheduleAndCloseCN" time="9.278" classname="com.ghana.app.qa.testcases.ConsulatePageTest"/>
  <testcase name="clickOnRejectAndVerifyPopTextCN" time="3.778" classname="com.ghana.app.qa.testcases.ConsulatePageTest"/>
  <testcase name="clickOnRejectAndVerifyPopText1CN" time="6.760" classname="com.ghana.app.qa.testcases.ConsulatePageTest"/>
  <testcase name="clickOnApproveAndVerifyPopTextCN" time="0.774" classname="com.ghana.app.qa.testcases.ConsulatePageTest"/>
  <testcase name="clickOnApproveAndVerifyPopText1CN" time="6.700" classname="com.ghana.app.qa.testcases.ConsulatePageTest"/>
  <testcase name="clickOnApproveCN" time="4.176" classname="com.ghana.app.qa.testcases.ConsulatePageTest"/>
  <testcase name="verifyApplicaInHCGApplicationBucket" time="17.297" classname="com.ghana.app.qa.testcases.ConsulatePageTest"/>
  <testcase name="verifyApplicationSentOpens" time="1.156" classname="com.ghana.app.qa.testcases.ConsulatePageTest"/>
  <testcase name="verifyCanceAndCrossButton" time="22.312" classname="com.ghana.app.qa.testcases.ConsulatePageTest"/>
</testsuite> <!-- com.ghana.app.qa.testcases.ConsulatePageTest -->
