<?xml version="1.0" encoding="UTF-8"?>
<!-- Generated by org.testng.reporters.JUnitReportReporter -->
<testsuite skipped="0" hostname="RahulKaelsMini2" name="com.ghana.app.qa.testcases.ConsulatePageTest" tests="65" failures="2" timestamp="28 Mar 2019 10:10:49 GMT" time="123.508" errors="0">
  <testcase name="validateHomePageTitle" time="0.022" classname="com.ghana.app.qa.testcases.ConsulatePageTest"/>
  <testcase name="verifyApplyVisaClickTest" time="0.486" classname="com.ghana.app.qa.testcases.ConsulatePageTest"/>
  <testcase name="getVisaCategoriesText" time="0.045" classname="com.ghana.app.qa.testcases.ConsulatePageTest"/>
  <testcase name="clickOnVisaTypeTest" time="0.717" classname="com.ghana.app.qa.testcases.ConsulatePageTest"/>
  <testcase name="selectPassPortType" time="6.135" classname="com.ghana.app.qa.testcases.ConsulatePageTest"/>
  <testcase name="selectNationalityTest" time="2.428" classname="com.ghana.app.qa.testcases.ConsulatePageTest"/>
  <testcase name="selectPortOfArrivalTest" time="0.122" classname="com.ghana.app.qa.testcases.ConsulatePageTest"/>
  <testcase name="passPhoneNoTest" time="0.162" classname="com.ghana.app.qa.testcases.ConsulatePageTest"/>
  <testcase name="passEmailIdTest" time="0.358" classname="com.ghana.app.qa.testcases.ConsulatePageTest"/>
  <testcase name="passReEmailIdTest" time="0.294" classname="com.ghana.app.qa.testcases.ConsulatePageTest"/>
  <testcase name="enterCaptchaFieldTest" time="0.123" classname="com.ghana.app.qa.testcases.ConsulatePageTest"/>
  <testcase name="selectDateOfBirthTest" time="1.861" classname="com.ghana.app.qa.testcases.ConsulatePageTest"/>
  <testcase name="clickOnSaveAndContinueBtnTest" time="2.036" classname="com.ghana.app.qa.testcases.ConsulatePageTest"/>
  <testcase name="getApplicationPageTitleTest" time="2.007" classname="com.ghana.app.qa.testcases.ConsulatePageTest"/>
  <testcase name="getApplicationIdTest" time="0.031" classname="com.ghana.app.qa.testcases.ConsulatePageTest"/>
  <testcase name="selectVisaFeesTest" time="0.211" classname="com.ghana.app.qa.testcases.ConsulatePageTest"/>
  <testcase name="selectVisaLocationTest" time="0.146" classname="com.ghana.app.qa.testcases.ConsulatePageTest"/>
  <testcase name="passFirstNameTest" time="0.120" classname="com.ghana.app.qa.testcases.ConsulatePageTest"/>
  <testcase name="passLastNameTest" time="0.120" classname="com.ghana.app.qa.testcases.ConsulatePageTest"/>
  <testcase name="passPassportNumberTest" time="0.169" classname="com.ghana.app.qa.testcases.ConsulatePageTest"/>
  <testcase name="clickOnGenderTest" time="2.109" classname="com.ghana.app.qa.testcases.ConsulatePageTest"/>
  <testcase name="selectPassIssueDateTest" time="0.256" classname="com.ghana.app.qa.testcases.ConsulatePageTest"/>
  <testcase name="selectPassExpiryDateTest" time="0.288" classname="com.ghana.app.qa.testcases.ConsulatePageTest"/>
  <testcase name="passPlaceOfBirthTest" time="0.156" classname="com.ghana.app.qa.testcases.ConsulatePageTest"/>
  <testcase name="clickOnSaveAndContinueTest" time="4.200" classname="com.ghana.app.qa.testcases.ConsulatePageTest"/>
  <testcase name="selectFormerNationalityTest" time="2.163" classname="com.ghana.app.qa.testcases.ConsulatePageTest"/>
  <testcase name="filladdressInfoTest" time="1.562" classname="com.ghana.app.qa.testcases.ConsulatePageTest"/>
  <testcase name="clickSaveAndContinuebtnTest" time="0.196" classname="com.ghana.app.qa.testcases.ConsulatePageTest"/>
  <testcase name="emergencyContactDetailsTest" time="0.380" classname="com.ghana.app.qa.testcases.ConsulatePageTest"/>
  <testcase name="selectRelationTest" time="0.149" classname="com.ghana.app.qa.testcases.ConsulatePageTest"/>
  <testcase name="emergencyProfessionDetailsTest" time="1.154" classname="com.ghana.app.qa.testcases.ConsulatePageTest"/>
  <testcase name="clickOnCintinueBtnTest" time="4.392" classname="com.ghana.app.qa.testcases.ConsulatePageTest"/>
  <testcase name="clickOnIsApplicantPossessionRoundTicketTest" time="0.124" classname="com.ghana.app.qa.testcases.ConsulatePageTest"/>
  <testcase name="passDateOfDepartureTest" time="0.362" classname="com.ghana.app.qa.testcases.ConsulatePageTest"/>
  <testcase name="passTicketNumberTest" time="0.225" classname="com.ghana.app.qa.testcases.ConsulatePageTest"/>
  <testcase name="clickOnTravelByTest" time="0.143" classname="com.ghana.app.qa.testcases.ConsulatePageTest"/>
  <testcase name="clickPurpose_of_journeyTest" time="0.136" classname="com.ghana.app.qa.testcases.ConsulatePageTest"/>
  <testcase name="passPrimaryRefFirstnameTest" time="0.098" classname="com.ghana.app.qa.testcases.ConsulatePageTest"/>
  <testcase name="passPrimaryRefLastnameTest" time="0.144" classname="com.ghana.app.qa.testcases.ConsulatePageTest"/>
  <testcase name="pass_Primary_ref_addressTest" time="0.310" classname="com.ghana.app.qa.testcases.ConsulatePageTest"/>
  <testcase name="pass_primary_ref_pincodeTest" time="0.164" classname="com.ghana.app.qa.testcases.ConsulatePageTest"/>
  <testcase name="pass_primary_ref_cityTest" time="0.222" classname="com.ghana.app.qa.testcases.ConsulatePageTest"/>
  <testcase name="pass_primary_ref_stateTest" time="0.202" classname="com.ghana.app.qa.testcases.ConsulatePageTest"/>
  <testcase name="pass_primary_ref_countryTest" time="0.131" classname="com.ghana.app.qa.testcases.ConsulatePageTest"/>
  <testcase name="pass_primary_ref_phone_numberTest" time="0.167" classname="com.ghana.app.qa.testcases.ConsulatePageTest"/>
  <testcase name="PassSecondaryRefDetailsTest" time="1.349" classname="com.ghana.app.qa.testcases.ConsulatePageTest"/>
  <testcase name="clickOnContinuebuttonTest" time="0.548" classname="com.ghana.app.qa.testcases.ConsulatePageTest"/>
  <testcase name="getUploadDocTest" time="0.755" classname="com.ghana.app.qa.testcases.ConsulatePageTest"/>
  <testcase name="clickOnContinuebuttonTest1" time="0.125" classname="com.ghana.app.qa.testcases.ConsulatePageTest"/>
  <testcase name="getTextPersonalInfoTest" time="0.194" classname="com.ghana.app.qa.testcases.ConsulatePageTest"/>
  <testcase name="getTextAddressInfoTest" time="0.229" classname="com.ghana.app.qa.testcases.ConsulatePageTest"/>
  <testcase name="getTextEmergencyContactTest" time="0.285" classname="com.ghana.app.qa.testcases.ConsulatePageTest"/>
  <testcase name="getTextTravelInfoTest" time="0.464" classname="com.ghana.app.qa.testcases.ConsulatePageTest"/>
  <testcase name="clickOnContinueBtnTest" time="0.084" classname="com.ghana.app.qa.testcases.ConsulatePageTest"/>
  <testcase name="verifyClickOnSubmitBtnTest" time="8.513" classname="com.ghana.app.qa.testcases.ConsulatePageTest"/>
  <testcase name="loginIntoConsulate" time="6.412" classname="com.ghana.app.qa.testcases.ConsulatePageTest"/>
  <testcase name="verifyTitleOfConsulateTitle" time="0.016" classname="com.ghana.app.qa.testcases.ConsulatePageTest"/>
  <testcase name="clickOnNewApplicationCN" time="21.042" classname="com.ghana.app.qa.testcases.ConsulatePageTest"/>
  <testcase name="clickOnAddressInforCN" time="0.683" classname="com.ghana.app.qa.testcases.ConsulatePageTest"/>
  <testcase name="verfiyTitleOfCNTravelInfoPageCN" time="0.695" classname="com.ghana.app.qa.testcases.ConsulatePageTest"/>
  <testcase name="verfiyTitleOfCNDocumentVerificatonPageCN" time="0.646" classname="com.ghana.app.qa.testcases.ConsulatePageTest"/>
  <testcase name="clickOnApproveCN" time="3.270" classname="com.ghana.app.qa.testcases.ConsulatePageTest"/>
  <testcase name="verifyApplicaInHCGApplicationBucket" time="17.258" classname="com.ghana.app.qa.testcases.ConsulatePageTest"/>
  <testcase name="verifyApplicationSentOpens" time="1.676" classname="com.ghana.app.qa.testcases.ConsulatePageTest">
    <failure type="java.lang.AssertionError" message="The following asserts failed:
	We are not in HCG Application bucket to check the application is present after approved by CN expected [] but found [HCG Application],
	Application is not sent to HCD side(Checked in Bucket) even after approved the application expected [This application is already sent to High Commsion forconfirmation, Are you sure you want to open this?] but found [This application is already sent to High Commsion for
confirmation, Are you sure you want to open this?]">
      <![CDATA[java.lang.AssertionError: The following asserts failed:
We are not in HCG Application bucket to check the application is present after approved by CN expected [] but found [HCG Application],
Application is not sent to HCD side(Checked in Bucket) even after approved the application expected [This application is already sent to High Commsion forconfirmation, Are you sure you want to open this?] but found [This application is already sent to High Commsion for
confirmation, Are you sure you want to open this?]
at org.testng.asserts.SoftAssert.assertAll(SoftAssert.java:43)
at com.ghana.app.qa.testcases.ConsulatePageTest.verifyApplicationSentOpens(ConsulatePageTest.java:126)
at sun.reflect.NativeMethodAccessorImpl.invoke0(Native Method)
at sun.reflect.NativeMethodAccessorImpl.invoke(NativeMethodAccessorImpl.java:62)
at sun.reflect.DelegatingMethodAccessorImpl.invoke(DelegatingMethodAccessorImpl.java:43)
at java.lang.reflect.Method.invoke(Method.java:498)
at org.testng.internal.MethodInvocationHelper.invokeMethod(MethodInvocationHelper.java:124)
at org.testng.internal.Invoker.invokeMethod(Invoker.java:583)
at org.testng.internal.Invoker.invokeTestMethod(Invoker.java:719)
at org.testng.internal.Invoker.invokeTestMethods(Invoker.java:989)
at org.testng.internal.TestMethodWorker.invokeTestMethods(TestMethodWorker.java:125)
at org.testng.internal.TestMethodWorker.run(TestMethodWorker.java:109)
at org.testng.TestRunner.privateRun(TestRunner.java:648)
at org.testng.TestRunner.run(TestRunner.java:505)
at org.testng.SuiteRunner.runTest(SuiteRunner.java:455)
at org.testng.SuiteRunner.runSequentially(SuiteRunner.java:450)
at org.testng.SuiteRunner.privateRun(SuiteRunner.java:415)
at org.testng.SuiteRunner.run(SuiteRunner.java:364)
at org.testng.SuiteRunnerWorker.runSuite(SuiteRunnerWorker.java:52)
at org.testng.SuiteRunnerWorker.run(SuiteRunnerWorker.java:84)
at org.testng.TestNG.runSuitesSequentially(TestNG.java:1208)
at org.testng.TestNG.runSuitesLocally(TestNG.java:1137)
at org.testng.TestNG.runSuites(TestNG.java:1049)
at org.testng.TestNG.run(TestNG.java:1017)
at org.testng.remote.AbstractRemoteTestNG.run(AbstractRemoteTestNG.java:114)
at org.testng.remote.RemoteTestNG.initAndRun(RemoteTestNG.java:251)
at org.testng.remote.RemoteTestNG.main(RemoteTestNG.java:77)
]]>
    </failure>
  </testcase> <!-- verifyApplicationSentOpens -->
  <testcase name="verifyCanceAndCrossButton" time="22.238" classname="com.ghana.app.qa.testcases.ConsulatePageTest">
    <failure type="java.lang.AssertionError" message="The following asserts failed:
	We are not in HCG Application bucket to check the application is present after approved by CN expected [] but found [HCG Application],
	Application is not sent to HCD side(Checked in Bucket) even after approved the application expected [This application is already sent to High Commsion forconfirmation, Are you sure you want to open this?] but found [This application is already sent to High Commsion for
confirmation, Are you sure you want to open this?]">
      <![CDATA[java.lang.AssertionError: The following asserts failed:
We are not in HCG Application bucket to check the application is present after approved by CN expected [] but found [HCG Application],
Application is not sent to HCD side(Checked in Bucket) even after approved the application expected [This application is already sent to High Commsion forconfirmation, Are you sure you want to open this?] but found [This application is already sent to High Commsion for
confirmation, Are you sure you want to open this?]
at org.testng.asserts.SoftAssert.assertAll(SoftAssert.java:43)
at com.ghana.app.qa.testcases.ConsulatePageTest.verifyCanceAndCrossButton(ConsulatePageTest.java:144)
at sun.reflect.NativeMethodAccessorImpl.invoke0(Native Method)
at sun.reflect.NativeMethodAccessorImpl.invoke(NativeMethodAccessorImpl.java:62)
at sun.reflect.DelegatingMethodAccessorImpl.invoke(DelegatingMethodAccessorImpl.java:43)
at java.lang.reflect.Method.invoke(Method.java:498)
at org.testng.internal.MethodInvocationHelper.invokeMethod(MethodInvocationHelper.java:124)
at org.testng.internal.Invoker.invokeMethod(Invoker.java:583)
at org.testng.internal.Invoker.invokeTestMethod(Invoker.java:719)
at org.testng.internal.Invoker.invokeTestMethods(Invoker.java:989)
at org.testng.internal.TestMethodWorker.invokeTestMethods(TestMethodWorker.java:125)
at org.testng.internal.TestMethodWorker.run(TestMethodWorker.java:109)
at org.testng.TestRunner.privateRun(TestRunner.java:648)
at org.testng.TestRunner.run(TestRunner.java:505)
at org.testng.SuiteRunner.runTest(SuiteRunner.java:455)
at org.testng.SuiteRunner.runSequentially(SuiteRunner.java:450)
at org.testng.SuiteRunner.privateRun(SuiteRunner.java:415)
at org.testng.SuiteRunner.run(SuiteRunner.java:364)
at org.testng.SuiteRunnerWorker.runSuite(SuiteRunnerWorker.java:52)
at org.testng.SuiteRunnerWorker.run(SuiteRunnerWorker.java:84)
at org.testng.TestNG.runSuitesSequentially(TestNG.java:1208)
at org.testng.TestNG.runSuitesLocally(TestNG.java:1137)
at org.testng.TestNG.runSuites(TestNG.java:1049)
at org.testng.TestNG.run(TestNG.java:1017)
at org.testng.remote.AbstractRemoteTestNG.run(AbstractRemoteTestNG.java:114)
at org.testng.remote.RemoteTestNG.initAndRun(RemoteTestNG.java:251)
at org.testng.remote.RemoteTestNG.main(RemoteTestNG.java:77)
]]>
    </failure>
  </testcase> <!-- verifyCanceAndCrossButton -->
</testsuite> <!-- com.ghana.app.qa.testcases.ConsulatePageTest -->
