<?xml version="1.0" encoding="UTF-8"?>
<!-- Generated by org.testng.reporters.JUnitReportReporter -->
<testsuite skipped="0" hostname="namet5" name="com.ghana.app.qa.testcases.ReviewApplicationPageTest" tests="54" failures="2" timestamp="09 Apr 2019 12:09:09 GMT" time="40.950" errors="0">
  <testcase name="validateHomePageTitle" time="0.022" classname="com.ghana.app.qa.testcases.ReviewApplicationPageTest"/>
  <testcase name="verifyApplyVisaClickTest" time="0.346" classname="com.ghana.app.qa.testcases.ReviewApplicationPageTest"/>
  <testcase name="getVisaCategoriesText" time="0.051" classname="com.ghana.app.qa.testcases.ReviewApplicationPageTest"/>
  <testcase name="clickOnVisaTypeTest" time="0.573" classname="com.ghana.app.qa.testcases.ReviewApplicationPageTest"/>
  <testcase name="selectPassPortType" time="5.372" classname="com.ghana.app.qa.testcases.ReviewApplicationPageTest"/>
  <testcase name="selectNationalityTest" time="2.285" classname="com.ghana.app.qa.testcases.ReviewApplicationPageTest"/>
  <testcase name="selectPortOfArrivalTest" time="0.136" classname="com.ghana.app.qa.testcases.ReviewApplicationPageTest"/>
  <testcase name="passPhoneNoTest" time="0.125" classname="com.ghana.app.qa.testcases.ReviewApplicationPageTest"/>
  <testcase name="passEmailIdTest" time="0.216" classname="com.ghana.app.qa.testcases.ReviewApplicationPageTest"/>
  <testcase name="passReEmailIdTest" time="0.244" classname="com.ghana.app.qa.testcases.ReviewApplicationPageTest"/>
  <testcase name="enterCaptchaFieldTest" time="4.169" classname="com.ghana.app.qa.testcases.ReviewApplicationPageTest"/>
  <testcase name="selectDateOfBirthTest" time="0.137" classname="com.ghana.app.qa.testcases.ReviewApplicationPageTest"/>
  <testcase name="clickOnSaveAndContinueBtnTest" time="2.963" classname="com.ghana.app.qa.testcases.ReviewApplicationPageTest"/>
  <testcase name="getApplicationPageTitleTest" time="2.009" classname="com.ghana.app.qa.testcases.ReviewApplicationPageTest"/>
  <testcase name="getApplicationIdTest" time="0.048" classname="com.ghana.app.qa.testcases.ReviewApplicationPageTest"/>
  <testcase name="selectVisaFeesTest" time="0.141" classname="com.ghana.app.qa.testcases.ReviewApplicationPageTest"/>
  <testcase name="selectVisaLocationTest" time="0.131" classname="com.ghana.app.qa.testcases.ReviewApplicationPageTest"/>
  <testcase name="passFirstNameTest" time="0.093" classname="com.ghana.app.qa.testcases.ReviewApplicationPageTest"/>
  <testcase name="passLastNameTest" time="0.100" classname="com.ghana.app.qa.testcases.ReviewApplicationPageTest"/>
  <testcase name="passPassportNumberTest" time="0.137" classname="com.ghana.app.qa.testcases.ReviewApplicationPageTest"/>
  <testcase name="clickOnGenderTest" time="2.087" classname="com.ghana.app.qa.testcases.ReviewApplicationPageTest"/>
  <testcase name="selectPassIssueDateTest" time="0.232" classname="com.ghana.app.qa.testcases.ReviewApplicationPageTest"/>
  <testcase name="selectPassExpiryDateTest" time="0.126" classname="com.ghana.app.qa.testcases.ReviewApplicationPageTest"/>
  <testcase name="passPlaceOfBirthTest" time="0.114" classname="com.ghana.app.qa.testcases.ReviewApplicationPageTest"/>
  <testcase name="clickOnSaveAndContinueTest" time="4.190" classname="com.ghana.app.qa.testcases.ReviewApplicationPageTest"/>
  <testcase name="selectFormerNationalityTest" time="2.199" classname="com.ghana.app.qa.testcases.ReviewApplicationPageTest"/>
  <testcase name="filladdressInfoTest" time="1.318" classname="com.ghana.app.qa.testcases.ReviewApplicationPageTest"/>
  <testcase name="clickSaveAndContinuebtnTest" time="0.151" classname="com.ghana.app.qa.testcases.ReviewApplicationPageTest"/>
  <testcase name="emergencyContactDetailsTest" time="0.340" classname="com.ghana.app.qa.testcases.ReviewApplicationPageTest"/>
  <testcase name="selectRelationTest" time="0.120" classname="com.ghana.app.qa.testcases.ReviewApplicationPageTest"/>
  <testcase name="emergencyProfessionDetailsTest" time="1.003" classname="com.ghana.app.qa.testcases.ReviewApplicationPageTest"/>
  <testcase name="clickOnCintinueBtnTest" time="4.421" classname="com.ghana.app.qa.testcases.ReviewApplicationPageTest"/>
  <testcase name="clickOnIsApplicantPossessionRoundTicketTest" time="0.153" classname="com.ghana.app.qa.testcases.ReviewApplicationPageTest"/>
  <testcase name="passDateOfDepartureTest" time="0.211" classname="com.ghana.app.qa.testcases.ReviewApplicationPageTest"/>
  <testcase name="passTicketNumberTest" time="0.132" classname="com.ghana.app.qa.testcases.ReviewApplicationPageTest"/>
  <testcase name="clickOnTravelByTest" time="0.144" classname="com.ghana.app.qa.testcases.ReviewApplicationPageTest"/>
  <testcase name="clickPurpose_of_journeyTest" time="0.112" classname="com.ghana.app.qa.testcases.ReviewApplicationPageTest"/>
  <testcase name="passPrimaryRefFirstnameTest" time="0.089" classname="com.ghana.app.qa.testcases.ReviewApplicationPageTest"/>
  <testcase name="passPrimaryRefLastnameTest" time="0.113" classname="com.ghana.app.qa.testcases.ReviewApplicationPageTest"/>
  <testcase name="pass_Primary_ref_addressTest" time="0.237" classname="com.ghana.app.qa.testcases.ReviewApplicationPageTest"/>
  <testcase name="pass_primary_ref_pincodeTest" time="0.103" classname="com.ghana.app.qa.testcases.ReviewApplicationPageTest"/>
  <testcase name="pass_primary_ref_cityTest" time="0.259" classname="com.ghana.app.qa.testcases.ReviewApplicationPageTest"/>
  <testcase name="pass_primary_ref_stateTest" time="0.268" classname="com.ghana.app.qa.testcases.ReviewApplicationPageTest"/>
  <testcase name="pass_primary_ref_countryTest" time="0.093" classname="com.ghana.app.qa.testcases.ReviewApplicationPageTest"/>
  <testcase name="pass_primary_ref_phone_numberTest" time="0.130" classname="com.ghana.app.qa.testcases.ReviewApplicationPageTest"/>
  <testcase name="PassSecondaryRefDetailsTest" time="1.111" classname="com.ghana.app.qa.testcases.ReviewApplicationPageTest"/>
  <testcase name="clickOnContinuebuttonTest" time="0.484" classname="com.ghana.app.qa.testcases.ReviewApplicationPageTest"/>
  <testcase name="getUploadDocTest" time="0.322" classname="com.ghana.app.qa.testcases.ReviewApplicationPageTest"/>
  <testcase name="clickOnContinuebuttonTest1" time="0.229" classname="com.ghana.app.qa.testcases.ReviewApplicationPageTest"/>
  <testcase name="getTextPersonalInfoTest" time="0.176" classname="com.ghana.app.qa.testcases.ReviewApplicationPageTest"/>
  <testcase name="getTextAddressInfoTest" time="0.205" classname="com.ghana.app.qa.testcases.ReviewApplicationPageTest"/>
  <testcase name="getTextEmergencyContactTest" time="0.261" classname="com.ghana.app.qa.testcases.ReviewApplicationPageTest">
    <failure type="java.lang.AssertionError" message="The following asserts failed:
	Provided and Get emerCountry are not matched expected [India] but found [NaN]">
      <![CDATA[java.lang.AssertionError: The following asserts failed:
Provided and Get emerCountry are not matched expected [India] but found [NaN]
at org.testng.asserts.SoftAssert.assertAll(SoftAssert.java:43)
at com.ghana.app.qa.testcases.ReviewApplicationPageTest.getTextEmergencyContactTest(ReviewApplicationPageTest.java:128)
at sun.reflect.NativeMethodAccessorImpl.invoke0(Native Method)
at sun.reflect.NativeMethodAccessorImpl.invoke(Unknown Source)
at sun.reflect.DelegatingMethodAccessorImpl.invoke(Unknown Source)
at java.lang.reflect.Method.invoke(Unknown Source)
at org.testng.internal.MethodInvocationHelper.invokeMethod(MethodInvocationHelper.java:124)
at org.testng.internal.Invoker.invokeMethod(Invoker.java:580)
at org.testng.internal.Invoker.invokeTestMethod(Invoker.java:716)
at org.testng.internal.Invoker.invokeTestMethods(Invoker.java:988)
at org.testng.internal.TestMethodWorker.invokeTestMethods(TestMethodWorker.java:125)
at org.testng.internal.TestMethodWorker.run(TestMethodWorker.java:109)
at org.testng.TestRunner.privateRun(TestRunner.java:648)
at org.testng.TestRunner.run(TestRunner.java:505)
at org.testng.SuiteRunner.runTest(SuiteRunner.java:455)
at org.testng.SuiteRunner.runSequentially(SuiteRunner.java:450)
at org.testng.SuiteRunner.privateRun(SuiteRunner.java:415)
at org.testng.SuiteRunner.run(SuiteRunner.java:364)
at org.testng.SuiteRunnerWorker.runSuite(SuiteRunnerWorker.java:52)
at org.testng.SuiteRunnerWorker.run(SuiteRunnerWorker.java:84)
at org.testng.TestNG.runSuitesSequentially(TestNG.java:1208)
at org.testng.TestNG.runSuitesLocally(TestNG.java:1137)
at org.testng.TestNG.runSuites(TestNG.java:1049)
at org.testng.TestNG.run(TestNG.java:1017)
at org.testng.remote.AbstractRemoteTestNG.run(AbstractRemoteTestNG.java:114)
at org.testng.remote.RemoteTestNG.initAndRun(RemoteTestNG.java:251)
at org.testng.remote.RemoteTestNG.main(RemoteTestNG.java:77)
]]>
    </failure>
  </testcase> <!-- getTextEmergencyContactTest -->
  <testcase name="getTextTravelInfoTest" time="0.445" classname="com.ghana.app.qa.testcases.ReviewApplicationPageTest">
    <failure type="java.lang.AssertionError" message="The following asserts failed:
	Provided and Get emerCountry are not matched expected [India] but found [NaN]">
      <![CDATA[java.lang.AssertionError: The following asserts failed:
Provided and Get emerCountry are not matched expected [India] but found [NaN]
at org.testng.asserts.SoftAssert.assertAll(SoftAssert.java:43)
at com.ghana.app.qa.testcases.ReviewApplicationPageTest.getTextTravelInfoTest(ReviewApplicationPageTest.java:172)
at sun.reflect.NativeMethodAccessorImpl.invoke0(Native Method)
at sun.reflect.NativeMethodAccessorImpl.invoke(Unknown Source)
at sun.reflect.DelegatingMethodAccessorImpl.invoke(Unknown Source)
at java.lang.reflect.Method.invoke(Unknown Source)
at org.testng.internal.MethodInvocationHelper.invokeMethod(MethodInvocationHelper.java:124)
at org.testng.internal.Invoker.invokeMethod(Invoker.java:580)
at org.testng.internal.Invoker.invokeTestMethod(Invoker.java:716)
at org.testng.internal.Invoker.invokeTestMethods(Invoker.java:988)
at org.testng.internal.TestMethodWorker.invokeTestMethods(TestMethodWorker.java:125)
at org.testng.internal.TestMethodWorker.run(TestMethodWorker.java:109)
at org.testng.TestRunner.privateRun(TestRunner.java:648)
at org.testng.TestRunner.run(TestRunner.java:505)
at org.testng.SuiteRunner.runTest(SuiteRunner.java:455)
at org.testng.SuiteRunner.runSequentially(SuiteRunner.java:450)
at org.testng.SuiteRunner.privateRun(SuiteRunner.java:415)
at org.testng.SuiteRunner.run(SuiteRunner.java:364)
at org.testng.SuiteRunnerWorker.runSuite(SuiteRunnerWorker.java:52)
at org.testng.SuiteRunnerWorker.run(SuiteRunnerWorker.java:84)
at org.testng.TestNG.runSuitesSequentially(TestNG.java:1208)
at org.testng.TestNG.runSuitesLocally(TestNG.java:1137)
at org.testng.TestNG.runSuites(TestNG.java:1049)
at org.testng.TestNG.run(TestNG.java:1017)
at org.testng.remote.AbstractRemoteTestNG.run(AbstractRemoteTestNG.java:114)
at org.testng.remote.RemoteTestNG.initAndRun(RemoteTestNG.java:251)
at org.testng.remote.RemoteTestNG.main(RemoteTestNG.java:77)
]]>
    </failure>
  </testcase> <!-- getTextTravelInfoTest -->
  <testcase name="clickOnContinueBtnTest" time="0.074" classname="com.ghana.app.qa.testcases.ReviewApplicationPageTest"/>
</testsuite> <!-- com.ghana.app.qa.testcases.ReviewApplicationPageTest -->
