<?xml version="1.0" encoding="UTF-8"?>
<!-- Generated by org.testng.reporters.JUnitReportReporter -->
<testsuite skipped="0" hostname="RahulKaelsMini2" name="com.ghana.app.qa.testcases.ApplicationFormFilling" tests="1" failures="0" timestamp="11 Mar 2019 06:20:05 GMT" time="22.294" errors="0">
  <testcase name="selectPassPortType" time="22.294" classname="com.ghana.app.qa.testcases.ApplicationFormFilling"/>
</testsuite> <!-- com.ghana.app.qa.testcases.ApplicationFormFilling -->
