<?xml version="1.0" encoding="UTF-8"?>
<!-- Generated by org.testng.reporters.JUnitReportReporter -->
<testsuite skipped="0" hostname="namet5" name="com.ghana.app.qa.testcases.HomePageTest" tests="2" failures="0" timestamp="22 Feb 2019 08:56:12 GMT" time="2.604" errors="0">
  <testcase name="validateHomePageTitle" time="0.036" classname="com.ghana.app.qa.testcases.HomePageTest"/>
  <testcase name="verifyApplyVisaClickTest" time="2.568" classname="com.ghana.app.qa.testcases.HomePageTest"/>
</testsuite> <!-- com.ghana.app.qa.testcases.HomePageTest -->
