<?xml version="1.0" encoding="UTF-8"?>
<!-- Generated by org.testng.reporters.JUnitReportReporter -->
<testsuite skipped="0" hostname="RahulKaelsMini2" name="com.ghana.app.qa.testcases.ReviewApplicationPageTest" tests="54" failures="0" timestamp="28 Mar 2019 09:39:46 GMT" time="39.611" errors="0">
  <testcase name="validateHomePageTitle" time="0.021" classname="com.ghana.app.qa.testcases.ReviewApplicationPageTest"/>
  <testcase name="verifyApplyVisaClickTest" time="0.306" classname="com.ghana.app.qa.testcases.ReviewApplicationPageTest"/>
  <testcase name="getVisaCategoriesText" time="0.044" classname="com.ghana.app.qa.testcases.ReviewApplicationPageTest"/>
  <testcase name="clickOnVisaTypeTest" time="0.625" classname="com.ghana.app.qa.testcases.ReviewApplicationPageTest"/>
  <testcase name="selectPassPortType" time="5.620" classname="com.ghana.app.qa.testcases.ReviewApplicationPageTest"/>
  <testcase name="selectNationalityTest" time="2.448" classname="com.ghana.app.qa.testcases.ReviewApplicationPageTest"/>
  <testcase name="selectPortOfArrivalTest" time="0.109" classname="com.ghana.app.qa.testcases.ReviewApplicationPageTest"/>
  <testcase name="passPhoneNoTest" time="0.159" classname="com.ghana.app.qa.testcases.ReviewApplicationPageTest"/>
  <testcase name="passEmailIdTest" time="0.285" classname="com.ghana.app.qa.testcases.ReviewApplicationPageTest"/>
  <testcase name="passReEmailIdTest" time="0.356" classname="com.ghana.app.qa.testcases.ReviewApplicationPageTest"/>
  <testcase name="enterCaptchaFieldTest" time="0.124" classname="com.ghana.app.qa.testcases.ReviewApplicationPageTest"/>
  <testcase name="selectDateOfBirthTest" time="1.437" classname="com.ghana.app.qa.testcases.ReviewApplicationPageTest"/>
  <testcase name="clickOnSaveAndContinueBtnTest" time="2.034" classname="com.ghana.app.qa.testcases.ReviewApplicationPageTest"/>
  <testcase name="getApplicationPageTitleTest" time="2.011" classname="com.ghana.app.qa.testcases.ReviewApplicationPageTest"/>
  <testcase name="getApplicationIdTest" time="0.032" classname="com.ghana.app.qa.testcases.ReviewApplicationPageTest"/>
  <testcase name="selectVisaFeesTest" time="0.131" classname="com.ghana.app.qa.testcases.ReviewApplicationPageTest"/>
  <testcase name="selectVisaLocationTest" time="0.141" classname="com.ghana.app.qa.testcases.ReviewApplicationPageTest"/>
  <testcase name="passFirstNameTest" time="0.126" classname="com.ghana.app.qa.testcases.ReviewApplicationPageTest"/>
  <testcase name="passLastNameTest" time="0.128" classname="com.ghana.app.qa.testcases.ReviewApplicationPageTest"/>
  <testcase name="passPassportNumberTest" time="0.167" classname="com.ghana.app.qa.testcases.ReviewApplicationPageTest"/>
  <testcase name="clickOnGenderTest" time="2.156" classname="com.ghana.app.qa.testcases.ReviewApplicationPageTest"/>
  <testcase name="selectPassIssueDateTest" time="0.304" classname="com.ghana.app.qa.testcases.ReviewApplicationPageTest"/>
  <testcase name="selectPassExpiryDateTest" time="0.277" classname="com.ghana.app.qa.testcases.ReviewApplicationPageTest"/>
  <testcase name="passPlaceOfBirthTest" time="0.153" classname="com.ghana.app.qa.testcases.ReviewApplicationPageTest"/>
  <testcase name="clickOnSaveAndContinueTest" time="4.206" classname="com.ghana.app.qa.testcases.ReviewApplicationPageTest"/>
  <testcase name="selectFormerNationalityTest" time="2.164" classname="com.ghana.app.qa.testcases.ReviewApplicationPageTest"/>
  <testcase name="filladdressInfoTest" time="1.565" classname="com.ghana.app.qa.testcases.ReviewApplicationPageTest"/>
  <testcase name="clickSaveAndContinuebtnTest" time="0.310" classname="com.ghana.app.qa.testcases.ReviewApplicationPageTest"/>
  <testcase name="emergencyContactDetailsTest" time="0.363" classname="com.ghana.app.qa.testcases.ReviewApplicationPageTest"/>
  <testcase name="selectRelationTest" time="0.155" classname="com.ghana.app.qa.testcases.ReviewApplicationPageTest"/>
  <testcase name="emergencyProfessionDetailsTest" time="1.170" classname="com.ghana.app.qa.testcases.ReviewApplicationPageTest"/>
  <testcase name="clickOnCintinueBtnTest" time="4.436" classname="com.ghana.app.qa.testcases.ReviewApplicationPageTest"/>
  <testcase name="clickOnIsApplicantPossessionRoundTicketTest" time="0.113" classname="com.ghana.app.qa.testcases.ReviewApplicationPageTest"/>
  <testcase name="passDateOfDepartureTest" time="0.476" classname="com.ghana.app.qa.testcases.ReviewApplicationPageTest"/>
  <testcase name="passTicketNumberTest" time="0.236" classname="com.ghana.app.qa.testcases.ReviewApplicationPageTest"/>
  <testcase name="clickOnTravelByTest" time="0.144" classname="com.ghana.app.qa.testcases.ReviewApplicationPageTest"/>
  <testcase name="clickPurpose_of_journeyTest" time="0.138" classname="com.ghana.app.qa.testcases.ReviewApplicationPageTest"/>
  <testcase name="passPrimaryRefFirstnameTest" time="0.101" classname="com.ghana.app.qa.testcases.ReviewApplicationPageTest"/>
  <testcase name="passPrimaryRefLastnameTest" time="0.150" classname="com.ghana.app.qa.testcases.ReviewApplicationPageTest"/>
  <testcase name="pass_Primary_ref_addressTest" time="0.300" classname="com.ghana.app.qa.testcases.ReviewApplicationPageTest"/>
  <testcase name="pass_primary_ref_pincodeTest" time="0.113" classname="com.ghana.app.qa.testcases.ReviewApplicationPageTest"/>
  <testcase name="pass_primary_ref_cityTest" time="0.215" classname="com.ghana.app.qa.testcases.ReviewApplicationPageTest"/>
  <testcase name="pass_primary_ref_stateTest" time="0.195" classname="com.ghana.app.qa.testcases.ReviewApplicationPageTest"/>
  <testcase name="pass_primary_ref_countryTest" time="0.116" classname="com.ghana.app.qa.testcases.ReviewApplicationPageTest"/>
  <testcase name="pass_primary_ref_phone_numberTest" time="0.154" classname="com.ghana.app.qa.testcases.ReviewApplicationPageTest"/>
  <testcase name="PassSecondaryRefDetailsTest" time="1.306" classname="com.ghana.app.qa.testcases.ReviewApplicationPageTest"/>
  <testcase name="clickOnContinuebuttonTest" time="0.528" classname="com.ghana.app.qa.testcases.ReviewApplicationPageTest"/>
  <testcase name="getUploadDocTest" time="0.353" classname="com.ghana.app.qa.testcases.ReviewApplicationPageTest"/>
  <testcase name="clickOnContinuebuttonTest1" time="0.135" classname="com.ghana.app.qa.testcases.ReviewApplicationPageTest"/>
  <testcase name="getTextPersonalInfoTest" time="0.217" classname="com.ghana.app.qa.testcases.ReviewApplicationPageTest"/>
  <testcase name="getTextAddressInfoTest" time="0.226" classname="com.ghana.app.qa.testcases.ReviewApplicationPageTest"/>
  <testcase name="getTextEmergencyContactTest" time="0.282" classname="com.ghana.app.qa.testcases.ReviewApplicationPageTest"/>
  <testcase name="getTextTravelInfoTest" time="0.470" classname="com.ghana.app.qa.testcases.ReviewApplicationPageTest"/>
  <testcase name="clickOnContinueBtnTest" time="0.080" classname="com.ghana.app.qa.testcases.ReviewApplicationPageTest"/>
</testsuite> <!-- com.ghana.app.qa.testcases.ReviewApplicationPageTest -->
