<?xml version="1.0" encoding="UTF-8"?>
<!-- Generated by org.testng.reporters.JUnitReportReporter -->
<testsuite skipped="0" hostname="RahulKaelsMini2" name="com.ghana.app.qa.testcases.ConsulatePageTest" tests="93" failures="3" timestamp="19 Mar 2019 06:17:28 GMT" time="314.983" errors="0">
  <testcase name="selectPassPortType" time="66.872" classname="com.ghana.app.qa.testcases.ConsulatePageTest"/>
  <testcase name="selectNationalityTest" time="2.462" classname="com.ghana.app.qa.testcases.ConsulatePageTest"/>
  <testcase name="selectPortOfArrivalTest" time="0.125" classname="com.ghana.app.qa.testcases.ConsulatePageTest"/>
  <testcase name="passPhoneNoTest" time="0.150" classname="com.ghana.app.qa.testcases.ConsulatePageTest"/>
  <testcase name="passEmailIdTest" time="0.327" classname="com.ghana.app.qa.testcases.ConsulatePageTest"/>
  <testcase name="passReEmailIdTest" time="0.294" classname="com.ghana.app.qa.testcases.ConsulatePageTest"/>
  <testcase name="enterCaptchaFieldTest" time="0.121" classname="com.ghana.app.qa.testcases.ConsulatePageTest"/>
  <testcase name="selectDateOfBirthTest" time="2.220" classname="com.ghana.app.qa.testcases.ConsulatePageTest"/>
  <testcase name="clickOnSaveAndContinueBtnTest" time="2.093" classname="com.ghana.app.qa.testcases.ConsulatePageTest"/>
  <testcase name="getApplicationPageTitleTest" time="2.010" classname="com.ghana.app.qa.testcases.ConsulatePageTest"/>
  <testcase name="getApplicationIdTest" time="0.036" classname="com.ghana.app.qa.testcases.ConsulatePageTest"/>
  <testcase name="selectVisaFeesTest" time="0.148" classname="com.ghana.app.qa.testcases.ConsulatePageTest"/>
  <testcase name="selectVisaLocationTest" time="0.164" classname="com.ghana.app.qa.testcases.ConsulatePageTest"/>
  <testcase name="passFirstNameTest" time="0.201" classname="com.ghana.app.qa.testcases.ConsulatePageTest"/>
  <testcase name="passLastNameTest" time="0.130" classname="com.ghana.app.qa.testcases.ConsulatePageTest"/>
  <testcase name="passPassportNumberTest" time="0.134" classname="com.ghana.app.qa.testcases.ConsulatePageTest"/>
  <testcase name="clickOnGenderTest" time="2.111" classname="com.ghana.app.qa.testcases.ConsulatePageTest"/>
  <testcase name="selectPassIssueDateTest" time="0.292" classname="com.ghana.app.qa.testcases.ConsulatePageTest"/>
  <testcase name="selectPassExpiryDateTest" time="0.264" classname="com.ghana.app.qa.testcases.ConsulatePageTest"/>
  <testcase name="passPlaceOfBirthTest" time="0.144" classname="com.ghana.app.qa.testcases.ConsulatePageTest"/>
  <testcase name="clickOnSaveAndContinueTest" time="4.374" classname="com.ghana.app.qa.testcases.ConsulatePageTest"/>
  <testcase name="selectFormerNationalityTest" time="2.173" classname="com.ghana.app.qa.testcases.ConsulatePageTest"/>
  <testcase name="filladdressInfoTest" time="1.738" classname="com.ghana.app.qa.testcases.ConsulatePageTest"/>
  <testcase name="clickSaveAndContinuebtnTest" time="0.285" classname="com.ghana.app.qa.testcases.ConsulatePageTest"/>
  <testcase name="emergencyContactDetailsTest" time="0.395" classname="com.ghana.app.qa.testcases.ConsulatePageTest"/>
  <testcase name="selectRelationTest" time="0.150" classname="com.ghana.app.qa.testcases.ConsulatePageTest"/>
  <testcase name="emergencyProfessionDetailsTest" time="1.241" classname="com.ghana.app.qa.testcases.ConsulatePageTest"/>
  <testcase name="clickOnCintinueBtnTest" time="4.540" classname="com.ghana.app.qa.testcases.ConsulatePageTest"/>
  <testcase name="clickOnIsApplicantPossessionRoundTicketTest" time="0.124" classname="com.ghana.app.qa.testcases.ConsulatePageTest"/>
  <testcase name="passDateOfDepartureTest" time="0.410" classname="com.ghana.app.qa.testcases.ConsulatePageTest"/>
  <testcase name="passTicketNumberTest" time="0.205" classname="com.ghana.app.qa.testcases.ConsulatePageTest"/>
  <testcase name="clickOnTravelByTest" time="0.151" classname="com.ghana.app.qa.testcases.ConsulatePageTest"/>
  <testcase name="clickPurpose_of_journeyTest" time="0.140" classname="com.ghana.app.qa.testcases.ConsulatePageTest"/>
  <testcase name="passPrimaryRefFirstnameTest" time="0.111" classname="com.ghana.app.qa.testcases.ConsulatePageTest"/>
  <testcase name="passPrimaryRefLastnameTest" time="0.155" classname="com.ghana.app.qa.testcases.ConsulatePageTest"/>
  <testcase name="pass_Primary_ref_addressTest" time="0.288" classname="com.ghana.app.qa.testcases.ConsulatePageTest"/>
  <testcase name="pass_primary_ref_pincodeTest" time="0.111" classname="com.ghana.app.qa.testcases.ConsulatePageTest"/>
  <testcase name="pass_primary_ref_cityTest" time="0.187" classname="com.ghana.app.qa.testcases.ConsulatePageTest"/>
  <testcase name="pass_primary_ref_stateTest" time="0.180" classname="com.ghana.app.qa.testcases.ConsulatePageTest"/>
  <testcase name="pass_primary_ref_countryTest" time="0.107" classname="com.ghana.app.qa.testcases.ConsulatePageTest"/>
  <testcase name="pass_primary_ref_phone_numberTest" time="0.158" classname="com.ghana.app.qa.testcases.ConsulatePageTest"/>
  <testcase name="PassSecondaryRefDetailsTest" time="1.210" classname="com.ghana.app.qa.testcases.ConsulatePageTest"/>
  <testcase name="clickOnContinuebuttonTest" time="0.613" classname="com.ghana.app.qa.testcases.ConsulatePageTest"/>
  <testcase name="getUploadDocTest" time="0.479" classname="com.ghana.app.qa.testcases.ConsulatePageTest"/>
  <testcase name="getTextPersonalInfoTest" time="0.182" classname="com.ghana.app.qa.testcases.ConsulatePageTest"/>
  <testcase name="clickOnContinuebuttonTest1" time="0.153" classname="com.ghana.app.qa.testcases.ConsulatePageTest"/>
  <testcase name="getTextAddressInfoTest" time="0.237" classname="com.ghana.app.qa.testcases.ConsulatePageTest">
    <failure type="java.lang.AssertionError" message="The following asserts failed:
	Provided and Get nationality are not matched expected [	India] but found [India]">
      <![CDATA[java.lang.AssertionError: The following asserts failed:
Provided and Get nationality are not matched expected [India] but found [India]
at org.testng.asserts.SoftAssert.assertAll(SoftAssert.java:43)
at com.ghana.app.qa.testcases.ReviewApplicationPageTest.getTextAddressInfoTest(ReviewApplicationPageTest.java:64)
at sun.reflect.NativeMethodAccessorImpl.invoke0(Native Method)
at sun.reflect.NativeMethodAccessorImpl.invoke(NativeMethodAccessorImpl.java:62)
at sun.reflect.DelegatingMethodAccessorImpl.invoke(DelegatingMethodAccessorImpl.java:43)
at java.lang.reflect.Method.invoke(Method.java:498)
at org.testng.internal.MethodInvocationHelper.invokeMethod(MethodInvocationHelper.java:124)
at org.testng.internal.Invoker.invokeMethod(Invoker.java:583)
at org.testng.internal.Invoker.invokeTestMethod(Invoker.java:719)
at org.testng.internal.Invoker.invokeTestMethods(Invoker.java:989)
at org.testng.internal.TestMethodWorker.invokeTestMethods(TestMethodWorker.java:125)
at org.testng.internal.TestMethodWorker.run(TestMethodWorker.java:109)
at org.testng.TestRunner.privateRun(TestRunner.java:648)
at org.testng.TestRunner.run(TestRunner.java:505)
at org.testng.SuiteRunner.runTest(SuiteRunner.java:455)
at org.testng.SuiteRunner.runSequentially(SuiteRunner.java:450)
at org.testng.SuiteRunner.privateRun(SuiteRunner.java:415)
at org.testng.SuiteRunner.run(SuiteRunner.java:364)
at org.testng.SuiteRunnerWorker.runSuite(SuiteRunnerWorker.java:52)
at org.testng.SuiteRunnerWorker.run(SuiteRunnerWorker.java:84)
at org.testng.TestNG.runSuitesSequentially(TestNG.java:1208)
at org.testng.TestNG.runSuitesLocally(TestNG.java:1137)
at org.testng.TestNG.runSuites(TestNG.java:1049)
at org.testng.TestNG.run(TestNG.java:1017)
at org.testng.remote.AbstractRemoteTestNG.run(AbstractRemoteTestNG.java:114)
at org.testng.remote.RemoteTestNG.initAndRun(RemoteTestNG.java:251)
at org.testng.remote.RemoteTestNG.main(RemoteTestNG.java:77)
]]>
    </failure>
  </testcase> <!-- getTextAddressInfoTest -->
  <testcase name="getTextEmergencyContactTest" time="0.036" classname="com.ghana.app.qa.testcases.ConsulatePageTest">
    <failure type="java.lang.AssertionError" message="The following asserts failed:
	Provided and Get nationality are not matched expected [	India] but found [India]">
      <![CDATA[java.lang.AssertionError: The following asserts failed:
Provided and Get nationality are not matched expected [India] but found [India]
at org.testng.asserts.SoftAssert.assertAll(SoftAssert.java:43)
at com.ghana.app.qa.testcases.ReviewApplicationPageTest.getTextEmergencyContactTest(ReviewApplicationPageTest.java:73)
at sun.reflect.NativeMethodAccessorImpl.invoke0(Native Method)
at sun.reflect.NativeMethodAccessorImpl.invoke(NativeMethodAccessorImpl.java:62)
at sun.reflect.DelegatingMethodAccessorImpl.invoke(DelegatingMethodAccessorImpl.java:43)
at java.lang.reflect.Method.invoke(Method.java:498)
at org.testng.internal.MethodInvocationHelper.invokeMethod(MethodInvocationHelper.java:124)
at org.testng.internal.Invoker.invokeMethod(Invoker.java:583)
at org.testng.internal.Invoker.invokeTestMethod(Invoker.java:719)
at org.testng.internal.Invoker.invokeTestMethods(Invoker.java:989)
at org.testng.internal.TestMethodWorker.invokeTestMethods(TestMethodWorker.java:125)
at org.testng.internal.TestMethodWorker.run(TestMethodWorker.java:109)
at org.testng.TestRunner.privateRun(TestRunner.java:648)
at org.testng.TestRunner.run(TestRunner.java:505)
at org.testng.SuiteRunner.runTest(SuiteRunner.java:455)
at org.testng.SuiteRunner.runSequentially(SuiteRunner.java:450)
at org.testng.SuiteRunner.privateRun(SuiteRunner.java:415)
at org.testng.SuiteRunner.run(SuiteRunner.java:364)
at org.testng.SuiteRunnerWorker.runSuite(SuiteRunnerWorker.java:52)
at org.testng.SuiteRunnerWorker.run(SuiteRunnerWorker.java:84)
at org.testng.TestNG.runSuitesSequentially(TestNG.java:1208)
at org.testng.TestNG.runSuitesLocally(TestNG.java:1137)
at org.testng.TestNG.runSuites(TestNG.java:1049)
at org.testng.TestNG.run(TestNG.java:1017)
at org.testng.remote.AbstractRemoteTestNG.run(AbstractRemoteTestNG.java:114)
at org.testng.remote.RemoteTestNG.initAndRun(RemoteTestNG.java:251)
at org.testng.remote.RemoteTestNG.main(RemoteTestNG.java:77)
]]>
    </failure>
  </testcase> <!-- getTextEmergencyContactTest -->
  <testcase name="getTextTravelInfoTest" time="0.466" classname="com.ghana.app.qa.testcases.ConsulatePageTest">
    <failure type="java.lang.AssertionError" message="The following asserts failed:
	Provided and Get nationality are not matched expected [	India] but found [India]">
      <![CDATA[java.lang.AssertionError: The following asserts failed:
Provided and Get nationality are not matched expected [India] but found [India]
at org.testng.asserts.SoftAssert.assertAll(SoftAssert.java:43)
at com.ghana.app.qa.testcases.ReviewApplicationPageTest.getTextTravelInfoTest(ReviewApplicationPageTest.java:167)
at sun.reflect.NativeMethodAccessorImpl.invoke0(Native Method)
at sun.reflect.NativeMethodAccessorImpl.invoke(NativeMethodAccessorImpl.java:62)
at sun.reflect.DelegatingMethodAccessorImpl.invoke(DelegatingMethodAccessorImpl.java:43)
at java.lang.reflect.Method.invoke(Method.java:498)
at org.testng.internal.MethodInvocationHelper.invokeMethod(MethodInvocationHelper.java:124)
at org.testng.internal.Invoker.invokeMethod(Invoker.java:583)
at org.testng.internal.Invoker.invokeTestMethod(Invoker.java:719)
at org.testng.internal.Invoker.invokeTestMethods(Invoker.java:989)
at org.testng.internal.TestMethodWorker.invokeTestMethods(TestMethodWorker.java:125)
at org.testng.internal.TestMethodWorker.run(TestMethodWorker.java:109)
at org.testng.TestRunner.privateRun(TestRunner.java:648)
at org.testng.TestRunner.run(TestRunner.java:505)
at org.testng.SuiteRunner.runTest(SuiteRunner.java:455)
at org.testng.SuiteRunner.runSequentially(SuiteRunner.java:450)
at org.testng.SuiteRunner.privateRun(SuiteRunner.java:415)
at org.testng.SuiteRunner.run(SuiteRunner.java:364)
at org.testng.SuiteRunnerWorker.runSuite(SuiteRunnerWorker.java:52)
at org.testng.SuiteRunnerWorker.run(SuiteRunnerWorker.java:84)
at org.testng.TestNG.runSuitesSequentially(TestNG.java:1208)
at org.testng.TestNG.runSuitesLocally(TestNG.java:1137)
at org.testng.TestNG.runSuites(TestNG.java:1049)
at org.testng.TestNG.run(TestNG.java:1017)
at org.testng.remote.AbstractRemoteTestNG.run(AbstractRemoteTestNG.java:114)
at org.testng.remote.RemoteTestNG.initAndRun(RemoteTestNG.java:251)
at org.testng.remote.RemoteTestNG.main(RemoteTestNG.java:77)
]]>
    </failure>
  </testcase> <!-- getTextTravelInfoTest -->
  <testcase name="clickOnContinueBtnTest" time="0.091" classname="com.ghana.app.qa.testcases.ConsulatePageTest"/>
  <testcase name="verifyClickOnSubmitBtnTest" time="7.266" classname="com.ghana.app.qa.testcases.ConsulatePageTest"/>
  <testcase name="verifyTitleOfConsulateTitle" time="0.026" classname="com.ghana.app.qa.testcases.ConsulatePageTest"/>
  <testcase name="loginIntoConsulate" time="6.813" classname="com.ghana.app.qa.testcases.ConsulatePageTest"/>
  <testcase name="verfiyTitleOfCNAddressInfoPage" time="0.787" classname="com.ghana.app.qa.testcases.ConsulatePageTest"/>
  <testcase name="clickOnNewApplication" time="2.125" classname="com.ghana.app.qa.testcases.ConsulatePageTest"/>
  <testcase name="verfiyTitleOfCNTravelInfoPage" time="0.754" classname="com.ghana.app.qa.testcases.ConsulatePageTest"/>
  <testcase name="verfiyTitleOfCNDocumentVerificatonPage" time="0.953" classname="com.ghana.app.qa.testcases.ConsulatePageTest"/>
  <testcase name="passComment" time="0.851" classname="com.ghana.app.qa.testcases.ConsulatePageTest"/>
  <testcase name="clickOnConfirmedAirTicketWindowClose" time="6.385" classname="com.ghana.app.qa.testcases.ConsulatePageTest"/>
  <testcase name="clickOnConfirmedAirTicketWindow" time="11.169" classname="com.ghana.app.qa.testcases.ConsulatePageTest"/>
  <testcase name="clickOnOnPhotoClose" time="2.833" classname="com.ghana.app.qa.testcases.ConsulatePageTest"/>
  <testcase name="clickOnOnPhoto" time="7.671" classname="com.ghana.app.qa.testcases.ConsulatePageTest"/>
  <testcase name="clickOnYellowFevervaccinationClose" time="2.823" classname="com.ghana.app.qa.testcases.ConsulatePageTest"/>
  <testcase name="clickOnYellowFevervaccination" time="7.686" classname="com.ghana.app.qa.testcases.ConsulatePageTest"/>
  <testcase name="clickOnCoveringLetterClose" time="2.848" classname="com.ghana.app.qa.testcases.ConsulatePageTest"/>
  <testcase name="clickOnCoveringLetter" time="7.685" classname="com.ghana.app.qa.testcases.ConsulatePageTest"/>
  <testcase name="clickOnPhotoOfDraftClose" time="4.827" classname="com.ghana.app.qa.testcases.ConsulatePageTest"/>
  <testcase name="clickOnPhotoOfDraft" time="9.677" classname="com.ghana.app.qa.testcases.ConsulatePageTest"/>
  <testcase name="clickOnIdProofReferenceClose" time="4.901" classname="com.ghana.app.qa.testcases.ConsulatePageTest"/>
  <testcase name="clickOnIdProofReference" time="9.710" classname="com.ghana.app.qa.testcases.ConsulatePageTest"/>
  <testcase name="clickOnOriginalInvitationLetterClose" time="3.047" classname="com.ghana.app.qa.testcases.ConsulatePageTest"/>
  <testcase name="clickOnOriginalInvitationLetter" time="7.759" classname="com.ghana.app.qa.testcases.ConsulatePageTest"/>
  <testcase name="clickOnProofOfTransitVisaClose" time="2.928" classname="com.ghana.app.qa.testcases.ConsulatePageTest"/>
  <testcase name="clickOnProofOfTransitVisa" time="7.754" classname="com.ghana.app.qa.testcases.ConsulatePageTest"/>
  <testcase name="clickOnApplicantInfor" time="2.581" classname="com.ghana.app.qa.testcases.ConsulatePageTest"/>
  <testcase name="clickOnNextButtonAndVerifyTitleAddressInformation" time="0.584" classname="com.ghana.app.qa.testcases.ConsulatePageTest"/>
  <testcase name="clickOnNextButtonAndVerifyTitleTravelInformation" time="2.020" classname="com.ghana.app.qa.testcases.ConsulatePageTest"/>
  <testcase name="clickOnNextButtonAndVerifyTitleDocumentVerification" time="0.490" classname="com.ghana.app.qa.testcases.ConsulatePageTest"/>
  <testcase name="selectAllCheckBoxAndVerify" time="4.584" classname="com.ghana.app.qa.testcases.ConsulatePageTest"/>
  <testcase name="selectOneByOneCheckBoxAndVerify" time="3.441" classname="com.ghana.app.qa.testcases.ConsulatePageTest"/>
  <testcase name="clickOnApproveAndVerifyPopText" time="0.759" classname="com.ghana.app.qa.testcases.ConsulatePageTest"/>
  <testcase name="clickOnApproveAndVerifyPopText1" time="6.798" classname="com.ghana.app.qa.testcases.ConsulatePageTest"/>
  <testcase name="clickOnRejectAndVerifyPopText" time="3.772" classname="com.ghana.app.qa.testcases.ConsulatePageTest"/>
  <testcase name="clickOnRejectAndVerifyPopText1" time="6.749" classname="com.ghana.app.qa.testcases.ConsulatePageTest"/>
  <testcase name="clickOnBackButtonAndVerifyTitleTravelInformation" time="3.566" classname="com.ghana.app.qa.testcases.ConsulatePageTest"/>
  <testcase name="clickOnBackButtonAndVerifyTitleAddressInformation" time="3.585" classname="com.ghana.app.qa.testcases.ConsulatePageTest"/>
  <testcase name="clickOnBackButtonAndVerifyTitleApplicantInformation" time="3.570" classname="com.ghana.app.qa.testcases.ConsulatePageTest"/>
  <testcase name="clickOnInterviewScheduleAndcancel" time="9.599" classname="com.ghana.app.qa.testcases.ConsulatePageTest"/>
  <testcase name="clickOnInterviewScheduleAndClose" time="9.277" classname="com.ghana.app.qa.testcases.ConsulatePageTest"/>
  <testcase name="passDateAndTimeInFiled" time="24.300" classname="com.ghana.app.qa.testcases.ConsulatePageTest"/>
  <testcase name="getTextFromApplicantInformation" time="3.666" classname="com.ghana.app.qa.testcases.ConsulatePageTest"/>
  <testcase name="getTextFromAddressInformation" time="4.553" classname="com.ghana.app.qa.testcases.ConsulatePageTest"/>
  <testcase name="getTextFromTravelInformation" time="0.823" classname="com.ghana.app.qa.testcases.ConsulatePageTest"/>
</testsuite> <!-- com.ghana.app.qa.testcases.ConsulatePageTest -->
