<?xml version="1.0" encoding="UTF-8"?>
<!-- Generated by org.testng.reporters.JUnitReportReporter -->
<testsuite skipped="29" hostname="RahulKaelsMini2" name="com.ghana.app.qa.testcases.ConsulatePageTest" tests="30" failures="0" timestamp="14 Mar 2019 07:10:28 GMT" time="15.563" errors="1">
  <testcase name="loginIntoConsulate" time="0.000" classname="com.ghana.app.qa.testcases.ConsulatePageTest">
    <skipped/>
  </testcase> <!-- loginIntoConsulate -->
  <testcase name="setUp" time="15.563" classname="com.ghana.app.qa.testcases.ConsulatePageTest">
    <error type="org.openqa.selenium.SessionNotCreatedException" message="session not created: This version of ChromeDriver only supports Chrome version 74
  (Driver info: chromedriver=74.0.3729.6 (255758eccf3d244491b8a1317aa76e1ce10d57e9-refs/branch-heads/3729@{#29}),platform=Mac OS X 10.11.6 x86_64) (WARNING: The server did not provide any stacktrace information)
Command duration or timeout: 9.40 seconds
Build info: version: &#039;3.141.59&#039;, revision: &#039;e82be7d358&#039;, time: &#039;2018-11-14T08:17:03&#039;
System info: host: &#039;RahulKaelsMini2&#039;, ip: &#039;192.168.1.33&#039;, os.name: &#039;Mac OS X&#039;, os.arch: &#039;x86_64&#039;, os.version: &#039;10.11.6&#039;, java.version: &#039;1.8.0_162&#039;
Driver info: driver.version: ChromeDriver">
      <![CDATA[org.openqa.selenium.SessionNotCreatedException: session not created: This version of ChromeDriver only supports Chrome version 74
  (Driver info: chromedriver=74.0.3729.6 (255758eccf3d244491b8a1317aa76e1ce10d57e9-refs/branch-heads/3729@{#29}),platform=Mac OS X 10.11.6 x86_64) (WARNING: The server did not provide any stacktrace information)
Command duration or timeout: 9.40 seconds
Build info: version: '3.141.59', revision: 'e82be7d358', time: '2018-11-14T08:17:03'
System info: host: 'RahulKaelsMini2', ip: '192.168.1.33', os.name: 'Mac OS X', os.arch: 'x86_64', os.version: '10.11.6', java.version: '1.8.0_162'
Driver info: driver.version: ChromeDriver
at sun.reflect.NativeConstructorAccessorImpl.newInstance0(Native Method)
at sun.reflect.NativeConstructorAccessorImpl.newInstance(NativeConstructorAccessorImpl.java:62)
at sun.reflect.DelegatingConstructorAccessorImpl.newInstance(DelegatingConstructorAccessorImpl.java:45)
at java.lang.reflect.Constructor.newInstance(Constructor.java:423)
at org.openqa.selenium.remote.ErrorHandler.createThrowable(ErrorHandler.java:214)
at org.openqa.selenium.remote.ErrorHandler.throwIfResponseFailed(ErrorHandler.java:166)
at org.openqa.selenium.remote.JsonWireProtocolResponse.lambda$errorHandler$0(JsonWireProtocolResponse.java:54)
at org.openqa.selenium.remote.HandshakeResponse.lambda$getResponseFunction$0(HandshakeResponse.java:30)
at org.openqa.selenium.remote.ProtocolHandshake.lambda$createSession$0(ProtocolHandshake.java:126)
at java.util.stream.ReferencePipeline$3$1.accept(ReferencePipeline.java:193)
at java.util.Spliterators$ArraySpliterator.tryAdvance(Spliterators.java:958)
at java.util.stream.ReferencePipeline.forEachWithCancel(ReferencePipeline.java:126)
at java.util.stream.AbstractPipeline.copyIntoWithCancel(AbstractPipeline.java:498)
at java.util.stream.AbstractPipeline.copyInto(AbstractPipeline.java:485)
at java.util.stream.AbstractPipeline.wrapAndCopyInto(AbstractPipeline.java:471)
at java.util.stream.FindOps$FindOp.evaluateSequential(FindOps.java:152)
at java.util.stream.AbstractPipeline.evaluate(AbstractPipeline.java:234)
at java.util.stream.ReferencePipeline.findFirst(ReferencePipeline.java:464)
at org.openqa.selenium.remote.ProtocolHandshake.createSession(ProtocolHandshake.java:128)
at org.openqa.selenium.remote.ProtocolHandshake.createSession(ProtocolHandshake.java:74)
at org.openqa.selenium.remote.HttpCommandExecutor.execute(HttpCommandExecutor.java:136)
at org.openqa.selenium.remote.service.DriverCommandExecutor.execute(DriverCommandExecutor.java:83)
at org.openqa.selenium.remote.RemoteWebDriver.execute(RemoteWebDriver.java:552)
at org.openqa.selenium.remote.RemoteWebDriver.startSession(RemoteWebDriver.java:213)
at org.openqa.selenium.remote.RemoteWebDriver.<init>(RemoteWebDriver.java:131)
at org.openqa.selenium.chrome.ChromeDriver.<init>(ChromeDriver.java:181)
at org.openqa.selenium.chrome.ChromeDriver.<init>(ChromeDriver.java:168)
at org.openqa.selenium.chrome.ChromeDriver.<init>(ChromeDriver.java:123)
at com.ghana.app.qa.base.TestBase.initialization(TestBase.java:111)
at com.ghana.app.qa.base.DriverInit.setUp(DriverInit.java:60)
at sun.reflect.NativeMethodAccessorImpl.invoke0(Native Method)
at sun.reflect.NativeMethodAccessorImpl.invoke(NativeMethodAccessorImpl.java:62)
at sun.reflect.DelegatingMethodAccessorImpl.invoke(DelegatingMethodAccessorImpl.java:43)
at java.lang.reflect.Method.invoke(Method.java:498)
at org.testng.internal.MethodInvocationHelper.invokeMethod(MethodInvocationHelper.java:124)
at org.testng.internal.MethodInvocationHelper.invokeMethodConsideringTimeout(MethodInvocationHelper.java:59)
at org.testng.internal.Invoker.invokeConfigurationMethod(Invoker.java:458)
at org.testng.internal.Invoker.invokeConfigurations(Invoker.java:222)
at org.testng.internal.Invoker.invokeConfigurations(Invoker.java:142)
at org.testng.internal.TestMethodWorker.invokeBeforeClassMethods(TestMethodWorker.java:168)
at org.testng.internal.TestMethodWorker.run(TestMethodWorker.java:105)
at org.testng.TestRunner.privateRun(TestRunner.java:648)
at org.testng.TestRunner.run(TestRunner.java:505)
at org.testng.SuiteRunner.runTest(SuiteRunner.java:455)
at org.testng.SuiteRunner.runSequentially(SuiteRunner.java:450)
at org.testng.SuiteRunner.privateRun(SuiteRunner.java:415)
at org.testng.SuiteRunner.run(SuiteRunner.java:364)
at org.testng.SuiteRunnerWorker.runSuite(SuiteRunnerWorker.java:52)
at org.testng.SuiteRunnerWorker.run(SuiteRunnerWorker.java:84)
at org.testng.TestNG.runSuitesSequentially(TestNG.java:1208)
at org.testng.TestNG.runSuitesLocally(TestNG.java:1137)
at org.testng.TestNG.runSuites(TestNG.java:1049)
at org.testng.TestNG.run(TestNG.java:1017)
at org.testng.remote.AbstractRemoteTestNG.run(AbstractRemoteTestNG.java:114)
at org.testng.remote.RemoteTestNG.initAndRun(RemoteTestNG.java:251)
at org.testng.remote.RemoteTestNG.main(RemoteTestNG.java:77)
]]>
    </error>
  </testcase> <!-- setUp -->
  <testcase name="verifyTitleOfConsulateTitle" time="0.000" classname="com.ghana.app.qa.testcases.ConsulatePageTest">
    <skipped/>
  </testcase> <!-- verifyTitleOfConsulateTitle -->
  <testcase name="clickOnNewApplication" time="0.000" classname="com.ghana.app.qa.testcases.ConsulatePageTest">
    <skipped/>
  </testcase> <!-- clickOnNewApplication -->
  <testcase name="verfiyTitleOfCNAddressInfoPage" time="0.000" classname="com.ghana.app.qa.testcases.ConsulatePageTest">
    <skipped/>
  </testcase> <!-- verfiyTitleOfCNAddressInfoPage -->
  <testcase name="verfiyTitleOfCNTravelInfoPage" time="0.000" classname="com.ghana.app.qa.testcases.ConsulatePageTest">
    <skipped/>
  </testcase> <!-- verfiyTitleOfCNTravelInfoPage -->
  <testcase name="verfiyTitleOfCNDocumentVerificatonPage" time="0.000" classname="com.ghana.app.qa.testcases.ConsulatePageTest">
    <skipped/>
  </testcase> <!-- verfiyTitleOfCNDocumentVerificatonPage -->
  <testcase name="passComment" time="0.000" classname="com.ghana.app.qa.testcases.ConsulatePageTest">
    <skipped/>
  </testcase> <!-- passComment -->
  <testcase name="clickOnConfirmedAirTicketWindowClose" time="0.000" classname="com.ghana.app.qa.testcases.ConsulatePageTest">
    <skipped/>
  </testcase> <!-- clickOnConfirmedAirTicketWindowClose -->
  <testcase name="clickOnConfirmedAirTicketWindow" time="0.000" classname="com.ghana.app.qa.testcases.ConsulatePageTest">
    <skipped/>
  </testcase> <!-- clickOnConfirmedAirTicketWindow -->
  <testcase name="clickOnOnPhotoClose" time="0.000" classname="com.ghana.app.qa.testcases.ConsulatePageTest">
    <skipped/>
  </testcase> <!-- clickOnOnPhotoClose -->
  <testcase name="clickOnOnPhoto" time="0.000" classname="com.ghana.app.qa.testcases.ConsulatePageTest">
    <skipped/>
  </testcase> <!-- clickOnOnPhoto -->
  <testcase name="clickOnYellowFevervaccinationClose" time="0.000" classname="com.ghana.app.qa.testcases.ConsulatePageTest">
    <skipped/>
  </testcase> <!-- clickOnYellowFevervaccinationClose -->
  <testcase name="clickOnYellowFevervaccination" time="0.000" classname="com.ghana.app.qa.testcases.ConsulatePageTest">
    <skipped/>
  </testcase> <!-- clickOnYellowFevervaccination -->
  <testcase name="clickOnCoveringLetterClose" time="0.000" classname="com.ghana.app.qa.testcases.ConsulatePageTest">
    <skipped/>
  </testcase> <!-- clickOnCoveringLetterClose -->
  <testcase name="clickOnCoveringLetter" time="0.000" classname="com.ghana.app.qa.testcases.ConsulatePageTest">
    <skipped/>
  </testcase> <!-- clickOnCoveringLetter -->
  <testcase name="clickOnPhotoOfDraftClose" time="0.000" classname="com.ghana.app.qa.testcases.ConsulatePageTest">
    <skipped/>
  </testcase> <!-- clickOnPhotoOfDraftClose -->
  <testcase name="clickOnPhotoOfDraft" time="0.000" classname="com.ghana.app.qa.testcases.ConsulatePageTest">
    <skipped/>
  </testcase> <!-- clickOnPhotoOfDraft -->
  <testcase name="clickOnIdProofReferenceClose" time="0.000" classname="com.ghana.app.qa.testcases.ConsulatePageTest">
    <skipped/>
  </testcase> <!-- clickOnIdProofReferenceClose -->
  <testcase name="clickOnIdProofReference" time="0.000" classname="com.ghana.app.qa.testcases.ConsulatePageTest">
    <skipped/>
  </testcase> <!-- clickOnIdProofReference -->
  <testcase name="clickOnOriginalInvitationLetterClose" time="0.000" classname="com.ghana.app.qa.testcases.ConsulatePageTest">
    <skipped/>
  </testcase> <!-- clickOnOriginalInvitationLetterClose -->
  <testcase name="clickOnOriginalInvitationLetter" time="0.000" classname="com.ghana.app.qa.testcases.ConsulatePageTest">
    <skipped/>
  </testcase> <!-- clickOnOriginalInvitationLetter -->
  <testcase name="clickOnProofOfTransitVisaClose" time="0.000" classname="com.ghana.app.qa.testcases.ConsulatePageTest">
    <skipped/>
  </testcase> <!-- clickOnProofOfTransitVisaClose -->
  <testcase name="clickOnProofOfTransitVisa" time="0.000" classname="com.ghana.app.qa.testcases.ConsulatePageTest">
    <skipped/>
  </testcase> <!-- clickOnProofOfTransitVisa -->
  <testcase name="clickOnApplicantInfor" time="0.000" classname="com.ghana.app.qa.testcases.ConsulatePageTest">
    <skipped/>
  </testcase> <!-- clickOnApplicantInfor -->
  <testcase name="clickOnNextButtonAndVerifyTitleAddressInformation" time="0.000" classname="com.ghana.app.qa.testcases.ConsulatePageTest">
    <skipped/>
  </testcase> <!-- clickOnNextButtonAndVerifyTitleAddressInformation -->
  <testcase name="clickOnNextButtonAndVerifyTitleTravelInformation" time="0.000" classname="com.ghana.app.qa.testcases.ConsulatePageTest">
    <skipped/>
  </testcase> <!-- clickOnNextButtonAndVerifyTitleTravelInformation -->
  <testcase name="clickOnNextButtonAndVerifyTitleDocumentVerification" time="0.000" classname="com.ghana.app.qa.testcases.ConsulatePageTest">
    <skipped/>
  </testcase> <!-- clickOnNextButtonAndVerifyTitleDocumentVerification -->
  <testcase name="selectAllCheckBoxAndVerify" time="0.000" classname="com.ghana.app.qa.testcases.ConsulatePageTest">
    <skipped/>
  </testcase> <!-- selectAllCheckBoxAndVerify -->
  <testcase name="selectOneByOneCheckBoxAndVerify" time="0.000" classname="com.ghana.app.qa.testcases.ConsulatePageTest">
    <skipped/>
  </testcase> <!-- selectOneByOneCheckBoxAndVerify -->
</testsuite> <!-- com.ghana.app.qa.testcases.ConsulatePageTest -->
