<?xml version="1.0" encoding="UTF-8"?>
<!-- Generated by org.testng.reporters.JUnitReportReporter -->
<testsuite skipped="0" hostname="namet5" name="com.ghana.app.qa.testcases.VisaStatusPageTest" tests="2" failures="0" timestamp="18 May 2019 10:42:37 GMT" time="2.016" errors="0">
  <testcase name="verifyVisastatusTab" time="0.671" classname="com.ghana.app.qa.testcases.VisaStatusPageTest"/>
  <testcase name="verifyVisastatuswithValidData" time="1.345" classname="com.ghana.app.qa.testcases.VisaStatusPageTest"/>
</testsuite> <!-- com.ghana.app.qa.testcases.VisaStatusPageTest -->
